server/analytics.ts(132,52): error TS2551: Property 'endDate' does not exist on type 'PgTableWithColumns<{ name: "trips"; schema: undefined; columns: { id: PgColumn<{ name: "id"; tableName: "trips"; dataType: "number"; columnType: "PgSerial"; data: number; driverParam: number; notNull: true; hasDefault: true; ... 6 more ...; generated: undefined; }, {}, {}>; ... 25 more ...; updated_at: PgColumn<...>...'. Did you mean 'end_date'?
server/analytics.ts(132,71): error TS2551: Property 'startDate' does not exist on type 'PgTableWithColumns<{ name: "trips"; schema: undefined; columns: { id: PgColumn<{ name: "id"; tableName: "trips"; dataType: "number"; columnType: "PgSerial"; data: number; driverParam: number; notNull: true; hasDefault: true; ... 6 more ...; generated: undefined; }, {}, {}>; ... 25 more ...; updated_at: PgColumn<...>...'. Did you mean 'start_date'?
server/analytics.ts(182,40): error TS2551: Property 'endDate' does not exist on type 'PgTableWithColumns<{ name: "trips"; schema: undefined; columns: { id: PgColumn<{ name: "id"; tableName: "trips"; dataType: "number"; columnType: "PgSerial"; data: number; driverParam: number; notNull: true; hasDefault: true; ... 6 more ...; generated: undefined; }, {}, {}>; ... 25 more ...; updated_at: PgColumn<...>...'. Did you mean 'end_date'?
server/analytics.ts(182,59): error TS2551: Property 'startDate' does not exist on type 'PgTableWithColumns<{ name: "trips"; schema: undefined; columns: { id: PgColumn<{ name: "id"; tableName: "trips"; dataType: "number"; columnType: "PgSerial"; data: number; driverParam: number; notNull: true; hasDefault: true; ... 6 more ...; generated: undefined; }, {}, {}>; ... 25 more ...; updated_at: PgColumn<...>...'. Did you mean 'start_date'?
server/analytics.ts(183,40): error TS2551: Property 'endDate' does not exist on type 'PgTableWithColumns<{ name: "trips"; schema: undefined; columns: { id: PgColumn<{ name: "id"; tableName: "trips"; dataType: "number"; columnType: "PgSerial"; data: number; driverParam: number; notNull: true; hasDefault: true; ... 6 more ...; generated: undefined; }, {}, {}>; ... 25 more ...; updated_at: PgColumn<...>...'. Did you mean 'end_date'?
server/analytics.ts(183,59): error TS2551: Property 'startDate' does not exist on type 'PgTableWithColumns<{ name: "trips"; schema: undefined; columns: { id: PgColumn<{ name: "id"; tableName: "trips"; dataType: "number"; columnType: "PgSerial"; data: number; driverParam: number; notNull: true; hasDefault: true; ... 6 more ...; generated: undefined; }, {}, {}>; ... 25 more ...; updated_at: PgColumn<...>...'. Did you mean 'start_date'?
server/analytics.ts(184,40): error TS2551: Property 'endDate' does not exist on type 'PgTableWithColumns<{ name: "trips"; schema: undefined; columns: { id: PgColumn<{ name: "id"; tableName: "trips"; dataType: "number"; columnType: "PgSerial"; data: number; driverParam: number; notNull: true; hasDefault: true; ... 6 more ...; generated: undefined; }, {}, {}>; ... 25 more ...; updated_at: PgColumn<...>...'. Did you mean 'end_date'?
server/analytics.ts(184,59): error TS2551: Property 'startDate' does not exist on type 'PgTableWithColumns<{ name: "trips"; schema: undefined; columns: { id: PgColumn<{ name: "id"; tableName: "trips"; dataType: "number"; columnType: "PgSerial"; data: number; driverParam: number; notNull: true; hasDefault: true; ... 6 more ...; generated: undefined; }, {}, {}>; ... 25 more ...; updated_at: PgColumn<...>...'. Did you mean 'start_date'?
server/analytics.ts(190,45): error TS2551: Property 'startDate' does not exist on type 'PgTableWithColumns<{ name: "trips"; schema: undefined; columns: { id: PgColumn<{ name: "id"; tableName: "trips"; dataType: "number"; columnType: "PgSerial"; data: number; driverParam: number; notNull: true; hasDefault: true; ... 6 more ...; generated: undefined; }, {}, {}>; ... 25 more ...; updated_at: PgColumn<...>...'. Did you mean 'start_date'?
server/analytics.ts(190,80): error TS2551: Property 'endDate' does not exist on type 'PgTableWithColumns<{ name: "trips"; schema: undefined; columns: { id: PgColumn<{ name: "id"; tableName: "trips"; dataType: "number"; columnType: "PgSerial"; data: number; driverParam: number; notNull: true; hasDefault: true; ... 6 more ...; generated: undefined; }, {}, {}>; ... 25 more ...; updated_at: PgColumn<...>...'. Did you mean 'end_date'?
server/analytics.ts(192,38): error TS2551: Property 'endDate' does not exist on type 'PgTableWithColumns<{ name: "trips"; schema: undefined; columns: { id: PgColumn<{ name: "id"; tableName: "trips"; dataType: "number"; columnType: "PgSerial"; data: number; driverParam: number; notNull: true; hasDefault: true; ... 6 more ...; generated: undefined; }, {}, {}>; ... 25 more ...; updated_at: PgColumn<...>...'. Did you mean 'end_date'?
server/analytics.ts(192,57): error TS2551: Property 'startDate' does not exist on type 'PgTableWithColumns<{ name: "trips"; schema: undefined; columns: { id: PgColumn<{ name: "id"; tableName: "trips"; dataType: "number"; columnType: "PgSerial"; data: number; driverParam: number; notNull: true; hasDefault: true; ... 6 more ...; generated: undefined; }, {}, {}>; ... 25 more ...; updated_at: PgColumn<...>...'. Did you mean 'start_date'?
server/analytics.ts(193,38): error TS2551: Property 'endDate' does not exist on type 'PgTableWithColumns<{ name: "trips"; schema: undefined; columns: { id: PgColumn<{ name: "id"; tableName: "trips"; dataType: "number"; columnType: "PgSerial"; data: number; driverParam: number; notNull: true; hasDefault: true; ... 6 more ...; generated: undefined; }, {}, {}>; ... 25 more ...; updated_at: PgColumn<...>...'. Did you mean 'end_date'?
server/analytics.ts(193,57): error TS2551: Property 'startDate' does not exist on type 'PgTableWithColumns<{ name: "trips"; schema: undefined; columns: { id: PgColumn<{ name: "id"; tableName: "trips"; dataType: "number"; columnType: "PgSerial"; data: number; driverParam: number; notNull: true; hasDefault: true; ... 6 more ...; generated: undefined; }, {}, {}>; ... 25 more ...; updated_at: PgColumn<...>...'. Did you mean 'start_date'?
server/analytics.ts(194,38): error TS2551: Property 'endDate' does not exist on type 'PgTableWithColumns<{ name: "trips"; schema: undefined; columns: { id: PgColumn<{ name: "id"; tableName: "trips"; dataType: "number"; columnType: "PgSerial"; data: number; driverParam: number; notNull: true; hasDefault: true; ... 6 more ...; generated: undefined; }, {}, {}>; ... 25 more ...; updated_at: PgColumn<...>...'. Did you mean 'end_date'?
server/analytics.ts(194,57): error TS2551: Property 'startDate' does not exist on type 'PgTableWithColumns<{ name: "trips"; schema: undefined; columns: { id: PgColumn<{ name: "id"; tableName: "trips"; dataType: "number"; columnType: "PgSerial"; data: number; driverParam: number; notNull: true; hasDefault: true; ... 6 more ...; generated: undefined; }, {}, {}>; ... 25 more ...; updated_at: PgColumn<...>...'. Did you mean 'start_date'?
server/analytics.ts(263,20): error TS7053: Element implicitly has an 'any' type because expression of type '0' can't be used to index type '{ count: number; }'.
  Property '0' does not exist on type '{ count: number; }'.
server/analytics.ts(266,20): error TS7053: Element implicitly has an 'any' type because expression of type '0' can't be used to index type '{ count: number; }'.
  Property '0' does not exist on type '{ count: number; }'.
server/analytics.ts(274,59): error TS2551: Property 'createdAt' does not exist on type 'PgTableWithColumns<{ name: "trips"; schema: undefined; columns: { id: PgColumn<{ name: "id"; tableName: "trips"; dataType: "number"; columnType: "PgSerial"; data: number; driverParam: number; notNull: true; hasDefault: true; ... 6 more ...; generated: undefined; }, {}, {}>; ... 25 more ...; updated_at: PgColumn<...>...'. Did you mean 'created_at'?
server/analytics.ts(287,44): error TS2551: Property 'createdAt' does not exist on type 'PgTableWithColumns<{ name: "trips"; schema: undefined; columns: { id: PgColumn<{ name: "id"; tableName: "trips"; dataType: "number"; columnType: "PgSerial"; data: number; driverParam: number; notNull: true; hasDefault: true; ... 6 more ...; generated: undefined; }, {}, {}>; ... 25 more ...; updated_at: PgColumn<...>...'. Did you mean 'created_at'?
server/analytics.ts(291,45): error TS2551: Property 'createdAt' does not exist on type 'PgTableWithColumns<{ name: "trips"; schema: undefined; columns: { id: PgColumn<{ name: "id"; tableName: "trips"; dataType: "number"; columnType: "PgSerial"; data: number; driverParam: number; notNull: true; hasDefault: true; ... 6 more ...; generated: undefined; }, {}, {}>; ... 25 more ...; updated_at: PgColumn<...>...'. Did you mean 'created_at'?
server/analytics.ts(292,45): error TS2551: Property 'createdAt' does not exist on type 'PgTableWithColumns<{ name: "trips"; schema: undefined; columns: { id: PgColumn<{ name: "id"; tableName: "trips"; dataType: "number"; columnType: "PgSerial"; data: number; driverParam: number; notNull: true; hasDefault: true; ... 6 more ...; generated: undefined; }, {}, {}>; ... 25 more ...; updated_at: PgColumn<...>...'. Did you mean 'created_at'?
server/analytics.ts(293,45): error TS2551: Property 'createdAt' does not exist on type 'PgTableWithColumns<{ name: "trips"; schema: undefined; columns: { id: PgColumn<{ name: "id"; tableName: "trips"; dataType: "number"; columnType: "PgSerial"; data: number; driverParam: number; notNull: true; hasDefault: true; ... 6 more ...; generated: undefined; }, {}, {}>; ... 25 more ...; updated_at: PgColumn<...>...'. Did you mean 'created_at'?
server/analytics.ts(330,35): error TS7053: Element implicitly has an 'any' type because expression of type '0' can't be used to index type '{ count: number; }'.
  Property '0' does not exist on type '{ count: number; }'.
server/analytics.ts(349,52): error TS2551: Property 'endDate' does not exist on type 'PgTableWithColumns<{ name: "trips"; schema: undefined; columns: { id: PgColumn<{ name: "id"; tableName: "trips"; dataType: "number"; columnType: "PgSerial"; data: number; driverParam: number; notNull: true; hasDefault: true; ... 6 more ...; generated: undefined; }, {}, {}>; ... 25 more ...; updated_at: PgColumn<...>...'. Did you mean 'end_date'?
server/analytics.ts(349,71): error TS2551: Property 'startDate' does not exist on type 'PgTableWithColumns<{ name: "trips"; schema: undefined; columns: { id: PgColumn<{ name: "id"; tableName: "trips"; dataType: "number"; columnType: "PgSerial"; data: number; driverParam: number; notNull: true; hasDefault: true; ... 6 more ...; generated: undefined; }, {}, {}>; ... 25 more ...; updated_at: PgColumn<...>...'. Did you mean 'start_date'?
server/analytics.ts(391,40): error TS2551: Property 'endDate' does not exist on type 'PgTableWithColumns<{ name: "trips"; schema: undefined; columns: { id: PgColumn<{ name: "id"; tableName: "trips"; dataType: "number"; columnType: "PgSerial"; data: number; driverParam: number; notNull: true; hasDefault: true; ... 6 more ...; generated: undefined; }, {}, {}>; ... 25 more ...; updated_at: PgColumn<...>...'. Did you mean 'end_date'?
server/analytics.ts(391,59): error TS2551: Property 'startDate' does not exist on type 'PgTableWithColumns<{ name: "trips"; schema: undefined; columns: { id: PgColumn<{ name: "id"; tableName: "trips"; dataType: "number"; columnType: "PgSerial"; data: number; driverParam: number; notNull: true; hasDefault: true; ... 6 more ...; generated: undefined; }, {}, {}>; ... 25 more ...; updated_at: PgColumn<...>...'. Did you mean 'start_date'?
server/analytics.ts(392,40): error TS2551: Property 'endDate' does not exist on type 'PgTableWithColumns<{ name: "trips"; schema: undefined; columns: { id: PgColumn<{ name: "id"; tableName: "trips"; dataType: "number"; columnType: "PgSerial"; data: number; driverParam: number; notNull: true; hasDefault: true; ... 6 more ...; generated: undefined; }, {}, {}>; ... 25 more ...; updated_at: PgColumn<...>...'. Did you mean 'end_date'?
server/analytics.ts(392,59): error TS2551: Property 'startDate' does not exist on type 'PgTableWithColumns<{ name: "trips"; schema: undefined; columns: { id: PgColumn<{ name: "id"; tableName: "trips"; dataType: "number"; columnType: "PgSerial"; data: number; driverParam: number; notNull: true; hasDefault: true; ... 6 more ...; generated: undefined; }, {}, {}>; ... 25 more ...; updated_at: PgColumn<...>...'. Did you mean 'start_date'?
server/analytics.ts(393,40): error TS2551: Property 'endDate' does not exist on type 'PgTableWithColumns<{ name: "trips"; schema: undefined; columns: { id: PgColumn<{ name: "id"; tableName: "trips"; dataType: "number"; columnType: "PgSerial"; data: number; driverParam: number; notNull: true; hasDefault: true; ... 6 more ...; generated: undefined; }, {}, {}>; ... 25 more ...; updated_at: PgColumn<...>...'. Did you mean 'end_date'?
server/analytics.ts(393,59): error TS2551: Property 'startDate' does not exist on type 'PgTableWithColumns<{ name: "trips"; schema: undefined; columns: { id: PgColumn<{ name: "id"; tableName: "trips"; dataType: "number"; columnType: "PgSerial"; data: number; driverParam: number; notNull: true; hasDefault: true; ... 6 more ...; generated: undefined; }, {}, {}>; ... 25 more ...; updated_at: PgColumn<...>...'. Did you mean 'start_date'?
server/analytics.ts(401,38): error TS2551: Property 'endDate' does not exist on type 'PgTableWithColumns<{ name: "trips"; schema: undefined; columns: { id: PgColumn<{ name: "id"; tableName: "trips"; dataType: "number"; columnType: "PgSerial"; data: number; driverParam: number; notNull: true; hasDefault: true; ... 6 more ...; generated: undefined; }, {}, {}>; ... 25 more ...; updated_at: PgColumn<...>...'. Did you mean 'end_date'?
server/analytics.ts(401,57): error TS2551: Property 'startDate' does not exist on type 'PgTableWithColumns<{ name: "trips"; schema: undefined; columns: { id: PgColumn<{ name: "id"; tableName: "trips"; dataType: "number"; columnType: "PgSerial"; data: number; driverParam: number; notNull: true; hasDefault: true; ... 6 more ...; generated: undefined; }, {}, {}>; ... 25 more ...; updated_at: PgColumn<...>...'. Did you mean 'start_date'?
server/analytics.ts(402,38): error TS2551: Property 'endDate' does not exist on type 'PgTableWithColumns<{ name: "trips"; schema: undefined; columns: { id: PgColumn<{ name: "id"; tableName: "trips"; dataType: "number"; columnType: "PgSerial"; data: number; driverParam: number; notNull: true; hasDefault: true; ... 6 more ...; generated: undefined; }, {}, {}>; ... 25 more ...; updated_at: PgColumn<...>...'. Did you mean 'end_date'?
server/analytics.ts(402,57): error TS2551: Property 'startDate' does not exist on type 'PgTableWithColumns<{ name: "trips"; schema: undefined; columns: { id: PgColumn<{ name: "id"; tableName: "trips"; dataType: "number"; columnType: "PgSerial"; data: number; driverParam: number; notNull: true; hasDefault: true; ... 6 more ...; generated: undefined; }, {}, {}>; ... 25 more ...; updated_at: PgColumn<...>...'. Did you mean 'start_date'?
server/analytics.ts(403,38): error TS2551: Property 'endDate' does not exist on type 'PgTableWithColumns<{ name: "trips"; schema: undefined; columns: { id: PgColumn<{ name: "id"; tableName: "trips"; dataType: "number"; columnType: "PgSerial"; data: number; driverParam: number; notNull: true; hasDefault: true; ... 6 more ...; generated: undefined; }, {}, {}>; ... 25 more ...; updated_at: PgColumn<...>...'. Did you mean 'end_date'?
server/analytics.ts(403,57): error TS2551: Property 'startDate' does not exist on type 'PgTableWithColumns<{ name: "trips"; schema: undefined; columns: { id: PgColumn<{ name: "id"; tableName: "trips"; dataType: "number"; columnType: "PgSerial"; data: number; driverParam: number; notNull: true; hasDefault: true; ... 6 more ...; generated: undefined; }, {}, {}>; ... 25 more ...; updated_at: PgColumn<...>...'. Did you mean 'start_date'?
server/analytics.ts(499,38): error TS2551: Property 'createdAt' does not exist on type 'PgTableWithColumns<{ name: "trips"; schema: undefined; columns: { id: PgColumn<{ name: "id"; tableName: "trips"; dataType: "number"; columnType: "PgSerial"; data: number; driverParam: number; notNull: true; hasDefault: true; ... 6 more ...; generated: undefined; }, {}, {}>; ... 25 more ...; updated_at: PgColumn<...>...'. Did you mean 'created_at'?
server/analytics.ts(515,44): error TS2551: Property 'createdAt' does not exist on type 'PgTableWithColumns<{ name: "trips"; schema: undefined; columns: { id: PgColumn<{ name: "id"; tableName: "trips"; dataType: "number"; columnType: "PgSerial"; data: number; driverParam: number; notNull: true; hasDefault: true; ... 6 more ...; generated: undefined; }, {}, {}>; ... 25 more ...; updated_at: PgColumn<...>...'. Did you mean 'created_at'?
server/analytics.ts(519,24): error TS2551: Property 'createdAt' does not exist on type 'PgTableWithColumns<{ name: "trips"; schema: undefined; columns: { id: PgColumn<{ name: "id"; tableName: "trips"; dataType: "number"; columnType: "PgSerial"; data: number; driverParam: number; notNull: true; hasDefault: true; ... 6 more ...; generated: undefined; }, {}, {}>; ... 25 more ...; updated_at: PgColumn<...>...'. Did you mean 'created_at'?
server/analytics.ts(520,45): error TS2551: Property 'createdAt' does not exist on type 'PgTableWithColumns<{ name: "trips"; schema: undefined; columns: { id: PgColumn<{ name: "id"; tableName: "trips"; dataType: "number"; columnType: "PgSerial"; data: number; driverParam: number; notNull: true; hasDefault: true; ... 6 more ...; generated: undefined; }, {}, {}>; ... 25 more ...; updated_at: PgColumn<...>...'. Did you mean 'created_at'?
server/analytics.ts(521,45): error TS2551: Property 'createdAt' does not exist on type 'PgTableWithColumns<{ name: "trips"; schema: undefined; columns: { id: PgColumn<{ name: "id"; tableName: "trips"; dataType: "number"; columnType: "PgSerial"; data: number; driverParam: number; notNull: true; hasDefault: true; ... 6 more ...; generated: undefined; }, {}, {}>; ... 25 more ...; updated_at: PgColumn<...>...'. Did you mean 'created_at'?
server/analytics.ts(692,24): error TS7053: Element implicitly has an 'any' type because expression of type '0' can't be used to index type '{ count: number; }'.
  Property '0' does not exist on type '{ count: number; }'.
server/analytics.ts(704,40): error TS2551: Property 'endDate' does not exist on type 'PgTableWithColumns<{ name: "trips"; schema: undefined; columns: { id: PgColumn<{ name: "id"; tableName: "trips"; dataType: "number"; columnType: "PgSerial"; data: number; driverParam: number; notNull: true; hasDefault: true; ... 6 more ...; generated: undefined; }, {}, {}>; ... 25 more ...; updated_at: PgColumn<...>...'. Did you mean 'end_date'?
server/analytics.ts(704,59): error TS2551: Property 'startDate' does not exist on type 'PgTableWithColumns<{ name: "trips"; schema: undefined; columns: { id: PgColumn<{ name: "id"; tableName: "trips"; dataType: "number"; columnType: "PgSerial"; data: number; driverParam: number; notNull: true; hasDefault: true; ... 6 more ...; generated: undefined; }, {}, {}>; ... 25 more ...; updated_at: PgColumn<...>...'. Did you mean 'start_date'?
server/analytics.ts(705,40): error TS2551: Property 'endDate' does not exist on type 'PgTableWithColumns<{ name: "trips"; schema: undefined; columns: { id: PgColumn<{ name: "id"; tableName: "trips"; dataType: "number"; columnType: "PgSerial"; data: number; driverParam: number; notNull: true; hasDefault: true; ... 6 more ...; generated: undefined; }, {}, {}>; ... 25 more ...; updated_at: PgColumn<...>...'. Did you mean 'end_date'?
server/analytics.ts(705,59): error TS2551: Property 'startDate' does not exist on type 'PgTableWithColumns<{ name: "trips"; schema: undefined; columns: { id: PgColumn<{ name: "id"; tableName: "trips"; dataType: "number"; columnType: "PgSerial"; data: number; driverParam: number; notNull: true; hasDefault: true; ... 6 more ...; generated: undefined; }, {}, {}>; ... 25 more ...; updated_at: PgColumn<...>...'. Did you mean 'start_date'?
server/analytics.ts(706,40): error TS2551: Property 'endDate' does not exist on type 'PgTableWithColumns<{ name: "trips"; schema: undefined; columns: { id: PgColumn<{ name: "id"; tableName: "trips"; dataType: "number"; columnType: "PgSerial"; data: number; driverParam: number; notNull: true; hasDefault: true; ... 6 more ...; generated: undefined; }, {}, {}>; ... 25 more ...; updated_at: PgColumn<...>...'. Did you mean 'end_date'?
server/analytics.ts(706,59): error TS2551: Property 'startDate' does not exist on type 'PgTableWithColumns<{ name: "trips"; schema: undefined; columns: { id: PgColumn<{ name: "id"; tableName: "trips"; dataType: "number"; columnType: "PgSerial"; data: number; driverParam: number; notNull: true; hasDefault: true; ... 6 more ...; generated: undefined; }, {}, {}>; ... 25 more ...; updated_at: PgColumn<...>...'. Did you mean 'start_date'?
server/analytics.ts(714,38): error TS2551: Property 'endDate' does not exist on type 'PgTableWithColumns<{ name: "trips"; schema: undefined; columns: { id: PgColumn<{ name: "id"; tableName: "trips"; dataType: "number"; columnType: "PgSerial"; data: number; driverParam: number; notNull: true; hasDefault: true; ... 6 more ...; generated: undefined; }, {}, {}>; ... 25 more ...; updated_at: PgColumn<...>...'. Did you mean 'end_date'?
server/analytics.ts(714,57): error TS2551: Property 'startDate' does not exist on type 'PgTableWithColumns<{ name: "trips"; schema: undefined; columns: { id: PgColumn<{ name: "id"; tableName: "trips"; dataType: "number"; columnType: "PgSerial"; data: number; driverParam: number; notNull: true; hasDefault: true; ... 6 more ...; generated: undefined; }, {}, {}>; ... 25 more ...; updated_at: PgColumn<...>...'. Did you mean 'start_date'?
server/analytics.ts(715,38): error TS2551: Property 'endDate' does not exist on type 'PgTableWithColumns<{ name: "trips"; schema: undefined; columns: { id: PgColumn<{ name: "id"; tableName: "trips"; dataType: "number"; columnType: "PgSerial"; data: number; driverParam: number; notNull: true; hasDefault: true; ... 6 more ...; generated: undefined; }, {}, {}>; ... 25 more ...; updated_at: PgColumn<...>...'. Did you mean 'end_date'?
server/analytics.ts(715,57): error TS2551: Property 'startDate' does not exist on type 'PgTableWithColumns<{ name: "trips"; schema: undefined; columns: { id: PgColumn<{ name: "id"; tableName: "trips"; dataType: "number"; columnType: "PgSerial"; data: number; driverParam: number; notNull: true; hasDefault: true; ... 6 more ...; generated: undefined; }, {}, {}>; ... 25 more ...; updated_at: PgColumn<...>...'. Did you mean 'start_date'?
server/analytics.ts(716,38): error TS2551: Property 'endDate' does not exist on type 'PgTableWithColumns<{ name: "trips"; schema: undefined; columns: { id: PgColumn<{ name: "id"; tableName: "trips"; dataType: "number"; columnType: "PgSerial"; data: number; driverParam: number; notNull: true; hasDefault: true; ... 6 more ...; generated: undefined; }, {}, {}>; ... 25 more ...; updated_at: PgColumn<...>...'. Did you mean 'end_date'?
server/analytics.ts(716,57): error TS2551: Property 'startDate' does not exist on type 'PgTableWithColumns<{ name: "trips"; schema: undefined; columns: { id: PgColumn<{ name: "id"; tableName: "trips"; dataType: "number"; columnType: "PgSerial"; data: number; driverParam: number; notNull: true; hasDefault: true; ... 6 more ...; generated: undefined; }, {}, {}>; ... 25 more ...; updated_at: PgColumn<...>...'. Did you mean 'start_date'?
server/analytics.ts(821,58): error TS2551: Property 'createdAt' does not exist on type 'PgTableWithColumns<{ name: "trips"; schema: undefined; columns: { id: PgColumn<{ name: "id"; tableName: "trips"; dataType: "number"; columnType: "PgSerial"; data: number; driverParam: number; notNull: true; hasDefault: true; ... 6 more ...; generated: undefined; }, {}, {}>; ... 25 more ...; updated_at: PgColumn<...>...'. Did you mean 'created_at'?
server/analytics.ts(835,58): error TS2551: Property 'createdAt' does not exist on type 'PgTableWithColumns<{ name: "trips"; schema: undefined; columns: { id: PgColumn<{ name: "id"; tableName: "trips"; dataType: "number"; columnType: "PgSerial"; data: number; driverParam: number; notNull: true; hasDefault: true; ... 6 more ...; generated: undefined; }, {}, {}>; ... 25 more ...; updated_at: PgColumn<...>...'. Did you mean 'created_at'?
server/analytics.ts(842,44): error TS2551: Property 'createdAt' does not exist on type 'PgTableWithColumns<{ name: "trips"; schema: undefined; columns: { id: PgColumn<{ name: "id"; tableName: "trips"; dataType: "number"; columnType: "PgSerial"; data: number; driverParam: number; notNull: true; hasDefault: true; ... 6 more ...; generated: undefined; }, {}, {}>; ... 25 more ...; updated_at: PgColumn<...>...'. Did you mean 'created_at'?
server/analytics.ts(847,44): error TS2551: Property 'createdAt' does not exist on type 'PgTableWithColumns<{ name: "trips"; schema: undefined; columns: { id: PgColumn<{ name: "id"; tableName: "trips"; dataType: "number"; columnType: "PgSerial"; data: number; driverParam: number; notNull: true; hasDefault: true; ... 6 more ...; generated: undefined; }, {}, {}>; ... 25 more ...; updated_at: PgColumn<...>...'. Did you mean 'created_at'?
server/analytics.ts(848,45): error TS2551: Property 'createdAt' does not exist on type 'PgTableWithColumns<{ name: "trips"; schema: undefined; columns: { id: PgColumn<{ name: "id"; tableName: "trips"; dataType: "number"; columnType: "PgSerial"; data: number; driverParam: number; notNull: true; hasDefault: true; ... 6 more ...; generated: undefined; }, {}, {}>; ... 25 more ...; updated_at: PgColumn<...>...'. Did you mean 'created_at'?
server/analytics.ts(849,49): error TS2551: Property 'createdAt' does not exist on type 'PgTableWithColumns<{ name: "trips"; schema: undefined; columns: { id: PgColumn<{ name: "id"; tableName: "trips"; dataType: "number"; columnType: "PgSerial"; data: number; driverParam: number; notNull: true; hasDefault: true; ... 6 more ...; generated: undefined; }, {}, {}>; ... 25 more ...; updated_at: PgColumn<...>...'. Did you mean 'created_at'?
server/analytics.ts(852,22): error TS2769: No overload matches this call.
  Overload 1 of 4, '(value: string | number | Date): Date', gave the following error.
    Argument of type 'unknown' is not assignable to parameter of type 'string | number | Date'.
  Overload 2 of 4, '(value: string | number): Date', gave the following error.
    Argument of type 'unknown' is not assignable to parameter of type 'string | number'.
server/analytics.ts(859,24): error TS7053: Element implicitly has an 'any' type because expression of type '0' can't be used to index type '{ count: number; }'.
  Property '0' does not exist on type '{ count: number; }'.
server/analytics.ts(864,20): error TS7053: Element implicitly has an 'any' type because expression of type '0' can't be used to index type '{ count: number; }'.
  Property '0' does not exist on type '{ count: number; }'.
server/analytics.ts(866,20): error TS7053: Element implicitly has an 'any' type because expression of type '0' can't be used to index type '{ count: number; }'.
  Property '0' does not exist on type '{ count: number; }'.
server/analytics.ts(873,26): error TS7053: Element implicitly has an 'any' type because expression of type '0' can't be used to index type '{ count: number; }'.
  Property '0' does not exist on type '{ count: number; }'.
server/analytics.ts(874,41): error TS7053: Element implicitly has an 'any' type because expression of type '0' can't be used to index type '{ totalBudget: unknown; }'.
  Property '0' does not exist on type '{ totalBudget: unknown; }'.
server/analytics.ts(875,47): error TS7053: Element implicitly has an 'any' type because expression of type '0' can't be used to index type '{ avgLength: string | null; }'.
  Property '0' does not exist on type '{ avgLength: string | null; }'.
server/analytics.ts(876,54): error TS7053: Element implicitly has an 'any' type because expression of type '0' can't be used to index type '{ avgActivities: unknown; }'.
  Property '0' does not exist on type '{ avgActivities: unknown; }'.
server/analytics.ts(877,47): error TS7053: Element implicitly has an 'any' type because expression of type '0' can't be used to index type '{ avgBudget: string | null; }'.
  Property '0' does not exist on type '{ avgBudget: string | null; }'.
server/analytics.ts(880,7): error TS2322: Type '{ duration: unknown; count: number; percentage: number; }[]' is not assignable to type '{ duration: string; count: number; percentage: number; }[]'.
  Type '{ duration: unknown; count: number; percentage: number; }' is not assignable to type '{ duration: string; count: number; percentage: number; }'.
    Types of property 'duration' are incompatible.
      Type 'unknown' is not assignable to type 'string'.
server/analytics.ts(882,41): error TS7053: Element implicitly has an 'any' type because expression of type '0' can't be used to index type '{ totalBudget: unknown; }'.
  Property '0' does not exist on type '{ totalBudget: unknown; }'.
server/analytics.ts(883,43): error TS7053: Element implicitly has an 'any' type because expression of type '0' can't be used to index type '{ avgBudget: string | null; }'.
  Property '0' does not exist on type '{ avgBudget: string | null; }'.
server/analytics.ts(884,9): error TS2322: Type '{ range: unknown; count: number; percentage: number; }[]' is not assignable to type '{ range: string; count: number; percentage: number; }[]'.
  Type '{ range: unknown; count: number; percentage: number; }' is not assignable to type '{ range: string; count: number; percentage: number; }'.
    Types of property 'range' are incompatible.
      Type 'unknown' is not assignable to type 'string'.
server/analytics.ts(895,28): error TS7053: Element implicitly has an 'any' type because expression of type '0' can't be used to index type '{ count: number; }'.
  Property '0' does not exist on type '{ count: number; }'.
server/analytics.ts(896,28): error TS7053: Element implicitly has an 'any' type because expression of type '0' can't be used to index type '{ count: number; }'.
  Property '0' does not exist on type '{ count: number; }'.
server/analytics.ts(897,35): error TS7053: Element implicitly has an 'any' type because expression of type '0' can't be used to index type '{ count: number; }'.
  Property '0' does not exist on type '{ count: number; }'.
server/analytics.ts(898,50): error TS7053: Element implicitly has an 'any' type because expression of type '0' can't be used to index type '{ totalBudget: unknown; }'.
  Property '0' does not exist on type '{ totalBudget: unknown; }'.
server/approvalEngine.ts(30,56): error TS2551: Property 'organization_id' does not exist on type 'ApprovalWorkflowConfig'. Did you mean 'organizationId'?
server/approvalEngine.ts(65,26): error TS2551: Property 'organization_id' does not exist on type 'PgTableWithColumns<{ name: "approval_rules"; schema: undefined; columns: { id: PgColumn<{ name: "id"; tableName: "approval_rules"; dataType: "number"; columnType: "PgSerial"; data: number; driverParam: number; notNull: true; ... 7 more ...; generated: undefined; }, {}, {}>; ... 11 more ...; updatedAt: PgColumn<...>;...'. Did you mean 'organizationId'?
server/approvalEngine.ts(139,53): error TS2551: Property 'organization_id' does not exist on type 'ApprovalWorkflowConfig'. Did you mean 'organizationId'?
server/approvalEngine.ts(146,32): error TS2551: Property 'organization_id' does not exist on type 'ApprovalWorkflowConfig'. Did you mean 'organizationId'?
server/approvalEngine.ts(223,49): error TS2345: Argument of type 'string | null' is not assignable to parameter of type 'string'.
  Type 'null' is not assignable to type 'string'.
server/approvalEngine.ts(240,29): error TS2551: Property 'organization_id' does not exist on type 'PgTableWithColumns<{ name: "approval_requests"; schema: undefined; columns: { id: PgColumn<{ name: "id"; tableName: "approval_requests"; dataType: "number"; columnType: "PgSerial"; data: number; driverParam: number; notNull: true; ... 7 more ...; generated: undefined; }, {}, {}>; ... 20 more ...; updatedAt: PgColumn...'. Did you mean 'organizationId'?
server/billing.ts(8,5): error TS2322: Type '"2023-10-16"' is not assignable to type '"2025-07-30.basil"'.
server/billing.ts(69,56): error TS2339: Property 'payment_intent' does not exist on type 'string | Invoice'.
  Property 'payment_intent' does not exist on type 'string'.
server/billing.ts(124,47): error TS2339: Property 'current_period_end' does not exist on type 'Subscription'.
server/bookingProviders.ts(114,5): error TS1117: An object literal cannot have multiple properties with the same name.
server/calendar.ts(28,21): error TS2551: Property 'locationName' does not exist on type '{ id: number; date: Date; organization_id: number | null; title: string; notes: string | null; trip_id: number; time: string; tag: string | null; order: number; latitude: string | null; ... 4 more ...; travel_mode: string | null; }'. Did you mean 'location_name'?
server/calendar.ts(58,266): error TS2551: Property 'locationName' does not exist on type '{ id: number; date: Date; organization_id: number | null; title: string; notes: string | null; trip_id: number; time: string; tag: string | null; order: number; latitude: string | null; ... 4 more ...; travel_mode: string | null; }'. Did you mean 'location_name'?
server/calendar.ts(58,381): error TS2551: Property 'locationName' does not exist on type '{ id: number; date: Date; organization_id: number | null; title: string; notes: string | null; trip_id: number; time: string; tag: string | null; order: number; latitude: string | null; ... 4 more ...; travel_mode: string | null; }'. Did you mean 'location_name'?
server/calendar.ts(73,253): error TS2551: Property 'locationName' does not exist on type '{ id: number; date: Date; organization_id: number | null; title: string; notes: string | null; trip_id: number; time: string; tag: string | null; order: number; latitude: string | null; ... 4 more ...; travel_mode: string | null; }'. Did you mean 'location_name'?
server/calendar.ts(73,368): error TS2551: Property 'locationName' does not exist on type '{ id: number; date: Date; organization_id: number | null; title: string; notes: string | null; trip_id: number; time: string; tag: string | null; order: number; latitude: string | null; ... 4 more ...; travel_mode: string | null; }'. Did you mean 'location_name'?
server/calendarSync.ts(59,17): error TS2551: Property 'user_id' does not exist on type 'CalendarCSRFToken'. Did you mean 'userId'?
server/calendarSync.ts(59,49): error TS2551: Property 'organization_id' does not exist on type 'CalendarCSRFToken'. Did you mean 'organizationId'?
server/calendarSync.ts(117,26): error TS2551: Property 'locationName' does not exist on type '{ id: number; date: Date; organization_id: number | null; title: string; notes: string | null; trip_id: number; time: string; tag: string | null; order: number; latitude: string | null; ... 4 more ...; travel_mode: string | null; }'. Did you mean 'location_name'?
server/calendarSync.ts(173,67): error TS2551: Property 'locationName' does not exist on type '{ id: number; date: Date; organization_id: number | null; title: string; notes: string | null; trip_id: number; time: string; tag: string | null; order: number; latitude: string | null; ... 4 more ...; travel_mode: string | null; }'. Did you mean 'location_name'?
server/calendarSync.ts(176,31): error TS2551: Property 'locationName' does not exist on type '{ id: number; date: Date; organization_id: number | null; title: string; notes: string | null; trip_id: number; time: string; tag: string | null; order: number; latitude: string | null; ... 4 more ...; travel_mode: string | null; }'. Did you mean 'location_name'?
server/carbonTracker.ts(5,11): error TS2395: Individual declarations in merged declaration 'CarbonFootprint' must be all exported or all local.
server/carbonTracker.ts(258,18): error TS2395: Individual declarations in merged declaration 'CarbonFootprint' must be all exported or all local.
server/carbonTracker.ts(299,30): error TS2353: Object literal may only specify known properties, and 'ground' does not exist in type '{ flights: number; hotels: number; localTransport: number; activities: number; meals: number; }'.
server/carbonTracker.ts(317,12): error TS2339: Property 'esgCompliance' does not exist on type 'CarbonFootprint'.
server/carbonTracker.ts(324,22): error TS2339: Property 'accommodation' does not exist on type '{ flights: number; hotels: number; localTransport: number; activities: number; meals: number; }'.
server/carbonTracker.ts(325,12): error TS2339: Property 'esgCompliance' does not exist on type 'CarbonFootprint'.
server/carbonTracker.ts(334,22): error TS2339: Property 'ground' does not exist on type '{ flights: number; hotels: number; localTransport: number; activities: number; meals: number; }'.
server/carbonTracker.ts(335,12): error TS2339: Property 'esgCompliance' does not exist on type 'CarbonFootprint'.
server/carbonTracker.ts(345,12): error TS2339: Property 'esgCompliance' does not exist on type 'CarbonFootprint'.
server/carbonTracker.ts(348,10): error TS2339: Property 'totalCO2kg' does not exist on type 'CarbonFootprint'.
server/carbonTracker.ts(354,10): error TS2339: Property 'metrics' does not exist on type 'CarbonFootprint'.
server/carbonTracker.ts(354,37): error TS2339: Property 'totalCO2kg' does not exist on type 'CarbonFootprint'.
server/carbonTracker.ts(355,10): error TS2339: Property 'metrics' does not exist on type 'CarbonFootprint'.
server/carbonTracker.ts(355,38): error TS2339: Property 'totalCO2kg' does not exist on type 'CarbonFootprint'.
server/carbonTracker.ts(358,10): error TS2339: Property 'esgCompliance' does not exist on type 'CarbonFootprint'.
server/carbonTracker.ts(362,20): error TS2339: Property 'totalCO2kg' does not exist on type 'CarbonFootprint'.
server/carbonTracker.ts(368,20): error TS2339: Property 'totalCO2kg' does not exist on type 'CarbonFootprint'.
server/carbonTracker.ts(374,20): error TS2339: Property 'totalCO2kg' does not exist on type 'CarbonFootprint'.
server/carbonTracker.ts(380,3): error TS2322: Type 'string[]' is not assignable to type 'CarbonReduction[]'.
  Type 'string' is not assignable to type 'CarbonReduction'.
server/carbonTracker.ts(383,10): error TS2339: Property 'trends' does not exist on type 'CarbonFootprint'.
server/carbonTracker.ts(470,10): error TS2393: Duplicate function implementation.
server/carbonTracker.ts(473,41): error TS2339: Property 'totalCO2kg' does not exist on type 'CarbonFootprint'.
server/carbonTracker.ts(479,24): error TS2339: Property 'ground' does not exist on type '{ flights: number; hotels: number; localTransport: number; activities: number; meals: number; }'.
server/carbonTracker.ts(479,40): error TS2339: Property 'totalCO2kg' does not exist on type 'CarbonFootprint'.
server/carbonTracker.ts(484,24): error TS2339: Property 'accommodation' does not exist on type '{ flights: number; hotels: number; localTransport: number; activities: number; meals: number; }'.
server/carbonTracker.ts(484,47): error TS2339: Property 'totalCO2kg' does not exist on type 'CarbonFootprint'.
server/carbonTracker.ts(489,14): error TS2339: Property 'totalCO2kg' does not exist on type 'CarbonFootprint'.
server/carbonTracker.ts(501,28): error TS2339: Property 'trends' does not exist on type 'CarbonFootprint'.
server/carbonTracker.ts(628,10): error TS2393: Duplicate function implementation.
server/carbonTracker.ts(704,33): error TS2571: Object is of type 'unknown'.
server/carbonTracker.ts(704,79): error TS18046: 'sum' is of type 'unknown'.
server/carbonTracker.ts(704,85): error TS18046: 'val' is of type 'unknown'.
server/carbonTracker.ts(708,22): error TS18046: 'actual' is of type 'unknown'.
server/carbonTracker.ts(713,26): error TS2345: Argument of type 'unknown' is not assignable to parameter of type 'number'.
server/controllers/auth.ts(39,11): error TS2451: Cannot redeclare block-scoped variable 'user'.
server/controllers/auth.ts(50,11): error TS2451: Cannot redeclare block-scoped variable 'permissions'.
server/controllers/auth.ts(50,25): error TS7053: Element implicitly has an 'any' type because expression of type 'string' can't be used to index type '{ admin: ("manage_users" | "manage_organizations" | "view_analytics" | "export_data")[]; manager: ("view_analytics" | "export_data")[]; user: never[]; guest: never[]; }'.
  No index signature with a parameter of type 'string' was found on type '{ admin: ("manage_users" | "manage_organizations" | "view_analytics" | "export_data")[]; manager: ("view_analytics" | "export_data")[]; user: never[]; guest: never[]; }'.
server/controllers/auth.ts(65,9): error TS2304: Cannot find name 'numericUserId'.
server/controllers/auth.ts(65,27): error TS18048: 'req.user' is possibly 'undefined'.
server/controllers/auth.ts(67,11): error TS18048: 'req.user' is possibly 'undefined'.
server/controllers/auth.ts(69,18): error TS18048: 'req.user' is possibly 'undefined'.
server/controllers/auth.ts(69,47): error TS18048: 'req.user' is possibly 'undefined'.
server/controllers/auth.ts(74,31): error TS2304: Cannot find name 'numericUserId'.
server/controllers/auth.ts(76,59): error TS18048: 'req.user' is possibly 'undefined'.
server/controllers/auth.ts(78,26): error TS18048: 'req.user' is possibly 'undefined'.
server/controllers/auth.ts(79,29): error TS18048: 'req.user' is possibly 'undefined'.
server/controllers/auth.ts(80,27): error TS2304: Cannot find name 'numericUserId'.
server/controllers/auth.ts(99,12): error TS2451: Cannot redeclare block-scoped variable 'user'.
server/controllers/auth.ts(102,27): error TS2304: Cannot find name 'numericUserId'.
server/controllers/auth.ts(108,11): error TS2451: Cannot redeclare block-scoped variable 'permissions'.
server/controllers/auth.ts(108,47): error TS2339: Property 'role' does not exist on type '{ id: number; auth_id: string; username: string; email: string; password_hash: string | null; display_name: string | null; avatar_url: string | null; role: string | null; role_type: string | null; ... 6 more ...; created_at: Date | null; }[]'.
server/controllers/auth.ts(109,40): error TS2339: Property 'role' does not exist on type '{ id: number; auth_id: string; username: string; email: string; password_hash: string | null; display_name: string | null; avatar_url: string | null; role: string | null; role_type: string | null; ... 6 more ...; created_at: Date | null; }[]'.
server/domainVerification.ts(80,32): error TS2339: Property 'getPeerCertificate' does not exist on type 'Socket'.
server/domainVerification.ts(164,7): error TS2769: No overload matches this call.
  Overload 1 of 2, '(input: string | URL | Request, init?: RequestInit | undefined): Promise<Response>', gave the following error.
    Object literal may only specify known properties, and 'timeout' does not exist in type 'RequestInit'.
  Overload 2 of 2, '(input: URL | RequestInfo, init?: RequestInit | undefined): Promise<Response>', gave the following error.
    Object literal may only specify known properties, and 'timeout' does not exist in type 'RequestInit'.
server/domainVerification.ts(224,7): error TS2769: No overload matches this call.
  Overload 1 of 2, '(input: string | URL | Request, init?: RequestInit | undefined): Promise<Response>', gave the following error.
    Object literal may only specify known properties, and 'timeout' does not exist in type 'RequestInit'.
  Overload 2 of 2, '(input: URL | RequestInfo, init?: RequestInit | undefined): Promise<Response>', gave the following error.
    Object literal may only specify known properties, and 'timeout' does not exist in type 'RequestInit'.
server/emailService.ts(52,13): error TS2304: Cannot find name 'generateNotificationHTML'.
server/middleware/api-security.ts(26,7): error TS2339: Property 'apiVersion' does not exist on type 'Request<ParamsDictionary, any, any, ParsedQs, Record<string, any>>'.
server/middleware/api-security.ts(61,7): error TS7053: Element implicitly has an 'any' type because expression of type 'string' can't be used to index type '{}'.
  No index signature with a parameter of type 'string' was found on type '{}'.
server/middleware/api-security.ts(63,7): error TS7053: Element implicitly has an 'any' type because expression of type 'string' can't be used to index type '{}'.
  No index signature with a parameter of type 'string' was found on type '{}'.
server/middleware/api-security.ts(65,7): error TS7053: Element implicitly has an 'any' type because expression of type 'string' can't be used to index type '{}'.
  No index signature with a parameter of type 'string' was found on type '{}'.
server/middleware/api-security.ts(125,31): error TS2551: Property 'organization_id' does not exist on type '{ name: string; organizationId: number; permissions: string[]; rateLimit: number; expiresAt?: Date | undefined; lastUsed: Date; usageCount: number; }'. Did you mean 'organizationId'?
server/middleware/api-security.ts(151,7): error TS2339: Property 'apiKeyAuth' does not exist on type 'Request<ParamsDictionary, any, any, ParsedQs, Record<string, any>>'.
server/middleware/api-security.ts(152,32): error TS2551: Property 'organization_id' does not exist on type '{ valid: boolean; organizationId?: number | undefined; permissions?: string[] | undefined; rateLimit?: number | undefined; }'. Did you mean 'organizationId'?
server/middleware/api-security.ts(267,26): error TS2339: Property 'subscription_tier' does not exist on type 'JWTUser'.
server/middleware/auth.ts(3,18): error TS2430: Interface 'AuthenticatedRequest' incorrectly extends interface 'Request<ParamsDictionary, any, any, ParsedQs, Record<string, any>>'.
  Types of property 'user' are incompatible.
    Type '{ id: number; role: string | null; organization_id: number | null; email: string; username: string; } | undefined' is not assignable to type 'JWTUser | undefined'.
      Type '{ id: number; role: string | null; organization_id: number | null; email: string; username: string; }' is not assignable to type 'JWTUser'.
        Types of property 'organization_id' are incompatible.
          Type 'number | null' is not assignable to type 'number'.
            Type 'null' is not assignable to type 'number'.
server/middleware/authentication.ts(131,75): error TS2339: Property 'sessionId' does not exist on type 'Session & Partial<SessionData>'.
server/middleware/authentication.ts(159,7): error TS2339: Property 'authSession' does not exist on type 'Request<ParamsDictionary, any, any, ParsedQs, Record<string, any>>'.
server/middleware/authentication.ts(162,5): error TS2322: Type 'number | null' is not assignable to type 'number'.
  Type 'null' is not assignable to type 'number'.
server/middleware/authentication.ts(173,12): error TS2339: Property 'authSession' does not exist on type 'Request<ParamsDictionary, any, any, ParsedQs, Record<string, any>>'.
server/middleware/authentication.ts(187,14): error TS2339: Property 'authSession' does not exist on type 'Request<ParamsDictionary, any, any, ParsedQs, Record<string, any>>'.
server/middleware/authentication.ts(191,36): error TS2339: Property 'authSession' does not exist on type 'Request<ParamsDictionary, any, any, ParsedQs, Record<string, any>>'.
server/middleware/authentication.ts(195,22): error TS2339: Property 'authSession' does not exist on type 'Request<ParamsDictionary, any, any, ParsedQs, Record<string, any>>'.
server/middleware/authentication.ts(207,12): error TS2339: Property 'authSession' does not exist on type 'Request<ParamsDictionary, any, any, ParsedQs, Record<string, any>>'.
server/middleware/authentication.ts(327,7): error TS2339: Property 'authIdentifier' does not exist on type 'Request<ParamsDictionary, any, any, ParsedQs, Record<string, any>>'.
server/middleware/comprehensive-rate-limiting.ts(300,29): error TS2551: Property 'organization_tier' does not exist on type 'JWTUser'. Did you mean 'organization_id'?
server/middleware/database.ts(21,26): error TS18048: 'req.user' is possibly 'undefined'.
server/middleware/database.ts(23,7): error TS2353: Object literal may only specify known properties, and 'requireSameOrganization' does not exist in type '{ id: number | null; canAccessOrganization: (orgId: number | null) => boolean; enforceOrganizationAccess: (orgId: number | null) => void; }'.
server/middleware/database.ts(24,33): error TS18048: 'req.user' is possibly 'undefined'.
server/middleware/database.ts(45,15): error TS2551: Property 'organization_id' does not exist on type 'SecureQueryBuilder'. Did you mean 'organizationId'?
server/middleware/database.ts(49,57): error TS2551: Property 'organization_id' does not exist on type 'SecureQueryBuilder'. Did you mean 'organizationId'?
server/middleware/database.ts(70,15): error TS2551: Property 'organization_id' does not exist on type 'SecureQueryBuilder'. Did you mean 'organizationId'?
server/middleware/database.ts(73,35): error TS2551: Property 'organization_id' does not exist on type 'SecureQueryBuilder'. Did you mean 'organizationId'?
server/middleware/database.ts(87,7): error TS2339: Property 'secureQuery' does not exist on type 'Request<ParamsDictionary, any, any, ParsedQs, Record<string, any>>'.
server/middleware/database.ts(91,7): error TS2339: Property 'secureDbOps' does not exist on type 'Request<ParamsDictionary, any, any, ParsedQs, Record<string, any>>'.
server/middleware/database.ts(94,18): error TS2339: Property 'secureQuery' does not exist on type 'Request<ParamsDictionary, any, any, ParsedQs, Record<string, any>>'.
server/middleware/database.ts(103,18): error TS2339: Property 'secureQuery' does not exist on type 'Request<ParamsDictionary, any, any, ParsedQs, Record<string, any>>'.
server/middleware/database.ts(112,18): error TS2339: Property 'secureQuery' does not exist on type 'Request<ParamsDictionary, any, any, ParsedQs, Record<string, any>>'.
server/middleware/database.ts(121,18): error TS2339: Property 'secureQuery' does not exist on type 'Request<ParamsDictionary, any, any, ParsedQs, Record<string, any>>'.
server/middleware/database.ts(198,7): error TS2339: Property 'dbMetrics' does not exist on type 'Request<ParamsDictionary, any, any, ParsedQs, Record<string, any>>'.
server/middleware/database.ts(204,11): error TS2339: Property 'dbMetrics' does not exist on type 'Request<ParamsDictionary, any, any, ParsedQs, Record<string, any>>'.
server/middleware/database.ts(205,11): error TS2339: Property 'dbMetrics' does not exist on type 'Request<ParamsDictionary, any, any, ParsedQs, Record<string, any>>'.
server/middleware/database.ts(208,13): error TS2339: Property 'dbMetrics' does not exist on type 'Request<ParamsDictionary, any, any, ParsedQs, Record<string, any>>'.
server/middleware/database.ts(217,23): error TS2339: Property 'dbMetrics' does not exist on type 'Request<ParamsDictionary, any, any, ParsedQs, Record<string, any>>'.
server/middleware/database.ts(218,29): error TS2339: Property 'dbMetrics' does not exist on type 'Request<ParamsDictionary, any, any, ParsedQs, Record<string, any>>'.
server/middleware/database.ts(218,61): error TS2339: Property 'dbMetrics' does not exist on type 'Request<ParamsDictionary, any, any, ParsedQs, Record<string, any>>'.
server/middleware/database.ts(219,24): error TS2339: Property 'dbMetrics' does not exist on type 'Request<ParamsDictionary, any, any, ParsedQs, Record<string, any>>'.
server/middleware/database.ts(226,25): error TS2339: Property 'dbMetrics' does not exist on type 'Request<ParamsDictionary, any, any, ParsedQs, Record<string, any>>'.
server/middleware/fieldTransform.ts(17,18): error TS2551: Property 'organizationId' does not exist on type 'JWTUser'. Did you mean 'organization_id'?
server/middleware/fieldTransform.ts(18,43): error TS2551: Property 'organizationId' does not exist on type 'JWTUser'. Did you mean 'organization_id'?
server/middleware/fieldTransform.ts(20,18): error TS2339: Property 'userId' does not exist on type 'JWTUser'.
server/middleware/fieldTransform.ts(21,16): error TS2339: Property 'user_id' does not exist on type 'JWTUser'.
server/middleware/fieldTransform.ts(21,35): error TS2339: Property 'userId' does not exist on type 'JWTUser'.
server/middleware/inputValidation.ts(326,14): error TS2339: Property 'file' does not exist on type 'Request<ParamsDictionary, any, any, ParsedQs, Record<string, any>>'.
server/middleware/inputValidation.ts(330,24): error TS2339: Property 'file' does not exist on type 'Request<ParamsDictionary, any, any, ParsedQs, Record<string, any>>'.
server/middleware/jwtAuthMiddleware.ts(1,17): error TS2307: Cannot find module 'jsonwebtoken' or its corresponding type declarations.
server/middleware/jwtAuthMiddleware.ts(14,11): error TS2430: Interface 'AuthenticatedRequest' incorrectly extends interface 'Request<ParamsDictionary, any, any, ParsedQs, Record<string, any>>'.
  Types of property 'user' are incompatible.
    Type '{ id: number; authId: string; username: string; email: string; role: string; roleType: string; organizationId?: number | undefined; } | undefined' is not assignable to type 'JWTUser | undefined'.
      Property 'organization_id' is missing in type '{ id: number; authId: string; username: string; email: string; role: string; roleType: string; organizationId?: number | undefined; }' but required in type 'JWTUser'.
server/middleware/organizationScoping.ts(36,12): error TS2339: Property 'isAuthenticated' does not exist on type 'Request<ParamsDictionary, any, any, ParsedQs, Record<string, any>>'.
server/middleware/organizationScoping.ts(36,36): error TS2339: Property 'isAuthenticated' does not exist on type 'Request<ParamsDictionary, any, any, ParsedQs, Record<string, any>>'.
server/middleware/organizationScoping.ts(158,47): error TS2551: Property 'organization_id' does not exist on type '{ organizationId: number; status: string | null; domain: string; }'. Did you mean 'organizationId'?
server/middleware/organizationScoping.ts(163,38): error TS2551: Property 'organization_id' does not exist on type '{ organizationId: number; status: string | null; domain: string; }'. Did you mean 'organizationId'?
server/middleware/organizationScoping.ts(188,39): error TS2339: Property 'permissions' does not exist on type 'JWTUser'.
server/middleware/organizationScoping.ts(188,63): error TS2339: Property 'permissions' does not exist on type 'JWTUser'.
server/middleware/organizationScoping.ts(205,7): error TS2339: Property 'analyticsScope' does not exist on type 'Request<ParamsDictionary, any, any, ParsedQs, Record<string, any>>'.
server/middleware/organizationScoping.ts(221,26): error TS2304: Cannot find name 'eq'.
server/middleware/security.ts(62,32): error TS2353: Object literal may only specify known properties, and 'organization_id' does not exist in type '(orgId: number | null) => boolean'.
server/middleware/security.ts(110,5): error TS2322: Type '(chunk?: any, encoding?: any) => void' is not assignable to type '{ (cb?: (() => void) | undefined): Response<any, Record<string, any>>; (chunk: any, cb?: (() => void) | undefined): Response<any, Record<string, any>>; (chunk: any, encoding: BufferEncoding, cb?: (() => void) | undefined): Response<...>; }'.
  Type 'void' is not assignable to type 'Response<any, Record<string, any>>'.
server/middleware/security.ts(139,11): error TS2339: Property 'file' does not exist on type 'Request<ParamsDictionary, any, any, ParsedQs, Record<string, any>>'.
server/middleware/security.ts(140,40): error TS2339: Property 'file' does not exist on type 'Request<ParamsDictionary, any, any, ParsedQs, Record<string, any>>'.
server/middleware/security.ts(146,13): error TS2339: Property 'file' does not exist on type 'Request<ParamsDictionary, any, any, ParsedQs, Record<string, any>>'.
server/middleware/security.ts(153,9): error TS2339: Property 'file' does not exist on type 'Request<ParamsDictionary, any, any, ParsedQs, Record<string, any>>'.
server/middleware/security.ts(153,33): error TS2339: Property 'file' does not exist on type 'Request<ParamsDictionary, any, any, ParsedQs, Record<string, any>>'.
server/middleware/securityAuditLogger.ts(3,10): error TS2305: Module '"@shared/schema"' has no exported member 'securityAuditLog'.
server/middleware/simpleAuth.ts(7,7): error TS2717: Subsequent property declarations must have the same type.  Property 'user' must be of type 'JWTUser | undefined', but here has type '{ [key: string]: any; id: number; email: string; organization_id?: number | null | undefined; role?: string | undefined; displayName?: string | undefined; } | undefined'.
server/middleware/simpleAuth.ts(15,7): error TS2717: Subsequent property declarations must have the same type.  Property 'organizationId' must be of type 'number | undefined', but here has type 'number | null | undefined'.
server/middleware/simpleAuth.ts(16,7): error TS2717: Subsequent property declarations must have the same type.  Property 'organization_id' must be of type 'number | undefined', but here has type 'number | null | undefined'.
server/middleware/simpleAuth.ts(65,5): error TS2353: Object literal may only specify known properties, and 'displayName' does not exist in type 'JWTUser'.
server/middleware/superadmin.ts(5,18): error TS2430: Interface 'AuthenticatedRequest' incorrectly extends interface 'Request<ParamsDictionary, any, any, ParsedQs, Record<string, any>>'.
  Types of property 'user' are incompatible.
    Type '{ id: number; email: string; role: string; organization_id?: number | undefined; displayName?: string | undefined; } | undefined' is not assignable to type 'JWTUser | undefined'.
      Property 'username' is missing in type '{ id: number; email: string; role: string; organization_id?: number | undefined; displayName?: string | undefined; }' but required in type 'JWTUser'.
server/middleware/unifiedAuth.ts(14,18): error TS2430: Interface 'AuthenticatedRequest' incorrectly extends interface 'Request<ParamsDictionary, any, any, ParsedQs, Record<string, any>>'.
  Types of property 'user' are incompatible.
    Type '{ id: number; authId: string; username: string; email: string; role: string; roleType: string; organizationId?: number | undefined; } | undefined' is not assignable to type 'JWTUser | undefined'.
      Property 'organization_id' is missing in type '{ id: number; authId: string; username: string; email: string; role: string; roleType: string; organizationId?: number | undefined; }' but required in type 'JWTUser'.
server/middleware/validation.ts(135,3): error TS2322: Type '(chunk?: any, encoding?: any) => void' is not assignable to type '{ (cb?: (() => void) | undefined): Response<any, Record<string, any>>; (chunk: any, cb?: (() => void) | undefined): Response<any, Record<string, any>>; (chunk: any, encoding: BufferEncoding, cb?: (() => void) | undefined): Response<...>; }'.
  Type 'void' is not assignable to type 'Response<any, Record<string, any>>'.
server/notificationService.ts(1,10): error TS2305: Module '"./emailService"' has no exported member 'sendEmail'.
server/organizationContext.ts(8,7): error TS2717: Subsequent property declarations must have the same type.  Property 'user' must be of type 'JWTUser | undefined', but here has type '{ [key: string]: any; id: number; organizationId?: number | null | undefined; role?: string | undefined; } | undefined'.
server/organizationContext.ts(14,7): error TS2717: Subsequent property declarations must have the same type.  Property 'organizationId' must be of type 'number | undefined', but here has type 'number | null | undefined'.
server/pdfExport.ts(906,41): error TS2551: Property 'startDate' does not exist on type '{ id: number; organization_id: number | null; title: string; city: string | null; user_id: number; location: string | null; collaborators: unknown; hotel: string | null; budget: number | null; ... 17 more ...; project_type: string | null; }'. Did you mean 'start_date'?
server/pdfExport.ts(907,39): error TS2551: Property 'endDate' does not exist on type '{ id: number; organization_id: number | null; title: string; city: string | null; user_id: number; location: string | null; collaborators: unknown; hotel: string | null; budget: number | null; ... 17 more ...; project_type: string | null; }'. Did you mean 'end_date'?
server/pdfExport.ts(920,26): error TS2304: Cannot find name 'tripActivities'.
server/pdfExport.ts(920,46): error TS7006: Parameter 'a' implicitly has an 'any' type.
server/pdfExport.ts(921,26): error TS2304: Cannot find name 'tripActivities'.
server/pdfExport.ts(921,46): error TS7006: Parameter 'a' implicitly has an 'any' type.
server/pdfExport.ts(931,15): error TS7022: 'activities' implicitly has type 'any' because it does not have a type annotation and is referenced directly or indirectly in its own initializer.
server/pdfExport.ts(931,28): error TS2448: Block-scoped variable 'activities' used before its declaration.
server/proposalGenerator.ts(36,41): error TS2551: Property 'startDate' does not exist on type '{ id: number; organization_id: number | null; title: string; city: string | null; user_id: number; location: string | null; collaborators: unknown; hotel: string | null; budget: number | null; ... 17 more ...; project_type: string | null; }'. Did you mean 'start_date'?
server/proposalGenerator.ts(37,39): error TS2551: Property 'endDate' does not exist on type '{ id: number; organization_id: number | null; title: string; city: string | null; user_id: number; location: string | null; collaborators: unknown; hotel: string | null; budget: number | null; ... 17 more ...; project_type: string | null; }'. Did you mean 'end_date'?
server/proposalGenerator.ts(145,80): error TS2551: Property 'startDate' does not exist on type '{ id: number; organization_id: number | null; title: string; city: string | null; user_id: number; location: string | null; collaborators: unknown; hotel: string | null; budget: number | null; ... 17 more ...; project_type: string | null; }'. Did you mean 'start_date'?
server/proposalGenerator.ts(145,111): error TS2551: Property 'endDate' does not exist on type '{ id: number; organization_id: number | null; title: string; city: string | null; user_id: number; location: string | null; collaborators: unknown; hotel: string | null; budget: number | null; ... 17 more ...; project_type: string | null; }'. Did you mean 'end_date'?
server/rbac.ts(5,39): error TS2724: '"@shared/schema"' has no exported member named 'UserRole'. Did you mean 'USER_ROLES'?
server/rbac.ts(91,27): error TS7053: Element implicitly has an 'any' type because expression of type 'UserRole' can't be used to index type '{ admin: ("manage_users" | "manage_organizations" | "view_analytics" | "export_data")[]; manager: ("view_analytics" | "export_data")[]; user: never[]; guest: never[]; }'.
server/rbac.ts(98,35): error TS2345: Argument of type 'string' is not assignable to parameter of type '"view_trip"'.
server/rbac.ts(232,9): error TS2322: Type 'string' is not assignable to type 'SQL<unknown> | Aliased<unknown> | PgColumn<ColumnBaseConfig<ColumnDataType, string>, {}, {}> | PgTable<TableConfig> | SelectedFieldsFlat<...>'.
server/rbac.ts(239,15): error TS2345: Argument of type '{ userRole: PgColumn<{ name: "role"; tableName: "trip_collaborators"; dataType: "string"; columnType: "PgText"; data: string; driverParam: string; notNull: true; hasDefault: false; isPrimaryKey: false; ... 5 more ...; generated: undefined; }, {}, {}>; ... 32 more ...; enableRLS: () => Omit<...>; }' is not assignable to parameter of type 'SelectedFields'.
  Property '_' is incompatible with index signature.
    Type '{ readonly brand: "Table"; readonly config: { name: "trips"; schema: undefined; columns: { id: PgColumn<{ name: "id"; tableName: "trips"; dataType: "number"; columnType: "PgSerial"; data: number; driverParam: number; ... 8 more ...; generated: undefined; }, {}, {}>; ... 25 more ...; updated_at: PgColumn<...>; }; dia...' is not assignable to type 'SQL<unknown> | Aliased<unknown> | PgColumn<ColumnBaseConfig<ColumnDataType, string>, {}, {}> | PgTable<TableConfig> | SelectedFieldsFlat<...>'.
      Type '{ readonly brand: "Table"; readonly config: { name: "trips"; schema: undefined; columns: { id: PgColumn<{ name: "id"; tableName: "trips"; dataType: "number"; columnType: "PgSerial"; data: number; driverParam: number; ... 8 more ...; generated: undefined; }, {}, {}>; ... 25 more ...; updated_at: PgColumn<...>; }; dia...' is not assignable to type 'SelectedFieldsFlat<PgColumn<ColumnBaseConfig<ColumnDataType, string>, {}, {}>>'.
        Property 'brand' is incompatible with index signature.
          Type 'string' is not assignable to type 'SQL<unknown> | Aliased<unknown> | PgColumn<ColumnBaseConfig<ColumnDataType, string>, {}, {}>'.
server/routes/activities.ts(12,12): error TS2769: No overload matches this call.
  The last overload gave the following error.
    Argument of type '(req: AuthenticatedRequest, res: Response<any, Record<string, any>>, next: NextFunction) => Promise<void>' is not assignable to parameter of type 'PathParams'.
server/routes/admin.ts(22,36): error TS2769: No overload matches this call.
  Overload 1 of 2, '(value: { admin_user_id: number | SQL<unknown> | Placeholder<string, any>; action_type: string | SQL<unknown> | Placeholder<string, any>; id?: number | SQL<unknown> | Placeholder<...> | undefined; ip_address?: string | ... 3 more ... | undefined; action_data?: unknown; timestamp?: Date | ... 3 more ... | undefined; }): PgInsertBase<...>', gave the following error.
    Object literal may only specify known properties, and 'target_organization_id' does not exist in type '{ admin_user_id: number | SQL<unknown> | Placeholder<string, any>; action_type: string | SQL<unknown> | Placeholder<string, any>; id?: number | SQL<unknown> | Placeholder<...> | undefined; ip_address?: string | ... 3 more ... | undefined; action_data?: unknown; timestamp?: Date | ... 3 more ... | undefined; }'.
  Overload 2 of 2, '(values: { admin_user_id: number | SQL<unknown> | Placeholder<string, any>; action_type: string | SQL<unknown> | Placeholder<string, any>; id?: number | SQL<unknown> | Placeholder<...> | undefined; ip_address?: string | ... 3 more ... | undefined; action_data?: unknown; timestamp?: Date | ... 3 more ... | undefined; }[]): PgInsertBase<...>', gave the following error.
    Object literal may only specify known properties, and 'admin_user_id' does not exist in type '{ admin_user_id: number | SQL<unknown> | Placeholder<string, any>; action_type: string | SQL<unknown> | Placeholder<string, any>; id?: number | SQL<unknown> | Placeholder<...> | undefined; ip_address?: string | ... 3 more ... | undefined; action_data?: unknown; timestamp?: Date | ... 3 more ... | undefined; }[]'.
server/routes/admin.ts(383,47): error TS2339: Property 'target_organization_id' does not exist on type 'PgTableWithColumns<{ name: "admin_audit_log"; schema: undefined; columns: { id: PgColumn<{ name: "id"; tableName: "admin_audit_log"; dataType: "number"; columnType: "PgSerial"; data: number; driverParam: number; notNull: true; ... 7 more ...; generated: undefined; }, {}, {}>; ... 4 more ...; timestamp: PgColumn<...>...'.
server/routes/admin.ts(391,49): error TS2339: Property 'target_organization_id' does not exist on type 'PgTableWithColumns<{ name: "admin_audit_log"; schema: undefined; columns: { id: PgColumn<{ name: "id"; tableName: "admin_audit_log"; dataType: "number"; columnType: "PgSerial"; data: number; driverParam: number; notNull: true; ... 7 more ...; generated: undefined; }, {}, {}>; ... 4 more ...; timestamp: PgColumn<...>...'.
server/routes/ai.ts(15,12): error TS2769: No overload matches this call.
  The last overload gave the following error.
    Argument of type '(req: AuthenticatedRequest, res: Response<any, Record<string, any>>, next: NextFunction) => Promise<void>' is not assignable to parameter of type 'PathParams'.
server/routes/ai.ts(53,44): error TS2551: Property 'organizationId' does not exist on type 'JWTUser'. Did you mean 'organization_id'?
server/routes/ai.ts(197,44): error TS2551: Property 'organizationId' does not exist on type 'JWTUser'. Did you mean 'organization_id'?
server/routes/analytics-broken.ts(9,12): error TS2769: No overload matches this call.
  The last overload gave the following error.
    Argument of type '(req: AuthenticatedRequest, res: Response<any, Record<string, any>>, next: NextFunction) => Promise<void>' is not assignable to parameter of type 'PathParams'.
server/routes/analytics-broken.ts(40,29): error TS2304: Cannot find name 'getUserPersonalAnalytics'.
server/routes/analytics-broken.ts(55,29): error TS2552: Cannot find name 'getAnalytics'. Did you mean 'analytics'?
server/routes/analytics-broken.ts(77,29): error TS2304: Cannot find name 'getOrganizationAnalytics'.
server/routes/analytics-broken.ts(92,25): error TS2552: Cannot find name 'getAnalytics'. Did you mean 'analytics'?
server/routes/analytics-broken.ts(98,25): error TS2304: Cannot find name 'getOrganizationAnalytics'.
server/routes/analytics-broken.ts(108,25): error TS2304: Cannot find name 'getUserPersonalAnalytics'.
server/routes/analytics-broken.ts(111,30): error TS2304: Cannot find name 'exportAnalyticsCSV'.
server/routes/analytics.ts(10,12): error TS2769: No overload matches this call.
  The last overload gave the following error.
    Argument of type '(req: AuthenticatedRequest, res: Response<any, Record<string, any>>, next: NextFunction) => Promise<void>' is not assignable to parameter of type 'PathParams'.
server/routes/approvals.ts(57,29): error TS2551: Property 'organization_id' does not exist on type 'PgTableWithColumns<{ name: "approval_requests"; schema: undefined; columns: { id: PgColumn<{ name: "id"; tableName: "approval_requests"; dataType: "number"; columnType: "PgSerial"; data: number; driverParam: number; notNull: true; ... 7 more ...; generated: undefined; }, {}, {}>; ... 20 more ...; updatedAt: PgColumn...'. Did you mean 'organizationId'?
server/routes/approvals.ts(101,29): error TS2551: Property 'organization_id' does not exist on type 'PgTableWithColumns<{ name: "approval_requests"; schema: undefined; columns: { id: PgColumn<{ name: "id"; tableName: "approval_requests"; dataType: "number"; columnType: "PgSerial"; data: number; driverParam: number; notNull: true; ... 7 more ...; generated: undefined; }, {}, {}>; ... 20 more ...; updatedAt: PgColumn...'. Did you mean 'organizationId'?
server/routes/approvals.ts(220,31): error TS2551: Property 'organization_id' does not exist on type 'PgTableWithColumns<{ name: "approval_rules"; schema: undefined; columns: { id: PgColumn<{ name: "id"; tableName: "approval_rules"; dataType: "number"; columnType: "PgSerial"; data: number; driverParam: number; notNull: true; ... 7 more ...; generated: undefined; }, {}, {}>; ... 11 more ...; updatedAt: PgColumn<...>;...'. Did you mean 'organizationId'?
server/routes/approvals.ts(279,24): error TS2551: Property 'organization_id' does not exist on type 'PgTableWithColumns<{ name: "approval_rules"; schema: undefined; columns: { id: PgColumn<{ name: "id"; tableName: "approval_rules"; dataType: "number"; columnType: "PgSerial"; data: number; driverParam: number; notNull: true; ... 7 more ...; generated: undefined; }, {}, {}>; ... 11 more ...; updatedAt: PgColumn<...>;...'. Did you mean 'organizationId'?
server/routes/auth.ts(103,60): error TS2345: Argument of type 'string | null' is not assignable to parameter of type 'string'.
  Type 'null' is not assignable to type 'string'.
server/routes/bookings-broken.ts(256,15): error TS2339: Property 'bookHotel' does not exist on type 'typeof import("C:/Users/Jonas/Desktop/NestMapRepo/server/bookingProviders")'.
server/routes/bookings-broken.ts(337,21): error TS2551: Property 'organization_id' does not exist on type 'PgTableWithColumns<{ name: "bookings"; schema: undefined; columns: { id: PgColumn<{ name: "id"; tableName: "bookings"; dataType: "number"; columnType: "PgSerial"; data: number; driverParam: number; notNull: true; hasDefault: true; ... 6 more ...; generated: undefined; }, {}, {}>; ... 19 more ...; updatedAt: PgColumn...'. Did you mean 'organizationId'?
server/routes/bookings-broken.ts(401,21): error TS2551: Property 'organization_id' does not exist on type 'PgTableWithColumns<{ name: "bookings"; schema: undefined; columns: { id: PgColumn<{ name: "id"; tableName: "bookings"; dataType: "number"; columnType: "PgSerial"; data: number; driverParam: number; notNull: true; hasDefault: true; ... 6 more ...; generated: undefined; }, {}, {}>; ... 19 more ...; updatedAt: PgColumn...'. Did you mean 'organizationId'?
server/routes/bookings.ts(14,40): error TS2551: Property 'organizationId' does not exist on type 'JWTUser'. Did you mean 'organization_id'?
server/routes/bookings.ts(50,40): error TS2551: Property 'organizationId' does not exist on type 'JWTUser'. Did you mean 'organization_id'?
server/routes/bookings.ts(76,48): error TS2339: Property 'createBooking' does not exist on type 'DuffelProvider'.
server/routes/bookings.ts(95,48): error TS2339: Property 'createHotelBooking' does not exist on type 'DuffelProvider'.
server/routes/bookings.ts(145,40): error TS2551: Property 'organizationId' does not exist on type 'JWTUser'. Did you mean 'organization_id'?
server/routes/bookings.ts(170,40): error TS2551: Property 'organizationId' does not exist on type 'JWTUser'. Did you mean 'organization_id'?
server/routes/bookings.ts(206,40): error TS2551: Property 'organizationId' does not exist on type 'JWTUser'. Did you mean 'organization_id'?
server/routes/bookings.ts(230,32): error TS2339: Property 'cancelBooking' does not exist on type 'DuffelProvider'.
server/routes/bookings.ts(350,40): error TS2551: Property 'organizationId' does not exist on type 'JWTUser'. Did you mean 'organization_id'?
server/routes/bookings.ts(385,40): error TS2551: Property 'organizationId' does not exist on type 'JWTUser'. Did you mean 'organization_id'?
server/routes/calendar.ts(16,40): error TS2551: Property 'trip_id' does not exist on type '{ tripId: string; }'. Did you mean 'tripId'?
server/routes/calendar.ts(73,33): error TS2551: Property 'user_id' does not exist on type 'PgTableWithColumns<{ name: "calendar_integrations"; schema: undefined; columns: { id: PgColumn<{ name: "id"; tableName: "calendar_integrations"; dataType: "number"; columnType: "PgSerial"; data: number; driverParam: number; ... 8 more ...; generated: undefined; }, {}, {}>; ... 9 more ...; updatedAt: PgColumn<...>; }...'. Did you mean 'userId'?
server/routes/calendar.ts(74,33): error TS2551: Property 'organization_id' does not exist on type 'PgTableWithColumns<{ name: "calendar_integrations"; schema: undefined; columns: { id: PgColumn<{ name: "id"; tableName: "calendar_integrations"; dataType: "number"; columnType: "PgSerial"; data: number; driverParam: number; ... 8 more ...; generated: undefined; }, {}, {}>; ... 9 more ...; updatedAt: PgColumn<...>; }...'. Did you mean 'organizationId'?
server/routes/calendar.ts(91,40): error TS2551: Property 'trip_id' does not exist on type '{ tripId: string; }'. Did you mean 'tripId'?
server/routes/calendar.ts(214,26): error TS2551: Property 'locationName' does not exist on type '{ id: number; trip_id: number; organization_id: number | null; title: string; date: Date; time: string; location_name: string; latitude: string | null; longitude: string | null; notes: string | null; ... 4 more ...; completed: boolean | null; }'. Did you mean 'location_name'?
server/routes/corporateCards.ts(56,10): error TS2769: No overload matches this call.
  Overload 1 of 2, '(value: { organization_id: number | SQL<unknown> | Placeholder<string, any>; user_id: number | SQL<unknown> | Placeholder<string, any>; stripe_card_id: string | SQL<...> | Placeholder<...>; ... 24 more ...; auto_lock_triggers?: unknown; }): PgInsertBase<...>', gave the following error.
    Argument of type '{ organization_id: number; user_id: any; stripe_card_id: string; card_number_masked: string; card_token: string; card_provider: string; card_type: string; status: string; spending_limit: number; ... 6 more ...; updated_at: Date; }' is not assignable to parameter of type '{ organization_id: number | SQL<unknown> | Placeholder<string, any>; user_id: number | SQL<unknown> | Placeholder<string, any>; stripe_card_id: string | SQL<...> | Placeholder<...>; ... 24 more ...; auto_lock_triggers?: unknown; }'.
      Property 'created_by' is missing in type '{ organization_id: number; user_id: any; stripe_card_id: string; card_number_masked: string; card_token: string; card_provider: string; card_type: string; status: string; spending_limit: number; ... 6 more ...; updated_at: Date; }' but required in type '{ organization_id: number | SQL<unknown> | Placeholder<string, any>; user_id: number | SQL<unknown> | Placeholder<string, any>; stripe_card_id: string | SQL<...> | Placeholder<...>; ... 24 more ...; auto_lock_triggers?: unknown; }'.
  Overload 2 of 2, '(values: { organization_id: number | SQL<unknown> | Placeholder<string, any>; user_id: number | SQL<unknown> | Placeholder<string, any>; stripe_card_id: string | SQL<...> | Placeholder<...>; ... 24 more ...; auto_lock_triggers?: unknown; }[]): PgInsertBase<...>', gave the following error.
    Object literal may only specify known properties, and 'organization_id' does not exist in type '{ organization_id: number | SQL<unknown> | Placeholder<string, any>; user_id: number | SQL<unknown> | Placeholder<string, any>; stripe_card_id: string | SQL<...> | Placeholder<...>; ... 24 more ...; auto_lock_triggers?: unknown; }[]'.
server/routes/corporateCards.ts(185,30): error TS18047: 'card.available_balance' is possibly 'null'.
server/routes/corporateCards.ts(186,27): error TS18047: 'card.spending_limit' is possibly 'null'.
server/routes/domains.ts(7,11): error TS2430: Interface 'AuthenticatedRequest' incorrectly extends interface 'Request<ParamsDictionary, any, any, ParsedQs, Record<string, any>>'.
  Types of property 'user' are incompatible.
    Type '{ id: number; email: string; username: string; organization_id?: number | undefined; role: string; } | undefined' is not assignable to type 'JWTUser | undefined'.
      Type '{ id: number; email: string; username: string; organization_id?: number | undefined; role: string; }' is not assignable to type 'JWTUser'.
        Types of property 'organization_id' are incompatible.
          Type 'number | undefined' is not assignable to type 'number'.
            Type 'undefined' is not assignable to type 'number'.
server/routes/expenses.ts(65,35): error TS2339: Property 'category' does not exist on type 'PgTableWithColumns<{ name: "expenses"; schema: undefined; columns: { id: PgColumn<{ name: "id"; tableName: "expenses"; dataType: "number"; columnType: "PgSerial"; data: number; driverParam: number; notNull: true; hasDefault: true; ... 6 more ...; generated: undefined; }, {}, {}>; ... 32 more ...; updated_at: PgColum...'.
server/routes/expenses.ts(69,36): error TS2339: Property 'date' does not exist on type 'PgTableWithColumns<{ name: "expenses"; schema: undefined; columns: { id: PgColumn<{ name: "id"; tableName: "expenses"; dataType: "number"; columnType: "PgSerial"; data: number; driverParam: number; notNull: true; hasDefault: true; ... 6 more ...; generated: undefined; }, {}, {}>; ... 32 more ...; updated_at: PgColum...'.
server/routes/expenses.ts(73,36): error TS2339: Property 'date' does not exist on type 'PgTableWithColumns<{ name: "expenses"; schema: undefined; columns: { id: PgColumn<{ name: "id"; tableName: "expenses"; dataType: "number"; columnType: "PgSerial"; data: number; driverParam: number; notNull: true; hasDefault: true; ... 6 more ...; generated: undefined; }, {}, {}>; ... 32 more ...; updated_at: PgColum...'.
server/routes/expenses.ts(78,21): error TS2339: Property 'where' does not exist on type 'Omit<PgSelectBase<"expenses", Record<"expenses", { id: PgColumn<{ name: "id"; tableName: "expenses"; dataType: "number"; columnType: "PgSerial"; data: number; driverParam: number; notNull: true; hasDefault: true; isPrimaryKey: true; ... 5 more ...; generated: undefined; }, {}, {}>; ... 32 more ...; updated_at: PgCol...'.
server/routes/expenses.ts(83,30): error TS2551: Property 'createdAt' does not exist on type 'PgTableWithColumns<{ name: "expenses"; schema: undefined; columns: { id: PgColumn<{ name: "id"; tableName: "expenses"; dataType: "number"; columnType: "PgSerial"; data: number; driverParam: number; notNull: true; hasDefault: true; ... 6 more ...; generated: undefined; }, {}, {}>; ... 32 more ...; updated_at: PgColum...'. Did you mean 'created_at'?
server/routes/expenses.ts(92,31): error TS2339: Property 'category' does not exist on type '{ id: number; organization_id: number; user_id: number; card_id: number | null; trip_id: number | null; transaction_id: string | null; merchant_name: string; merchant_category: string | null; ... 25 more ...; updated_at: Date | null; }'.
server/routes/expenses.ts(94,27): error TS2339: Property 'date' does not exist on type '{ id: number; organization_id: number; user_id: number; card_id: number | null; trip_id: number | null; transaction_id: string | null; merchant_name: string; merchant_category: string | null; ... 25 more ...; updated_at: Date | null; }'.
server/routes/expenses.ts(96,33): error TS2551: Property 'receiptUrl' does not exist on type '{ id: number; organization_id: number; user_id: number; card_id: number | null; trip_id: number | null; transaction_id: string | null; merchant_name: string; merchant_category: string | null; ... 25 more ...; updated_at: Date | null; }'. Did you mean 'receipt_url'?
server/routes/expenses.ts(97,37): error TS2339: Property 'isReimbursable' does not exist on type '{ id: number; organization_id: number; user_id: number; card_id: number | null; trip_id: number | null; transaction_id: string | null; merchant_name: string; merchant_category: string | null; ... 25 more ...; updated_at: Date | null; }'.
server/routes/expenses.ts(99,32): error TS2551: Property 'createdAt' does not exist on type '{ id: number; organization_id: number; user_id: number; card_id: number | null; trip_id: number | null; transaction_id: string | null; merchant_name: string; merchant_category: string | null; ... 25 more ...; updated_at: Date | null; }'. Did you mean 'created_at'?
server/routes/expenses.ts(103,32): error TS2339: Property 'destination' does not exist on type '{ id: number; title: string; start_date: Date; end_date: Date; user_id: number; organization_id: number | null; collaborators: unknown; is_public: boolean | null; share_code: string | null; ... 17 more ...; updated_at: Date | null; }'.
server/routes/expenses.ts(137,7): error TS2322: Type 'SQL<unknown> | undefined' is not assignable to type 'SQL<unknown>'.
  Type 'undefined' is not assignable to type 'SQL<unknown>'.
server/routes/expenses.ts(139,22): error TS2339: Property 'date' does not exist on type 'PgTableWithColumns<{ name: "expenses"; schema: undefined; columns: { id: PgColumn<{ name: "id"; tableName: "expenses"; dataType: "number"; columnType: "PgSerial"; data: number; driverParam: number; notNull: true; hasDefault: true; ... 6 more ...; generated: undefined; }, {}, {}>; ... 32 more ...; updated_at: PgColum...'.
server/routes/expenses.ts(140,22): error TS2339: Property 'date' does not exist on type 'PgTableWithColumns<{ name: "expenses"; schema: undefined; columns: { id: PgColumn<{ name: "id"; tableName: "expenses"; dataType: "number"; columnType: "PgSerial"; data: number; driverParam: number; notNull: true; hasDefault: true; ... 6 more ...; generated: undefined; }, {}, {}>; ... 32 more ...; updated_at: PgColum...'.
server/routes/expenses.ts(158,28): error TS2339: Property 'category' does not exist on type 'PgTableWithColumns<{ name: "expenses"; schema: undefined; columns: { id: PgColumn<{ name: "id"; tableName: "expenses"; dataType: "number"; columnType: "PgSerial"; data: number; driverParam: number; notNull: true; hasDefault: true; ... 6 more ...; generated: undefined; }, {}, {}>; ... 32 more ...; updated_at: PgColum...'.
server/routes/expenses.ts(164,25): error TS2339: Property 'category' does not exist on type 'PgTableWithColumns<{ name: "expenses"; schema: undefined; columns: { id: PgColumn<{ name: "id"; tableName: "expenses"; dataType: "number"; columnType: "PgSerial"; data: number; driverParam: number; notNull: true; hasDefault: true; ... 6 more ...; generated: undefined; }, {}, {}>; ... 32 more ...; updated_at: PgColum...'.
server/routes/expenses.ts(169,47): error TS2339: Property 'date' does not exist on type 'PgTableWithColumns<{ name: "expenses"; schema: undefined; columns: { id: PgColumn<{ name: "id"; tableName: "expenses"; dataType: "number"; columnType: "PgSerial"; data: number; driverParam: number; notNull: true; hasDefault: true; ... 6 more ...; generated: undefined; }, {}, {}>; ... 32 more ...; updated_at: PgColum...'.
server/routes/expenses.ts(176,39): error TS2339: Property 'date' does not exist on type 'PgTableWithColumns<{ name: "expenses"; schema: undefined; columns: { id: PgColumn<{ name: "id"; tableName: "expenses"; dataType: "number"; columnType: "PgSerial"; data: number; driverParam: number; notNull: true; hasDefault: true; ... 6 more ...; generated: undefined; }, {}, {}>; ... 32 more ...; updated_at: PgColum...'.
server/routes/expenses.ts(177,39): error TS2339: Property 'date' does not exist on type 'PgTableWithColumns<{ name: "expenses"; schema: undefined; columns: { id: PgColumn<{ name: "id"; tableName: "expenses"; dataType: "number"; columnType: "PgSerial"; data: number; driverParam: number; notNull: true; hasDefault: true; ... 6 more ...; generated: undefined; }, {}, {}>; ... 32 more ...; updated_at: PgColum...'.
server/routes/expenses.ts(225,8): error TS2769: No overload matches this call.
  Overload 1 of 2, '(value: { organization_id: number | SQL<unknown> | Placeholder<string, any>; user_id: number | SQL<unknown> | Placeholder<string, any>; amount: number | SQL<...> | Placeholder<...>; ... 30 more ...; gl_code?: string | ... 3 more ... | undefined; }): PgInsertBase<...>', gave the following error.
    Argument of type '{ organization_id: number; user_id: number; status: string; date: Date; description: string; currency: string; amount: number; category: string; isReimbursable: boolean; trip_id?: number | undefined; receiptUrl?: string | undefined; }' is not assignable to parameter of type '{ organization_id: number | SQL<unknown> | Placeholder<string, any>; user_id: number | SQL<unknown> | Placeholder<string, any>; amount: number | SQL<unknown> | Placeholder<...>; ... 30 more ...; gl_code?: string | ... 3 more ... | undefined; }'.
      Type '{ organization_id: number; user_id: number; status: string; date: Date; description: string; currency: string; amount: number; category: string; isReimbursable: boolean; trip_id?: number | undefined; receiptUrl?: string | undefined; }' is missing the following properties from type '{ organization_id: number | SQL<unknown> | Placeholder<string, any>; user_id: number | SQL<unknown> | Placeholder<string, any>; amount: number | SQL<unknown> | Placeholder<...>; ... 30 more ...; gl_code?: string | ... 3 more ... | undefined; }': merchant_name, transaction_date, expense_category
  Overload 2 of 2, '(values: { organization_id: number | SQL<unknown> | Placeholder<string, any>; user_id: number | SQL<unknown> | Placeholder<string, any>; amount: number | SQL<...> | Placeholder<...>; ... 30 more ...; gl_code?: string | ... 3 more ... | undefined; }[]): PgInsertBase<...>', gave the following error.
    Object literal may only specify known properties, and 'organization_id' does not exist in type '{ organization_id: number | SQL<unknown> | Placeholder<string, any>; user_id: number | SQL<unknown> | Placeholder<string, any>; amount: number | SQL<unknown> | Placeholder<...>; ... 30 more ...; gl_code?: string | ... 3 more ... | undefined; }[]'.
server/routes/expenses.ts(236,20): error TS2339: Property 'approvalRequests' does not exist on type 'NeonDatabase<{ superadminAuditLogs: PgTableWithColumns<{ name: "superadmin_audit_logs"; schema: undefined; columns: { id: PgColumn<{ name: "id"; tableName: "superadmin_audit_logs"; dataType: "number"; columnType: "PgSerial"; ... 10 more ...; generated: undefined; }, {}, {}>; ... 10 more ...; created_at: PgColumn<......'.
server/routes/expenses.ts(238,22): error TS2339: Property 'approvalRequests' does not exist on type 'NeonDatabase<{ superadminAuditLogs: PgTableWithColumns<{ name: "superadmin_audit_logs"; schema: undefined; columns: { id: PgColumn<{ name: "id"; tableName: "superadmin_audit_logs"; dataType: "number"; columnType: "PgSerial"; ... 10 more ...; generated: undefined; }, {}, {}>; ... 10 more ...; created_at: PgColumn<......'.
server/routes/expenses.ts(370,9): error TS2561: Object literal may only specify known properties, but 'approvedBy' does not exist in type '{ organization_id?: number | SQL<unknown> | PgColumn<ColumnBaseConfig<ColumnDataType, string>, {}, {}> | undefined; user_id?: number | SQL<...> | PgColumn<...> | undefined; ... 31 more ...; gl_code?: string | ... 3 more ... | undefined; }'. Did you mean to write 'approved_by'?
server/routes/expenses.ts(413,9): error TS2561: Object literal may only specify known properties, but 'receiptUrl' does not exist in type '{ organization_id?: number | SQL<unknown> | PgColumn<ColumnBaseConfig<ColumnDataType, string>, {}, {}> | undefined; user_id?: number | SQL<...> | PgColumn<...> | undefined; ... 31 more ...; gl_code?: string | ... 3 more ... | undefined; }'. Did you mean to write 'receipt_url'?
server/routes/expenses.ts(443,30): error TS2339: Property 'destination' does not exist on type 'PgTableWithColumns<{ name: "trips"; schema: undefined; columns: { id: PgColumn<{ name: "id"; tableName: "trips"; dataType: "number"; columnType: "PgSerial"; data: number; driverParam: number; notNull: true; hasDefault: true; ... 6 more ...; generated: undefined; }, {}, {}>; ... 25 more ...; updated_at: PgColumn<...>...'.
server/routes/expenses.ts(460,21): error TS2339: Property 'where' does not exist on type 'Omit<PgSelectBase<"expenses", { expense: PgTableWithColumns<{ name: "expenses"; schema: undefined; columns: { id: PgColumn<{ name: "id"; tableName: "expenses"; dataType: "number"; columnType: "PgSerial"; data: number; driverParam: number; ... 8 more ...; generated: undefined; }, {}, {}>; ... 32 more ...; updated_at:...'.
server/routes/expenses.ts(462,22): error TS2339: Property 'date' does not exist on type 'PgTableWithColumns<{ name: "expenses"; schema: undefined; columns: { id: PgColumn<{ name: "id"; tableName: "expenses"; dataType: "number"; columnType: "PgSerial"; data: number; driverParam: number; notNull: true; hasDefault: true; ... 6 more ...; generated: undefined; }, {}, {}>; ... 32 more ...; updated_at: PgColum...'.
server/routes/expenses.ts(467,21): error TS2339: Property 'where' does not exist on type 'Omit<PgSelectBase<"expenses", { expense: PgTableWithColumns<{ name: "expenses"; schema: undefined; columns: { id: PgColumn<{ name: "id"; tableName: "expenses"; dataType: "number"; columnType: "PgSerial"; data: number; driverParam: number; ... 8 more ...; generated: undefined; }, {}, {}>; ... 32 more ...; updated_at:...'.
server/routes/expenses.ts(469,22): error TS2339: Property 'date' does not exist on type 'PgTableWithColumns<{ name: "expenses"; schema: undefined; columns: { id: PgColumn<{ name: "id"; tableName: "expenses"; dataType: "number"; columnType: "PgSerial"; data: number; driverParam: number; notNull: true; hasDefault: true; ... 6 more ...; generated: undefined; }, {}, {}>; ... 32 more ...; updated_at: PgColum...'.
server/routes/expenses.ts(474,21): error TS2339: Property 'where' does not exist on type 'Omit<PgSelectBase<"expenses", { expense: PgTableWithColumns<{ name: "expenses"; schema: undefined; columns: { id: PgColumn<{ name: "id"; tableName: "expenses"; dataType: "number"; columnType: "PgSerial"; data: number; driverParam: number; ... 8 more ...; generated: undefined; }, {}, {}>; ... 32 more ...; updated_at:...'.
server/routes/expenses.ts(481,21): error TS2339: Property 'where' does not exist on type 'Omit<PgSelectBase<"expenses", { expense: PgTableWithColumns<{ name: "expenses"; schema: undefined; columns: { id: PgColumn<{ name: "id"; tableName: "expenses"; dataType: "number"; columnType: "PgSerial"; data: number; driverParam: number; ... 8 more ...; generated: undefined; }, {}, {}>; ... 32 more ...; updated_at:...'.
server/routes/expenses.ts(487,58): error TS2339: Property 'date' does not exist on type 'PgTableWithColumns<{ name: "expenses"; schema: undefined; columns: { id: PgColumn<{ name: "id"; tableName: "expenses"; dataType: "number"; columnType: "PgSerial"; data: number; driverParam: number; notNull: true; hasDefault: true; ... 6 more ...; generated: undefined; }, {}, {}>; ... 32 more ...; updated_at: PgColum...'.
server/routes/expenses.ts(495,19): error TS2339: Property 'date' does not exist on type '{ id: number; organization_id: number; user_id: number; card_id: number | null; trip_id: number | null; transaction_id: string | null; merchant_name: string; merchant_category: string | null; ... 25 more ...; updated_at: Date | null; }'.
server/routes/expenses.ts(496,15): error TS18047: 'expense.description' is possibly 'null'.
server/routes/expenses.ts(497,19): error TS2339: Property 'category' does not exist on type '{ id: number; organization_id: number; user_id: number; card_id: number | null; trip_id: number | null; transaction_id: string | null; merchant_name: string; merchant_category: string | null; ... 25 more ...; updated_at: Date | null; }'.
server/routes/expenses.ts(503,19): error TS2551: Property 'receiptUrl' does not exist on type '{ id: number; organization_id: number; user_id: number; card_id: number | null; trip_id: number | null; transaction_id: string | null; merchant_name: string; merchant_category: string | null; ... 25 more ...; updated_at: Date | null; }'. Did you mean 'receipt_url'?
server/routes/expenses.ts(517,17): error TS2538: Type 'null' cannot be used as an index type.
server/routes/expenses.ts(517,44): error TS2538: Type 'null' cannot be used as an index type.
server/routes/expenses.ts(521,29): error TS2339: Property 'category' does not exist on type '{ id: number; organization_id: number; user_id: number; card_id: number | null; trip_id: number | null; transaction_id: string | null; merchant_name: string; merchant_category: string | null; ... 25 more ...; updated_at: Date | null; }'.
server/routes/expenses.ts(521,58): error TS2339: Property 'category' does not exist on type '{ id: number; organization_id: number; user_id: number; card_id: number | null; trip_id: number | null; transaction_id: string | null; merchant_name: string; merchant_category: string | null; ... 25 more ...; updated_at: Date | null; }'.
server/routes/organizationFunding.ts(33,23): error TS2769: No overload matches this call.
  The last overload gave the following error.
    Argument of type '(req: AuthenticatedRequest, res: Response<any, Record<string, any>>, next: NextFunction) => Promise<void>' is not assignable to parameter of type 'RequestHandlerParams<ParamsDictionary, any, any, ParsedQs, Record<string, any>>'.
      Type '(req: AuthenticatedRequest, res: Response<any, Record<string, any>>, next: NextFunction) => Promise<void>' is not assignable to type 'RequestHandler<ParamsDictionary, any, any, ParsedQs, Record<string, any>>'.
        Types of parameters 'req' and 'req' are incompatible.
          Property 'isAuthenticated' is missing in type 'Request<ParamsDictionary, any, any, ParsedQs, Record<string, any>>' but required in type 'AuthenticatedRequest'.
server/routes/organizationFunding.ts(48,32): error TS2769: No overload matches this call.
  The last overload gave the following error.
    Argument of type '(req: AuthenticatedRequest, res: Response<any, Record<string, any>>, next: NextFunction) => Promise<void>' is not assignable to parameter of type 'RequestHandlerParams<ParamsDictionary, any, any, ParsedQs, Record<string, any>>'.
      Type '(req: AuthenticatedRequest, res: Response<any, Record<string, any>>, next: NextFunction) => Promise<void>' is not assignable to type 'RequestHandler<ParamsDictionary, any, any, ParsedQs, Record<string, any>>'.
        Types of parameters 'req' and 'req' are incompatible.
          Property 'isAuthenticated' is missing in type 'Request<ParamsDictionary, any, any, ParsedQs, Record<string, any>>' but required in type 'AuthenticatedRequest'.
server/routes/organizationFunding.ts(73,33): error TS2769: No overload matches this call.
  The last overload gave the following error.
    Argument of type '(req: AuthenticatedRequest, res: Response<any, Record<string, any>>, next: NextFunction) => Promise<void>' is not assignable to parameter of type 'RequestHandlerParams<ParamsDictionary, any, any, ParsedQs, Record<string, any>>'.
      Type '(req: AuthenticatedRequest, res: Response<any, Record<string, any>>, next: NextFunction) => Promise<void>' is not assignable to type 'RequestHandler<ParamsDictionary, any, any, ParsedQs, Record<string, any>>'.
        Types of parameters 'req' and 'req' are incompatible.
          Property 'isAuthenticated' is missing in type 'Request<ParamsDictionary, any, any, ParsedQs, Record<string, any>>' but required in type 'AuthenticatedRequest'.
server/routes/organizationFunding.ts(103,31): error TS2769: No overload matches this call.
  The last overload gave the following error.
    Argument of type '(req: AuthenticatedRequest, res: Response<any, Record<string, any>>, next: NextFunction) => Promise<void>' is not assignable to parameter of type 'RequestHandlerParams<ParamsDictionary, any, any, ParsedQs, Record<string, any>>'.
      Type '(req: AuthenticatedRequest, res: Response<any, Record<string, any>>, next: NextFunction) => Promise<void>' is not assignable to type 'RequestHandler<ParamsDictionary, any, any, ParsedQs, Record<string, any>>'.
        Types of parameters 'req' and 'req' are incompatible.
          Property 'isAuthenticated' is missing in type 'Request<ParamsDictionary, any, any, ParsedQs, Record<string, any>>' but required in type 'AuthenticatedRequest'.
server/routes/organizationFunding.ts(118,31): error TS2769: No overload matches this call.
  The last overload gave the following error.
    Argument of type '(req: AuthenticatedRequest, res: Response<any, Record<string, any>>, next: NextFunction) => Promise<void>' is not assignable to parameter of type 'RequestHandlerParams<ParamsDictionary, any, any, ParsedQs, Record<string, any>>'.
      Type '(req: AuthenticatedRequest, res: Response<any, Record<string, any>>, next: NextFunction) => Promise<void>' is not assignable to type 'RequestHandler<ParamsDictionary, any, any, ParsedQs, Record<string, any>>'.
        Types of parameters 'req' and 'req' are incompatible.
          Property 'isAuthenticated' is missing in type 'Request<ParamsDictionary, any, any, ParsedQs, Record<string, any>>' but required in type 'AuthenticatedRequest'.
server/routes/organizationFunding.ts(143,27): error TS2769: No overload matches this call.
  The last overload gave the following error.
    Argument of type '(req: AuthenticatedRequest, res: Response<any, Record<string, any>>, next: NextFunction) => Promise<void>' is not assignable to parameter of type 'RequestHandlerParams<ParamsDictionary, any, any, ParsedQs, Record<string, any>>'.
      Type '(req: AuthenticatedRequest, res: Response<any, Record<string, any>>, next: NextFunction) => Promise<void>' is not assignable to type 'RequestHandler<ParamsDictionary, any, any, ParsedQs, Record<string, any>>'.
        Types of parameters 'req' and 'req' are incompatible.
          Property 'isAuthenticated' is missing in type 'Request<ParamsDictionary, any, any, ParsedQs, Record<string, any>>' but required in type 'AuthenticatedRequest'.
server/routes/organizationMembers.ts(18,12): error TS2769: No overload matches this call.
  The last overload gave the following error.
    Argument of type '(req: AuthenticatedRequest, res: Response<any, Record<string, any>>, next: NextFunction) => Promise<void>' is not assignable to parameter of type 'PathParams'.
server/routes/organizationMembers.ts(89,28): error TS2339: Property 'userOrgRole' does not exist on type 'Request<ParamsDictionary, any, any, ParsedQs, Record<string, any>>'.
server/routes/organizationMembers.ts(92,81): error TS2339: Property 'userOrgRole' does not exist on type 'Request<ParamsDictionary, any, any, ParsedQs, Record<string, any>>'.
server/routes/organizationMembers.ts(201,30): error TS2339: Property 'userOrgRole' does not exist on type 'Request<ParamsDictionary, any, any, ParsedQs, Record<string, any>>'.
server/routes/organizationMembers.ts(204,97): error TS2339: Property 'userOrgRole' does not exist on type 'Request<ParamsDictionary, any, any, ParsedQs, Record<string, any>>'.
server/routes/organizationMembers.ts(324,10): error TS2339: Property 'userOrgRole' does not exist on type 'Request<ParamsDictionary, any, any, ParsedQs, Record<string, any>>'.
server/routes/organizationMembers.ts(324,43): error TS2339: Property 'userOrgRole' does not exist on type 'Request<ParamsDictionary, any, any, ParsedQs, Record<string, any>>'.
server/routes/organizationMembers.ts(329,26): error TS2339: Property 'userOrgRole' does not exist on type 'Request<ParamsDictionary, any, any, ParsedQs, Record<string, any>>'.
server/routes/organizations.ts(15,12): error TS2769: No overload matches this call.
  The last overload gave the following error.
    Argument of type '(req: AuthenticatedRequest, res: Response<any, Record<string, any>>, next: NextFunction) => Promise<void>' is not assignable to parameter of type 'PathParams'.
server/routes/reporting.ts(93,30): error TS2339: Property 'destination' does not exist on type 'PgTableWithColumns<{ name: "trips"; schema: undefined; columns: { id: PgColumn<{ name: "id"; tableName: "trips"; dataType: "number"; columnType: "PgSerial"; data: number; driverParam: number; notNull: true; hasDefault: true; ... 6 more ...; generated: undefined; }, {}, {}>; ... 25 more ...; updated_at: PgColumn<...>...'.
server/routes/reporting.ts(96,25): error TS2339: Property 'status' does not exist on type 'PgTableWithColumns<{ name: "trips"; schema: undefined; columns: { id: PgColumn<{ name: "id"; tableName: "trips"; dataType: "number"; columnType: "PgSerial"; data: number; driverParam: number; notNull: true; hasDefault: true; ... 6 more ...; generated: undefined; }, {}, {}>; ... 25 more ...; updated_at: PgColumn<...>...'.
server/routes/reporting.ts(97,30): error TS2339: Property 'total_budget' does not exist on type 'PgTableWithColumns<{ name: "trips"; schema: undefined; columns: { id: PgColumn<{ name: "id"; tableName: "trips"; dataType: "number"; columnType: "PgSerial"; data: number; driverParam: number; notNull: true; hasDefault: true; ... 6 more ...; generated: undefined; }, {}, {}>; ... 25 more ...; updated_at: PgColumn<...>...'.
server/routes/reporting.ts(102,29): error TS2339: Property 'department' does not exist on type 'PgTableWithColumns<{ name: "users"; schema: undefined; columns: { id: PgColumn<{ name: "id"; tableName: "users"; dataType: "number"; columnType: "PgSerial"; data: number; driverParam: number; notNull: true; hasDefault: true; ... 6 more ...; generated: undefined; }, {}, {}>; ... 14 more ...; created_at: PgColumn<...>...'.
server/routes/reporting.ts(318,21): error TS2339: Property 'status' does not exist on type 'PgTableWithColumns<{ name: "trips"; schema: undefined; columns: { id: PgColumn<{ name: "id"; tableName: "trips"; dataType: "number"; columnType: "PgSerial"; data: number; driverParam: number; notNull: true; hasDefault: true; ... 6 more ...; generated: undefined; }, {}, {}>; ... 25 more ...; updated_at: PgColumn<...>...'.
server/routes/reporting.ts(327,20): error TS2339: Property 'status' does not exist on type 'PgTableWithColumns<{ name: "trips"; schema: undefined; columns: { id: PgColumn<{ name: "id"; tableName: "trips"; dataType: "number"; columnType: "PgSerial"; data: number; driverParam: number; notNull: true; hasDefault: true; ... 6 more ...; generated: undefined; }, {}, {}>; ... 25 more ...; updated_at: PgColumn<...>...'.
server/routes/reporting.ts(346,20): error TS2551: Property 'createdAt' does not exist on type 'PgTableWithColumns<{ name: "expenses"; schema: undefined; columns: { id: PgColumn<{ name: "id"; tableName: "expenses"; dataType: "number"; columnType: "PgSerial"; data: number; driverParam: number; notNull: true; hasDefault: true; ... 6 more ...; generated: undefined; }, {}, {}>; ... 32 more ...; updated_at: PgColum...'. Did you mean 'created_at'?
server/routes/reporting.ts(347,20): error TS2551: Property 'createdAt' does not exist on type 'PgTableWithColumns<{ name: "expenses"; schema: undefined; columns: { id: PgColumn<{ name: "id"; tableName: "expenses"; dataType: "number"; columnType: "PgSerial"; data: number; driverParam: number; notNull: true; hasDefault: true; ... 6 more ...; generated: undefined; }, {}, {}>; ... 32 more ...; updated_at: PgColum...'. Did you mean 'created_at'?
server/routes/reporting.ts(352,26): error TS2339: Property 'category' does not exist on type 'PgTableWithColumns<{ name: "expenses"; schema: undefined; columns: { id: PgColumn<{ name: "id"; tableName: "expenses"; dataType: "number"; columnType: "PgSerial"; data: number; driverParam: number; notNull: true; hasDefault: true; ... 6 more ...; generated: undefined; }, {}, {}>; ... 32 more ...; updated_at: PgColum...'.
server/routes/reporting.ts(359,20): error TS2551: Property 'createdAt' does not exist on type 'PgTableWithColumns<{ name: "expenses"; schema: undefined; columns: { id: PgColumn<{ name: "id"; tableName: "expenses"; dataType: "number"; columnType: "PgSerial"; data: number; driverParam: number; notNull: true; hasDefault: true; ... 6 more ...; generated: undefined; }, {}, {}>; ... 32 more ...; updated_at: PgColum...'. Did you mean 'created_at'?
server/routes/reporting.ts(360,20): error TS2551: Property 'createdAt' does not exist on type 'PgTableWithColumns<{ name: "expenses"; schema: undefined; columns: { id: PgColumn<{ name: "id"; tableName: "expenses"; dataType: "number"; columnType: "PgSerial"; data: number; driverParam: number; notNull: true; hasDefault: true; ... 6 more ...; generated: undefined; }, {}, {}>; ... 32 more ...; updated_at: PgColum...'. Did you mean 'created_at'?
server/routes/reporting.ts(362,23): error TS2339: Property 'category' does not exist on type 'PgTableWithColumns<{ name: "expenses"; schema: undefined; columns: { id: PgColumn<{ name: "id"; tableName: "expenses"; dataType: "number"; columnType: "PgSerial"; data: number; driverParam: number; notNull: true; hasDefault: true; ... 6 more ...; generated: undefined; }, {}, {}>; ... 32 more ...; updated_at: PgColum...'.
server/routes/reporting.ts(380,19): error TS2551: Property 'organization_id' does not exist on type 'PgTableWithColumns<{ name: "bookings"; schema: undefined; columns: { id: PgColumn<{ name: "id"; tableName: "bookings"; dataType: "number"; columnType: "PgSerial"; data: number; driverParam: number; notNull: true; hasDefault: true; ... 6 more ...; generated: undefined; }, {}, {}>; ... 19 more ...; updatedAt: PgColumn...'. Did you mean 'organizationId'?
server/routes/reporting.ts(416,27): error TS2551: Property 'organization_id' does not exist on type 'PgTableWithColumns<{ name: "approval_requests"; schema: undefined; columns: { id: PgColumn<{ name: "id"; tableName: "approval_requests"; dataType: "number"; columnType: "PgSerial"; data: number; driverParam: number; notNull: true; ... 7 more ...; generated: undefined; }, {}, {}>; ... 20 more ...; updatedAt: PgColumn...'. Did you mean 'organizationId'?
server/routes/reporting.ts(441,20): error TS2551: Property 'createdAt' does not exist on type 'PgTableWithColumns<{ name: "expenses"; schema: undefined; columns: { id: PgColumn<{ name: "id"; tableName: "expenses"; dataType: "number"; columnType: "PgSerial"; data: number; driverParam: number; notNull: true; hasDefault: true; ... 6 more ...; generated: undefined; }, {}, {}>; ... 32 more ...; updated_at: PgColum...'. Did you mean 'created_at'?
server/routes/reporting.ts(442,20): error TS2551: Property 'createdAt' does not exist on type 'PgTableWithColumns<{ name: "expenses"; schema: undefined; columns: { id: PgColumn<{ name: "id"; tableName: "expenses"; dataType: "number"; columnType: "PgSerial"; data: number; driverParam: number; notNull: true; hasDefault: true; ... 6 more ...; generated: undefined; }, {}, {}>; ... 32 more ...; updated_at: PgColum...'. Did you mean 'created_at'?
server/routes/reporting.ts(449,19): error TS2551: Property 'organization_id' does not exist on type 'PgTableWithColumns<{ name: "bookings"; schema: undefined; columns: { id: PgColumn<{ name: "id"; tableName: "bookings"; dataType: "number"; columnType: "PgSerial"; data: number; driverParam: number; notNull: true; hasDefault: true; ... 6 more ...; generated: undefined; }, {}, {}>; ... 19 more ...; updatedAt: PgColumn...'. Did you mean 'organizationId'?
server/routes/reporting.ts(467,44): error TS2339: Property 'total_budget' does not exist on type 'PgTableWithColumns<{ name: "trips"; schema: undefined; columns: { id: PgColumn<{ name: "id"; tableName: "trips"; dataType: "number"; columnType: "PgSerial"; data: number; driverParam: number; notNull: true; hasDefault: true; ... 6 more ...; generated: undefined; }, {}, {}>; ... 25 more ...; updated_at: PgColumn<...>...'.
server/routes/reporting.ts(531,20): error TS2551: Property 'createdAt' does not exist on type 'PgTableWithColumns<{ name: "expenses"; schema: undefined; columns: { id: PgColumn<{ name: "id"; tableName: "expenses"; dataType: "number"; columnType: "PgSerial"; data: number; driverParam: number; notNull: true; hasDefault: true; ... 6 more ...; generated: undefined; }, {}, {}>; ... 32 more ...; updated_at: PgColum...'. Did you mean 'created_at'?
server/routes/reporting.ts(532,20): error TS2551: Property 'createdAt' does not exist on type 'PgTableWithColumns<{ name: "expenses"; schema: undefined; columns: { id: PgColumn<{ name: "id"; tableName: "expenses"; dataType: "number"; columnType: "PgSerial"; data: number; driverParam: number; notNull: true; hasDefault: true; ... 6 more ...; generated: undefined; }, {}, {}>; ... 32 more ...; updated_at: PgColum...'. Did you mean 'created_at'?
server/routes/reporting.ts(540,20): error TS2551: Property 'createdAt' does not exist on type 'PgTableWithColumns<{ name: "expenses"; schema: undefined; columns: { id: PgColumn<{ name: "id"; tableName: "expenses"; dataType: "number"; columnType: "PgSerial"; data: number; driverParam: number; notNull: true; hasDefault: true; ... 6 more ...; generated: undefined; }, {}, {}>; ... 32 more ...; updated_at: PgColum...'. Did you mean 'created_at'?
server/routes/reporting.ts(541,20): error TS2551: Property 'createdAt' does not exist on type 'PgTableWithColumns<{ name: "expenses"; schema: undefined; columns: { id: PgColumn<{ name: "id"; tableName: "expenses"; dataType: "number"; columnType: "PgSerial"; data: number; driverParam: number; notNull: true; hasDefault: true; ... 6 more ...; generated: undefined; }, {}, {}>; ... 32 more ...; updated_at: PgColum...'. Did you mean 'created_at'?
server/routes/reporting.ts(542,22): error TS2551: Property 'receiptUrl' does not exist on type 'PgTableWithColumns<{ name: "expenses"; schema: undefined; columns: { id: PgColumn<{ name: "id"; tableName: "expenses"; dataType: "number"; columnType: "PgSerial"; data: number; driverParam: number; notNull: true; hasDefault: true; ... 6 more ...; generated: undefined; }, {}, {}>; ... 32 more ...; updated_at: PgColum...'. Did you mean 'receipt_url'?
server/routes/reporting.ts(561,27): error TS2551: Property 'organization_id' does not exist on type 'PgTableWithColumns<{ name: "approval_requests"; schema: undefined; columns: { id: PgColumn<{ name: "id"; tableName: "approval_requests"; dataType: "number"; columnType: "PgSerial"; data: number; driverParam: number; notNull: true; ... 7 more ...; generated: undefined; }, {}, {}>; ... 20 more ...; updatedAt: PgColumn...'. Did you mean 'organizationId'?
server/routes/reporting.ts(570,27): error TS2551: Property 'organization_id' does not exist on type 'PgTableWithColumns<{ name: "approval_requests"; schema: undefined; columns: { id: PgColumn<{ name: "id"; tableName: "approval_requests"; dataType: "number"; columnType: "PgSerial"; data: number; driverParam: number; notNull: true; ... 7 more ...; generated: undefined; }, {}, {}>; ... 20 more ...; updatedAt: PgColumn...'. Did you mean 'organizationId'?
server/routes/reporting.ts(592,26): error TS2339: Property 'category' does not exist on type 'PgTableWithColumns<{ name: "expenses"; schema: undefined; columns: { id: PgColumn<{ name: "id"; tableName: "expenses"; dataType: "number"; columnType: "PgSerial"; data: number; driverParam: number; notNull: true; hasDefault: true; ... 6 more ...; generated: undefined; }, {}, {}>; ... 32 more ...; updated_at: PgColum...'.
server/routes/reporting.ts(598,20): error TS2551: Property 'createdAt' does not exist on type 'PgTableWithColumns<{ name: "expenses"; schema: undefined; columns: { id: PgColumn<{ name: "id"; tableName: "expenses"; dataType: "number"; columnType: "PgSerial"; data: number; driverParam: number; notNull: true; hasDefault: true; ... 6 more ...; generated: undefined; }, {}, {}>; ... 32 more ...; updated_at: PgColum...'. Did you mean 'created_at'?
server/routes/reporting.ts(599,20): error TS2551: Property 'createdAt' does not exist on type 'PgTableWithColumns<{ name: "expenses"; schema: undefined; columns: { id: PgColumn<{ name: "id"; tableName: "expenses"; dataType: "number"; columnType: "PgSerial"; data: number; driverParam: number; notNull: true; hasDefault: true; ... 6 more ...; generated: undefined; }, {}, {}>; ... 32 more ...; updated_at: PgColum...'. Did you mean 'created_at'?
server/routes/reporting.ts(600,22): error TS2339: Property 'category' does not exist on type 'PgTableWithColumns<{ name: "expenses"; schema: undefined; columns: { id: PgColumn<{ name: "id"; tableName: "expenses"; dataType: "number"; columnType: "PgSerial"; data: number; driverParam: number; notNull: true; hasDefault: true; ... 6 more ...; generated: undefined; }, {}, {}>; ... 32 more ...; updated_at: PgColum...'.
server/routes/reporting.ts(602,23): error TS2339: Property 'category' does not exist on type 'PgTableWithColumns<{ name: "expenses"; schema: undefined; columns: { id: PgColumn<{ name: "id"; tableName: "expenses"; dataType: "number"; columnType: "PgSerial"; data: number; driverParam: number; notNull: true; hasDefault: true; ... 6 more ...; generated: undefined; }, {}, {}>; ... 32 more ...; updated_at: PgColum...'.
server/routes/reporting.ts(671,34): error TS2551: Property 'trip_id' does not exist on type 'PgTableWithColumns<{ name: "bookings"; schema: undefined; columns: { id: PgColumn<{ name: "id"; tableName: "bookings"; dataType: "number"; columnType: "PgSerial"; data: number; driverParam: number; notNull: true; hasDefault: true; ... 6 more ...; generated: undefined; }, {}, {}>; ... 19 more ...; updatedAt: PgColumn...'. Did you mean 'tripId'?
server/routes/reporting.ts(672,34): error TS2551: Property 'user_id' does not exist on type 'PgTableWithColumns<{ name: "bookings"; schema: undefined; columns: { id: PgColumn<{ name: "id"; tableName: "bookings"; dataType: "number"; columnType: "PgSerial"; data: number; driverParam: number; notNull: true; hasDefault: true; ... 6 more ...; generated: undefined; }, {}, {}>; ... 19 more ...; updatedAt: PgColumn...'. Did you mean 'userId'?
server/routes/reporting.ts(673,24): error TS2551: Property 'organization_id' does not exist on type 'PgTableWithColumns<{ name: "bookings"; schema: undefined; columns: { id: PgColumn<{ name: "id"; tableName: "bookings"; dataType: "number"; columnType: "PgSerial"; data: number; driverParam: number; notNull: true; hasDefault: true; ... 6 more ...; generated: undefined; }, {}, {}>; ... 19 more ...; updatedAt: PgColumn...'. Did you mean 'organizationId'?
server/routes/reporting.ts(682,32): error TS2551: Property 'organization_id' does not exist on type 'PgTableWithColumns<{ name: "approval_requests"; schema: undefined; columns: { id: PgColumn<{ name: "id"; tableName: "approval_requests"; dataType: "number"; columnType: "PgSerial"; data: number; driverParam: number; notNull: true; ... 7 more ...; generated: undefined; }, {}, {}>; ... 20 more ...; updatedAt: PgColumn...'. Did you mean 'organizationId'?
server/routes/security.ts(37,26): error TS2339: Property 'target_organization_id' does not exist on type 'PgTableWithColumns<{ name: "admin_audit_log"; schema: undefined; columns: { id: PgColumn<{ name: "id"; tableName: "admin_audit_log"; dataType: "number"; columnType: "PgSerial"; data: number; driverParam: number; notNull: true; ... 7 more ...; generated: undefined; }, {}, {}>; ... 4 more ...; timestamp: PgColumn<...>...'.
server/routes/security.ts(142,28): error TS2339: Property 'target_organization_id' does not exist on type 'PgTableWithColumns<{ name: "admin_audit_log"; schema: undefined; columns: { id: PgColumn<{ name: "id"; tableName: "admin_audit_log"; dataType: "number"; columnType: "PgSerial"; data: number; driverParam: number; notNull: true; ... 7 more ...; generated: undefined; }, {}, {}>; ... 4 more ...; timestamp: PgColumn<...>...'.
server/routes/security.ts(150,28): error TS2339: Property 'target_organization_id' does not exist on type 'PgTableWithColumns<{ name: "admin_audit_log"; schema: undefined; columns: { id: PgColumn<{ name: "id"; tableName: "admin_audit_log"; dataType: "number"; columnType: "PgSerial"; data: number; driverParam: number; notNull: true; ... 7 more ...; generated: undefined; }, {}, {}>; ... 4 more ...; timestamp: PgColumn<...>...'.
server/routes/security.ts(158,28): error TS2339: Property 'target_organization_id' does not exist on type 'PgTableWithColumns<{ name: "admin_audit_log"; schema: undefined; columns: { id: PgColumn<{ name: "id"; tableName: "admin_audit_log"; dataType: "number"; columnType: "PgSerial"; data: number; driverParam: number; notNull: true; ... 7 more ...; generated: undefined; }, {}, {}>; ... 4 more ...; timestamp: PgColumn<...>...'.
server/routes/security.ts(222,26): error TS2339: Property 'target_organization_id' does not exist on type 'PgTableWithColumns<{ name: "admin_audit_log"; schema: undefined; columns: { id: PgColumn<{ name: "id"; tableName: "admin_audit_log"; dataType: "number"; columnType: "PgSerial"; data: number; driverParam: number; notNull: true; ... 7 more ...; generated: undefined; }, {}, {}>; ... 4 more ...; timestamp: PgColumn<...>...'.
server/routes/stripeOAuth.ts(14,3): error TS2322: Type '"2025-04-30.basil"' is not assignable to type '"2025-07-30.basil"'.
server/routes/subscription-status.ts(8,12): error TS2769: No overload matches this call.
  The last overload gave the following error.
    Argument of type '(req: AuthenticatedRequest, res: Response<any, Record<string, any>>, next: NextFunction) => Promise<void>' is not assignable to parameter of type 'PathParams'.
server/routes/trips.ts(18,12): error TS2769: No overload matches this call.
  The last overload gave the following error.
    Argument of type '(req: AuthenticatedRequest, res: Response<any, Record<string, any>>, next: NextFunction) => Promise<void>' is not assignable to parameter of type 'PathParams'.
server/routes/trips.ts(190,7): error TS2339: Property 'skipCaseConversion' does not exist on type 'Request<ParamsDictionary, any, any, ParsedQs, Record<string, any>>'.
server/routes/trips.ts(410,28): error TS2339: Property 'displayName' does not exist on type 'JWTUser'.
server/routes/webhooks.ts(14,3): error TS2322: Type '"2025-04-30.basil"' is not assignable to type '"2025-07-30.basil"'.
server/routes/whiteLabelSimplified.ts(7,11): error TS2430: Interface 'AuthenticatedRequest' incorrectly extends interface 'Request<ParamsDictionary, any, any, ParsedQs, Record<string, any>>'.
  Types of property 'user' are incompatible.
    Type '{ id: number; email: string; username: string; role: string; organization_id?: number | undefined; organizationId?: number | undefined; } | undefined' is not assignable to type 'JWTUser | undefined'.
      Type '{ id: number; email: string; username: string; role: string; organization_id?: number | undefined; organizationId?: number | undefined; }' is not assignable to type 'JWTUser'.
        Types of property 'organization_id' are incompatible.
          Type 'number | undefined' is not assignable to type 'number'.
            Type 'undefined' is not assignable to type 'number'.
server/services/duffelFlightService.ts(229,34): error TS7006: Parameter 'slice' implicitly has an 'any' type.
server/services/duffelFlightService.ts(243,40): error TS7006: Parameter 'segment' implicitly has an 'any' type.
server/services/duffelFlightService.ts(320,34): error TS7006: Parameter 'slice' implicitly has an 'any' type.
server/services/duffelFlightService.ts(334,40): error TS7006: Parameter 'segment' implicitly has an 'any' type.
server/services/duffelFlightService.ts(357,42): error TS7006: Parameter 'passenger' implicitly has an 'any' type.
server/services/duffelFlightService.ts(361,44): error TS7006: Parameter 'baggage' implicitly has an 'any' type.
server/services/duffelFlightService.ts(398,29): error TS2304: Cannot find name 'duffel'.
server/services/duffelFlightService.ts(420,43): error TS7006: Parameter 'doc' implicitly has an 'any' type.
server/services/duffelFlightService.ts(424,44): error TS7006: Parameter 'passenger' implicitly has an 'any' type.
server/services/duffelFlightService.ts(430,36): error TS7006: Parameter 'slice' implicitly has an 'any' type.
server/services/duffelFlightService.ts(432,40): error TS7006: Parameter 'segment' implicitly has an 'any' type.
server/services/duffelFlightService.ts(434,48): error TS7006: Parameter 'passenger' implicitly has an 'any' type.
server/services/duffelFlightService.ts(461,29): error TS2304: Cannot find name 'duffel'.
server/services/duffelFlightService.ts(469,43): error TS7006: Parameter 'doc' implicitly has an 'any' type.
server/services/duffelFlightService.ts(473,44): error TS7006: Parameter 'passenger' implicitly has an 'any' type.
server/services/duffelFlightService.ts(479,36): error TS7006: Parameter 'slice' implicitly has an 'any' type.
server/services/duffelFlightService.ts(481,40): error TS7006: Parameter 'segment' implicitly has an 'any' type.
server/services/duffelFlightService.ts(483,48): error TS7006: Parameter 'passenger' implicitly has an 'any' type.
server/services/duffelFlightService.ts(507,34): error TS2304: Cannot find name 'duffel'.
server/services/duffelFlightService.ts(530,30): error TS2304: Cannot find name 'duffel'.
server/services/duffelFlightService.ts(535,32): error TS7006: Parameter 'airport' implicitly has an 'any' type.
server/services/organizationFundingService.ts(65,11): error TS2353: Object literal may only specify known properties, and 'stripe_account_id' does not exist in type '{ name?: string | SQL<unknown> | PgColumn<ColumnBaseConfig<ColumnDataType, string>, {}, {}> | undefined; id?: number | SQL<unknown> | PgColumn<...> | undefined; ... 29 more ...; updated_at?: Date | ... 3 more ... | undefined; }'.
server/services/organizationFundingService.ts(82,18): error TS2339: Property 'stripe_account_id' does not exist on type '{ id: number; name: string; domain: string | null; plan: string | null; white_label_enabled: boolean | null; white_label_plan: string | null; primary_color: string | null; secondary_color: string | null; ... 23 more ...; updated_at: Date | null; }'.
server/services/organizationFundingService.ts(88,25): error TS2339: Property 'stripe_account_id' does not exist on type '{ id: number; name: string; domain: string | null; plan: string | null; white_label_enabled: boolean | null; white_label_plan: string | null; primary_color: string | null; secondary_color: string | null; ... 23 more ...; updated_at: Date | null; }'.
server/services/organizationFundingService.ts(105,18): error TS2339: Property 'stripe_account_id' does not exist on type '{ id: number; name: string; domain: string | null; plan: string | null; white_label_enabled: boolean | null; white_label_plan: string | null; primary_color: string | null; secondary_color: string | null; ... 23 more ...; updated_at: Date | null; }'.
server/services/organizationFundingService.ts(110,61): error TS2339: Property 'stripe_account_id' does not exist on type '{ id: number; name: string; domain: string | null; plan: string | null; white_label_enabled: boolean | null; white_label_plan: string | null; primary_color: string | null; secondary_color: string | null; ... 23 more ...; updated_at: Date | null; }'.
server/services/organizationFundingService.ts(142,18): error TS2339: Property 'stripe_account_id' does not exist on type '{ id: number; name: string; domain: string | null; plan: string | null; white_label_enabled: boolean | null; white_label_plan: string | null; primary_color: string | null; secondary_color: string | null; ... 23 more ...; updated_at: Date | null; }'.
server/services/organizationFundingService.ts(157,20): error TS2339: Property 'stripe_account_id' does not exist on type '{ id: number; name: string; domain: string | null; plan: string | null; white_label_enabled: boolean | null; white_label_plan: string | null; primary_color: string | null; secondary_color: string | null; ... 23 more ...; updated_at: Date | null; }'.
server/services/organizationFundingService.ts(244,18): error TS2339: Property 'stripe_account_id' does not exist on type '{ id: number; name: string; domain: string | null; plan: string | null; white_label_enabled: boolean | null; white_label_plan: string | null; primary_color: string | null; secondary_color: string | null; ... 23 more ...; updated_at: Date | null; }'.
server/services/organizationFundingService.ts(253,9): error TS2322: Type '"business_entity"' is not assignable to type 'Type | undefined'.
server/services/organizationFundingService.ts(262,31): error TS2339: Property 'stripe_account_id' does not exist on type '{ id: number; name: string; domain: string | null; plan: string | null; white_label_enabled: boolean | null; white_label_plan: string | null; primary_color: string | null; secondary_color: string | null; ... 23 more ...; updated_at: Date | null; }'.
server/services/organizationFundingService.ts(279,31): error TS2339: Property 'stripe_account_id' does not exist on type '{ id: number; name: string; domain: string | null; plan: string | null; white_label_enabled: boolean | null; white_label_plan: string | null; primary_color: string | null; secondary_color: string | null; ... 23 more ...; updated_at: Date | null; }'.
server/services/organizationFundingService.ts(293,18): error TS2339: Property 'stripe_account_id' does not exist on type '{ id: number; name: string; domain: string | null; plan: string | null; white_label_enabled: boolean | null; white_label_plan: string | null; primary_color: string | null; secondary_color: string | null; ... 23 more ...; updated_at: Date | null; }'.
server/services/stripeIssuingService.ts(74,11): error TS2322: Type 'string[]' is not assignable to type 'AllowedCategory[]'.
  Type 'string' is not assignable to type 'AllowedCategory'.
server/services/stripeIssuingService.ts(82,11): error TS2322: Type 'string[]' is not assignable to type 'BlockedCategory[]'.
  Type 'string' is not assignable to type 'BlockedCategory'.
server/services/stripeIssuingService.ts(168,33): error TS18047: 'stripe' is possibly 'null'.
server/services/stripeIssuingService.ts(203,13): error TS18047: 'stripe' is possibly 'null'.
server/services/stripeIssuingService.ts(237,13): error TS18047: 'stripe' is possibly 'null'.
server/services/stripeIssuingService.ts(298,43): error TS2551: Property 'authorization_code' does not exist on type 'Authorization'. Did you mean 'authorization_method'?
server/services/stripeIssuingService.ts(337,82): error TS2339: Property 'id' does not exist on type 'string | Card'.
  Property 'id' does not exist on type 'string'.
server/services/stripeIssuingService.ts(339,73): error TS2339: Property 'id' does not exist on type 'string | Card'.
  Property 'id' does not exist on type 'string'.
server/services/stripeIssuingService.ts(349,54): error TS2339: Property 'id' does not exist on type 'string | Authorization'.
  Property 'id' does not exist on type 'string'.
server/services/stripeIssuingService.ts(432,34): error TS2339: Property 'remaining_limit' does not exist on type '{ id: number; organization_id: number; user_id: number; stripe_card_id: string; card_number_masked: string; card_token: string; card_provider: string; card_type: string | null; status: string | null; ... 18 more ...; updated_at: Date | null; }'.
server/services/stripeIssuingService.ts(433,44): error TS2339: Property 'remaining_limit' does not exist on type '{ id: number; organization_id: number; user_id: number; stripe_card_id: string; card_number_masked: string; card_token: string; card_provider: string; card_type: string | null; status: string | null; ... 18 more ...; updated_at: Date | null; }'.
server/services/stripeIssuingService.ts(453,18): error TS2339: Property 'phone' does not exist on type '{ id: number; organization_id: number | null; use_case: string | null; role: string | null; role_type: string | null; username: string; email: string; auth_id: string; password_hash: string | null; ... 6 more ...; created_at: Date | null; }'.
server/ssoProvider.ts(5,29): error TS2307: Cannot find module './auditLogger' or its corresponding type declarations.
server/ssoProvider.ts(155,11): error TS2353: Object literal may only specify known properties, and 'sso_provider' does not exist in type '{ username?: string | SQL<unknown> | PgColumn<ColumnBaseConfig<ColumnDataType, string>, {}, {}> | undefined; email?: string | SQL<unknown> | PgColumn<...> | undefined; ... 13 more ...; created_at?: Date | ... 3 more ... | undefined; }'.
server/ssoProvider.ts(177,10): error TS2769: No overload matches this call.
  Overload 1 of 2, '(value: { username: string | SQL<unknown> | Placeholder<string, any>; email: string | SQL<unknown> | Placeholder<string, any>; auth_id: string | SQL<unknown> | Placeholder<...>; ... 12 more ...; created_at?: Date | ... 3 more ... | undefined; }): PgInsertBase<...>', gave the following error.
    Object literal may only specify known properties, and 'sso_provider' does not exist in type '{ username: string | SQL<unknown> | Placeholder<string, any>; email: string | SQL<unknown> | Placeholder<string, any>; auth_id: string | SQL<unknown> | Placeholder<...>; ... 12 more ...; created_at?: Date | ... 3 more ... | undefined; }'.
  Overload 2 of 2, '(values: { username: string | SQL<unknown> | Placeholder<string, any>; email: string | SQL<unknown> | Placeholder<string, any>; auth_id: string | SQL<unknown> | Placeholder<...>; ... 12 more ...; created_at?: Date | ... 3 more ... | undefined; }[]): PgInsertBase<...>', gave the following error.
    Object literal may only specify known properties, and 'email' does not exist in type '{ username: string | SQL<unknown> | Placeholder<string, any>; email: string | SQL<unknown> | Placeholder<string, any>; auth_id: string | SQL<unknown> | Placeholder<...>; ... 12 more ...; created_at?: Date | ... 3 more ... | undefined; }[]'.
server/ssoProvider.ts(295,49): error TS2551: Property 'organization_id' does not exist on type 'SSOConfig'. Did you mean 'organizationId'?
server/ssoProvider.ts(316,30): error TS2551: Property 'organization_id' does not exist on type 'SSOConfig'. Did you mean 'organizationId'?
server/ssoProvider.ts(340,48): error TS2551: Property 'organization_id' does not exist on type '{ organizationId: string; }'. Did you mean 'organizationId'?
server/ssoProvider.ts(354,48): error TS2551: Property 'organization_id' does not exist on type '{ organizationId: string; }'. Did you mean 'organizationId'?
server/ssoProvider.ts(368,48): error TS2551: Property 'organization_id' does not exist on type '{ organizationId: string; }'. Did you mean 'organizationId'?
server/ssoProvider.ts(378,77): error TS2551: Property 'organization_id' does not exist on type '{ user: SSOUser; organizationId: number; }'. Did you mean 'organizationId'?
server/ssoProvider.ts(381,17): error TS2339: Property 'user_id' does not exist on type 'Session & Partial<SessionData>'.
server/ssoProvider.ts(382,17): error TS2339: Property 'organization_id' does not exist on type 'Session & Partial<SessionData>'.
server/ssoProvider.ts(404,77): error TS2551: Property 'organization_id' does not exist on type '{ user: SSOUser; organizationId: number; }'. Did you mean 'organizationId'?
server/ssoProvider.ts(407,17): error TS2339: Property 'user_id' does not exist on type 'Session & Partial<SessionData>'.
server/ssoProvider.ts(408,17): error TS2339: Property 'organization_id' does not exist on type 'Session & Partial<SessionData>'.
server/storage.ts(141,14): error TS2420: Class 'MemStorage' incorrectly implements interface 'IStorage'.
  Type 'MemStorage' is missing the following properties from type 'IStorage': getTripTravelers, addTripTraveler, updateTripTraveler, removeTripTraveler, and 40 more.
server/storage.ts(213,11): error TS2322: Type '{ id: number; role: string | null; role_type: string | null; organization_id: number | null; company: string | null; job_title: string | null; team_size: string | null; use_case: string | null; ... 7 more ...; last_login?: Date | ... 1 more ... | undefined; }' is not assignable to type '{ id: number; organization_id: number | null; use_case: string | null; role: string | null; role_type: string | null; username: string; email: string; auth_id: string; password_hash: string | null; ... 6 more ...; created_at: Date | null; }'.
  Types of property 'last_login' are incompatible.
    Type 'Date | null | undefined' is not assignable to type 'Date | null'.
      Type 'undefined' is not assignable to type 'Date | null'.
server/storage.ts(527,14): error TS2420: Class 'DatabaseStorage' incorrectly implements interface 'IStorage'.
  Type 'DatabaseStorage' is missing the following properties from type 'IStorage': getTripTravelers, addTripTraveler, updateTripTraveler, removeTripTraveler, and 40 more.
server/storage.ts(1091,15): error TS2345: Argument of type '{ user: { id: PgColumn<{ name: "id"; tableName: "users"; dataType: "number"; columnType: "PgSerial"; data: number; driverParam: number; notNull: true; hasDefault: true; isPrimaryKey: true; isAutoincrement: false; ... 4 more ...; generated: undefined; }, {}, {}>; username: PgColumn<...>; email: PgColumn<...>; }; ... ...' is not assignable to parameter of type 'SelectedFields'.
  Property '_' is incompatible with index signature.
    Type '{ readonly brand: "Table"; readonly config: { name: "corporate_cards"; schema: undefined; columns: { id: PgColumn<{ name: "id"; tableName: "corporate_cards"; dataType: "number"; columnType: "PgSerial"; data: number; ... 9 more ...; generated: undefined; }, {}, {}>; ... 26 more ...; updated_at: PgColumn<...>; }; dial...' is not assignable to type 'SQL<unknown> | Aliased<unknown> | PgColumn<ColumnBaseConfig<ColumnDataType, string>, {}, {}> | PgTable<TableConfig> | SelectedFieldsFlat<...>'.
      Type '{ readonly brand: "Table"; readonly config: { name: "corporate_cards"; schema: undefined; columns: { id: PgColumn<{ name: "id"; tableName: "corporate_cards"; dataType: "number"; columnType: "PgSerial"; data: number; ... 9 more ...; generated: undefined; }, {}, {}>; ... 26 more ...; updated_at: PgColumn<...>; }; dial...' is not assignable to type 'SelectedFieldsFlat<PgColumn<ColumnBaseConfig<ColumnDataType, string>, {}, {}>>'.
        Property 'brand' is incompatible with index signature.
          Type 'string' is not assignable to type 'SQL<unknown> | Aliased<unknown> | PgColumn<ColumnBaseConfig<ColumnDataType, string>, {}, {}>'.
server/storage.ts(1133,15): error TS2304: Cannot find name 'cardholders'.
server/storage.ts(1142,13): error TS2304: Cannot find name 'cardholders'.
server/storage.ts(1143,17): error TS2304: Cannot find name 'cardholders'.
server/storage.ts(1148,9): error TS2393: Duplicate function implementation.
server/storage.ts(1156,9): error TS2393: Duplicate function implementation.
server/storage.ts(1195,9): error TS2393: Duplicate function implementation.
server/storage.ts(1204,34): error TS2339: Property 'transaction_id' does not exist on type 'PgTableWithColumns<{ name: "card_transactions"; schema: undefined; columns: { id: PgColumn<{ name: "id"; tableName: "card_transactions"; dataType: "number"; columnType: "PgSerial"; data: number; driverParam: number; notNull: true; ... 7 more ...; generated: undefined; }, {}, {}>; ... 14 more ...; updated_at: PgColum...'.
server/storage.ts(1210,36): error TS2339: Property 'transaction_id' does not exist on type 'PgTableWithColumns<{ name: "card_transactions"; schema: undefined; columns: { id: PgColumn<{ name: "id"; tableName: "card_transactions"; dataType: "number"; columnType: "PgSerial"; data: number; driverParam: number; notNull: true; ... 7 more ...; generated: undefined; }, {}, {}>; ... 14 more ...; updated_at: PgColum...'.
server/storage.ts(1223,34): error TS2339: Property 'transaction_id' does not exist on type 'PgTableWithColumns<{ name: "card_transactions"; schema: undefined; columns: { id: PgColumn<{ name: "id"; tableName: "card_transactions"; dataType: "number"; columnType: "PgSerial"; data: number; driverParam: number; notNull: true; ... 7 more ...; generated: undefined; }, {}, {}>; ... 14 more ...; updated_at: PgColum...'.
server/storage.ts(1228,9): error TS2393: Duplicate function implementation.
server/storage.ts(1230,15): error TS2345: Argument of type '{ card: { card_number_masked: PgColumn<{ name: "card_number_masked"; tableName: "corporate_cards"; dataType: "string"; columnType: "PgText"; data: string; driverParam: string; notNull: true; hasDefault: false; ... 6 more ...; generated: undefined; }, {}, {}>; cardholder_name: PgColumn<...>; }; ... 21 more ...; enabl...' is not assignable to parameter of type 'SelectedFields'.
  Property '_' is incompatible with index signature.
    Type '{ readonly brand: "Table"; readonly config: { name: "card_transactions"; schema: undefined; columns: { id: PgColumn<{ name: "id"; tableName: "card_transactions"; dataType: "number"; columnType: "PgSerial"; data: number; ... 9 more ...; generated: undefined; }, {}, {}>; ... 14 more ...; updated_at: PgColumn<...>; }; ...' is not assignable to type 'SQL<unknown> | Aliased<unknown> | PgColumn<ColumnBaseConfig<ColumnDataType, string>, {}, {}> | PgTable<TableConfig> | SelectedFieldsFlat<...>'.
      Type '{ readonly brand: "Table"; readonly config: { name: "card_transactions"; schema: undefined; columns: { id: PgColumn<{ name: "id"; tableName: "card_transactions"; dataType: "number"; columnType: "PgSerial"; data: number; ... 9 more ...; generated: undefined; }, {}, {}>; ... 14 more ...; updated_at: PgColumn<...>; }; ...' is not assignable to type 'SelectedFieldsFlat<PgColumn<ColumnBaseConfig<ColumnDataType, string>, {}, {}>>'.
        Property 'brand' is incompatible with index signature.
          Type 'string' is not assignable to type 'SQL<unknown> | Aliased<unknown> | PgColumn<ColumnBaseConfig<ColumnDataType, string>, {}, {}>'.
server/storage.ts(1240,38): error TS2339: Property 'processed_at' does not exist on type 'PgTableWithColumns<{ name: "card_transactions"; schema: undefined; columns: { id: PgColumn<{ name: "id"; tableName: "card_transactions"; dataType: "number"; columnType: "PgSerial"; data: number; driverParam: number; notNull: true; ... 7 more ...; generated: undefined; }, {}, {}>; ... 14 more ...; updated_at: PgColum...'.
server/storage.ts(1316,7): error TS2741: Property 'where' is missing in type 'Omit<import("C:/Users/Jonas/Desktop/NestMapRepo/node_modules/drizzle-orm/pg-core/query-builders/select").PgSelectBase<"expenses", { id: import("C:/Users/Jonas/Desktop/NestMapRepo/node_modules/drizzle-orm/pg-core/columns/common").PgColumn<{ name: "id"; tableName: "expenses"; dataType: "number"; columnType: "PgSerial"...' but required in type 'Omit<import("C:/Users/Jonas/Desktop/NestMapRepo/node_modules/drizzle-orm/pg-core/query-builders/select").PgSelectBase<"expenses", { id: import("C:/Users/Jonas/Desktop/NestMapRepo/node_modules/drizzle-orm/pg-core/columns/common").PgColumn<{ name: "id"; tableName: "expenses"; dataType: "number"; columnType: "PgSerial"...'.
server/storage.ts(1345,26): error TS2339: Property 'where' does not exist on type 'Omit<PgSelectBase<"expenses", { total: SQL<number>; count: SQL<number>; }, "partial", Record<"expenses", "not-null">, false, "where", { total: number; count: number; }[], { total: DrizzleTypeError<...>; count: DrizzleTypeError<...>; }>, "where">'.
server/storage.ts(1348,26): error TS2339: Property 'where' does not exist on type 'Omit<PgSelectBase<"expenses", { total: SQL<number>; count: SQL<number>; }, "partial", Record<"expenses", "not-null">, false, "where", { total: number; count: number; }[], { total: DrizzleTypeError<...>; count: DrizzleTypeError<...>; }>, "where">'.
server/stripe.ts(148,7): error TS2322: Type '{ spending_limits: { amount: number; interval: "daily" | "monthly" | "weekly" | "all_time" | "per_authorization" | "yearly"; }[]; allowed_categories?: string[] | undefined; blocked_categories?: string[] | undefined; } | undefined' is not assignable to type 'SpendingControls | undefined'.
  Type '{ spending_limits: { amount: number; interval: "daily" | "monthly" | "weekly" | "all_time" | "per_authorization" | "yearly"; }[]; allowed_categories?: string[] | undefined; blocked_categories?: string[] | undefined; }' is not assignable to type 'SpendingControls'.
    Types of property 'allowed_categories' are incompatible.
      Type 'string[] | undefined' is not assignable to type 'AllowedCategory[] | undefined'.
        Type 'string[]' is not assignable to type 'AllowedCategory[]'.
          Type 'string' is not assignable to type 'AllowedCategory'.
server/stripe.ts(170,48): error TS2339: Property 'create' does not exist on type 'AuthorizationsResource'.
server/stripe.ts(197,46): error TS2339: Property 'create' does not exist on type 'TransactionsResource'.
server/test-app.ts(63,9): error TS2769: No overload matches this call.
  The last overload gave the following error.
    Argument of type '(req: AuthenticatedRequest, res: Response<any, Record<string, any>>, next: NextFunction) => Promise<void>' is not assignable to parameter of type 'PathParams'.
server/utils/pdfHelper.ts(217,56): error TS2551: Property 'startDate' does not exist on type '{ id: number; organization_id: number | null; title: string; city: string | null; user_id: number; location: string | null; collaborators: unknown; hotel: string | null; budget: number | null; ... 17 more ...; project_type: string | null; }'. Did you mean 'start_date'?
server/utils/pdfHelper.ts(217,77): error TS2551: Property 'endDate' does not exist on type '{ id: number; organization_id: number | null; title: string; city: string | null; user_id: number; location: string | null; collaborators: unknown; hotel: string | null; budget: number | null; ... 17 more ...; project_type: string | null; }'. Did you mean 'end_date'?
server/utils/pdfHelper.ts(218,52): error TS2551: Property 'tripType' does not exist on type '{ id: number; organization_id: number | null; title: string; city: string | null; user_id: number; location: string | null; collaborators: unknown; hotel: string | null; budget: number | null; ... 17 more ...; project_type: string | null; }'. Did you mean 'trip_type'?
server/utils/pdfHelper.ts(236,36): error TS2551: Property 'locationName' does not exist on type '{ id: number; date: Date; organization_id: number | null; title: string; notes: string | null; trip_id: number; time: string; tag: string | null; order: number; latitude: string | null; ... 4 more ...; travel_mode: string | null; }'. Did you mean 'location_name'?
server/utils/pdfHelper.ts(236,97): error TS2551: Property 'locationName' does not exist on type '{ id: number; date: Date; organization_id: number | null; title: string; notes: string | null; trip_id: number; time: string; tag: string | null; order: number; latitude: string | null; ... 4 more ...; travel_mode: string | null; }'. Did you mean 'location_name'?
server/vite.ts(43,5): error TS2322: Type '{ middlewareMode: boolean; hmr: { server: Server<typeof IncomingMessage, typeof ServerResponse>; }; allowedHosts: boolean; }' is not assignable to type 'ServerOptions'.
  Types of property 'allowedHosts' are incompatible.
    Type 'boolean' is not assignable to type 'true | string[] | undefined'.
server/websocket.ts(4,17): error TS2307: Cannot find module 'jsonwebtoken' or its corresponding type declarations.
server/websocket.ts(6,16): error TS2664: Invalid module name in augmentation, module 'jsonwebtoken' cannot be found.
server/websocket.ts(57,57): error TS2345: Argument of type 'RawData' is not assignable to parameter of type 'Buffer'.
  Type 'ArrayBuffer' is missing the following properties from type 'Buffer': subarray, write, toJSON, equals, and 94 more.
