{
  "lint": {
    "status": "failed",
    "output": "Command failed: npx eslint . --ext .ts,.tsx --max-warnings=0\n\nOops! Something went wrong! :(\n\nESLint: 9.28.0\n\nESLint couldn't find an eslint.config.(js|mjs|cjs) file.\n\nFrom ESLint v9.0.0, the default configuration file is now eslint.config.js.\nIf you are using a .eslintrc.* file, please follow the migration guide\nto update your configuration file to the new format:\n\nhttps://eslint.org/docs/latest/use/configure/migration-guide\n\nIf you still have problems after following the migration guide, please stop by\nhttps://eslint.org/chat/help to chat with the team.\n\n"
  },
  "types": {
    "status": "failed",
    "output": "client/src/App.tsx(1,1): error TS6133: 'React' is declared but its value is never read.\nclient/src/App.tsx(7,24): error TS6133: 'useAuth' is declared but its value is never read.\nclient/src/components/AITripGenerator.tsx(17,3): error TS6133: 'Users' is declared but its value is never read.\nclient/src/components/AITripGenerator.tsx(23,3): error TS6133: 'Car' is declared but its value is never read.\nclient/src/components/AITripGenerator.tsx(40,23): error TS6133: 'setClientEmail' is declared but its value is never read.\nclient/src/components/AITripGenerator.tsx(41,10): error TS6133: 'showClientForm' is declared but its value is never read.\nclient/src/components/AITripGenerator.tsx(52,17): error TS6133: 'data' is declared but its value is never read.\nclient/src/components/AITripGenerator.tsx(59,15): error TS6133: 'error' is declared but its value is never read.\nclient/src/components/AITripGenerator.tsx(85,9): error TS6133: 'handleCreateItinerary' is declared but its value is never read.\nclient/src/components/AITripGenerator.tsx(89,9): error TS6133: 'handleSubmitClientForm' is declared but its value is never read.\nclient/src/components/AITripGenerator.tsx(105,9): error TS6133: 'handleShareItinerary' is declared but its value is never read.\nclient/src/components/AITripGenerator.tsx(190,85): error TS7006: Parameter 'line' implicitly has an 'any' type.\nclient/src/components/AITripGenerator.tsx(190,118): error TS7006: Parameter 'question' implicitly has an 'any' type.\nclient/src/components/AITripGenerator.tsx(190,128): error TS7006: Parameter 'index' implicitly has an 'any' type.\nclient/src/components/AITripGenerator.tsx(466,26): error TS2304: Cannot find name 'handleCreateItinerary'.\nclient/src/components/AITripGenerator.tsx(468,27): error TS2304: Cannot find name 'createItineraryMutation'.\nclient/src/components/AITripGenerator.tsx(471,18): error TS2304: Cannot find name 'createItineraryMutation'.\nclient/src/components/AITripGenerator.tsx(474,16): error TS2304: Cannot find name 'generatedTrip'.\nclient/src/components/AITripGenerator.tsx(476,34): error TS2304: Cannot find name 'handleShareItinerary'.\nclient/src/components/AITripGenerator.tsx(476,55): error TS2304: Cannot find name 'generatedTrip'.\nclient/src/components/AITripGenerator.tsx(478,29): error TS2304: Cannot find name 'shareItineraryMutation'.\nclient/src/components/AITripGenerator.tsx(481,20): error TS2304: Cannot find name 'shareItineraryMutation'.\nclient/src/components/AITripGenerator.tsx(488,12): error TS2304: Cannot find name 'showClientForm'.\nclient/src/components/AITripGenerator.tsx(498,28): error TS2304: Cannot find name 'clientEmail'.\nclient/src/components/AITripGenerator.tsx(499,38): error TS2304: Cannot find name 'setClientEmail'.\nclient/src/components/AITripGenerator.tsx(504,30): error TS2304: Cannot find name 'handleSubmitClientForm'.\nclient/src/components/AITripGenerator.tsx(505,31): error TS2304: Cannot find name 'createItineraryMutation'.\nclient/src/components/AITripGenerator.tsx(511,36): error TS2304: Cannot find name 'setShowClientForm'.\nclient/src/components/ActivityItem.tsx(26,80): error TS2551: Property 'tripId' does not exist on type 'ClientActivity'. Did you mean 'trip_id'?\nclient/src/components/ActivityItem.tsx(55,80): error TS2551: Property 'tripId' does not exist on type 'ClientActivity'. Did you mean 'trip_id'?\nclient/src/components/ActivityItem.tsx(88,9): error TS6133: 'handleToggleComplete' is declared but its value is never read.\nclient/src/components/ActivityItem.tsx(191,34): error TS2551: Property 'travelMode' does not exist on type 'ClientActivity'. Did you mean 'travel_mode'?\nclient/src/components/ActivityItem.tsx(196,34): error TS2551: Property 'travelMode' does not exist on type 'ClientActivity'. Did you mean 'travel_mode'?\nclient/src/components/ActivityItem.tsx(201,34): error TS2551: Property 'travelMode' does not exist on type 'ClientActivity'. Did you mean 'travel_mode'?\nclient/src/components/ActivityItem.tsx(206,29): error TS2551: Property 'travelMode' does not exist on type 'ClientActivity'. Did you mean 'travel_mode'?\nclient/src/components/ActivityItem.tsx(206,59): error TS2551: Property 'travelMode' does not exist on type 'ClientActivity'. Did you mean 'travel_mode'?\nclient/src/components/ActivityModal.tsx(15,1): error TS6133: 'PlacesSearch' is declared but its value is never read.\nclient/src/components/ActivityModal.tsx(52,9): error TS6133: 'geocodeLocation' is declared but its value is never read.\nclient/src/components/ActivityModal.tsx(71,9): error TS6133: 'searchInProgress' is declared but its value is never read.\nclient/src/components/ActivityModal.tsx(94,9): error TS6133: 'formatDateForInput' is declared but its value is never read.\nclient/src/components/ActivityModal.tsx(101,32): error TS2551: Property 'travelMode' does not exist on type 'ClientActivity'. Did you mean 'travel_mode'?\nclient/src/components/ActivityModal.tsx(101,81): error TS2551: Property 'travelMode' does not exist on type 'ClientActivity'. Did you mean 'travel_mode'?\nclient/src/components/ActivityModal.tsx(102,16): error TS2551: Property 'travelMode' does not exist on type 'ClientActivity'. Did you mean 'travel_mode'?\nclient/src/components/ActivityModal.tsx(109,29): error TS2551: Property 'locationName' does not exist on type 'ClientActivity'. Did you mean 'location_name'?\nclient/src/components/ActivityModal.tsx(114,27): error TS2551: Property 'assignedTo' does not exist on type 'ClientActivity'. Did you mean 'assigned_to'?\nclient/src/components/ActivityModal.tsx(323,22): error TS2551: Property 'startDate' does not exist on type 'ClientTrip'. Did you mean 'start_date'?\nclient/src/components/ActivityModal.tsx(323,41): error TS2551: Property 'endDate' does not exist on type 'ClientTrip'. Did you mean 'end_date'?\nclient/src/components/ActivityModal.tsx(326,46): error TS2551: Property 'startDate' does not exist on type 'ClientTrip'. Did you mean 'start_date'?\nclient/src/components/ActivityModal.tsx(327,44): error TS2551: Property 'endDate' does not exist on type 'ClientTrip'. Did you mean 'end_date'?\nclient/src/components/ActivityModal.tsx(433,59): error TS2339: Property 'env' does not exist on type 'ImportMeta'.\nclient/src/components/AnalyticsDashboard.tsx(10,11): error TS6196: 'AnalyticsData' is declared but never used.\nclient/src/components/AnalyticsDashboard.tsx(138,61): error TS7006: Parameter 'item' implicitly has an 'any' type.\nclient/src/components/AnalyticsDashboard.tsx(144,9): error TS6133: 'destinationChartData' is declared but its value is never read.\nclient/src/components/AnalyticsDashboard.tsx(144,71): error TS7006: Parameter 'item' implicitly has an 'any' type.\nclient/src/components/AnalyticsDashboard.tsx(149,72): error TS7006: Parameter 'item' implicitly has an 'any' type.\nclient/src/components/AnalyticsDashboard.tsx(244,56): error TS7006: Parameter 'destination' implicitly has an 'any' type.\nclient/src/components/AnalyticsDashboard.tsx(244,69): error TS7006: Parameter 'index' implicitly has an 'any' type.\nclient/src/components/AnalyticsDashboard.tsx(284,29): error TS6133: 'name' is declared but its value is never read.\nclient/src/components/AnalyticsDashboard.tsx(286,47): error TS6133: 'entry' is declared but its value is never read.\nclient/src/components/AnalyticsDashboard.tsx(286,47): error TS7006: Parameter 'entry' implicitly has an 'any' type.\nclient/src/components/AnalyticsDashboard.tsx(286,54): error TS7006: Parameter 'index' implicitly has an 'any' type.\nclient/src/components/AnalyticsDashboard.tsx(294,43): error TS7006: Parameter 'item' implicitly has an 'any' type.\nclient/src/components/AnalyticsDashboard.tsx(294,49): error TS7006: Parameter 'index' implicitly has an 'any' type.\nclient/src/components/BillingDashboard.tsx(1,8): error TS6133: 'React' is declared but its value is never read.\nclient/src/components/BillingDashboard.tsx(13,3): error TS6133: 'DollarSign' is declared but its value is never read.\nclient/src/components/BillingDashboard.tsx(33,9): error TS6133: 'queryClient' is declared but its value is never read.\nclient/src/components/BillingDashboard.tsx(34,10): error TS6133: 'isLoading' is declared but its value is never read.\nclient/src/components/BillingDashboard.tsx(34,21): error TS6133: 'setIsLoading' is declared but its value is never read.\nclient/src/components/BillingDashboard.tsx(48,41): error TS6133: 'billingLoading' is declared but its value is never read.\nclient/src/components/BookingSystem.tsx(104,10): error TS6133: 'currentStep' is declared but its value is never read.\nclient/src/components/BookingSystem.tsx(104,23): error TS6133: 'setCurrentStep' is declared but its value is never read.\nclient/src/components/BookingSystem.tsx(111,10): error TS6133: 'clientInfo' is declared but its value is never read.\nclient/src/components/BookingSystem.tsx(111,22): error TS6133: 'setClientInfo' is declared but its value is never read.\nclient/src/components/BookingSystem.tsx(118,10): error TS6133: 'selectedHotel' is declared but its value is never read.\nclient/src/components/BookingSystem.tsx(118,25): error TS6133: 'setSelectedHotel' is declared but its value is never read.\nclient/src/components/BookingSystem.tsx(140,9): error TS6133: 'clientForm' is declared but its value is never read.\nclient/src/components/BookingSystem.tsx(291,5): error TS2304: Cannot find name 'setShowTravelerForm'.\nclient/src/components/BookingSystem.tsx(294,65): error TS2304: Cannot find name 'TravelerInfoValues'.\nclient/src/components/BookingSystem.tsx(334,9): error TS2304: Cannot find name 'setShowTravelerForm'.\nclient/src/components/BookingSystem.tsx(373,20): error TS2304: Cannot find name 'activeTab'.\nclient/src/components/BookingSystem.tsx(373,46): error TS2304: Cannot find name 'setActiveTab'.\nclient/src/components/BookingSystem.tsx(939,8): error TS2304: Cannot find name 'showTravelerForm'.\nclient/src/components/BookingSystem.tsx(948,34): error TS2304: Cannot find name 'setShowTravelerForm'.\nclient/src/components/BookingSystem.tsx(954,31): error TS2304: Cannot find name 'travelerForm'.\nclient/src/components/BookingSystem.tsx(963,29): error TS2304: Cannot find name 'travelerForm'.\nclient/src/components/BookingSystem.tsx(964,36): error TS2304: Cannot find name 'travelerForm'.\nclient/src/components/BookingSystem.tsx(966,24): error TS2304: Cannot find name 'travelerForm'.\nclient/src/components/BookingSystem.tsx(968,28): error TS2304: Cannot find name 'travelerForm'.\nclient/src/components/BookingSystem.tsx(976,29): error TS2304: Cannot find name 'travelerForm'.\nclient/src/components/BookingSystem.tsx(977,36): error TS2304: Cannot find name 'travelerForm'.\nclient/src/components/BookingSystem.tsx(979,24): error TS2304: Cannot find name 'travelerForm'.\nclient/src/components/BookingSystem.tsx(981,28): error TS2304: Cannot find name 'travelerForm'.\nclient/src/components/BookingSystem.tsx(990,29): error TS2304: Cannot find name 'travelerForm'.\nclient/src/components/BookingSystem.tsx(991,36): error TS2304: Cannot find name 'travelerForm'.\nclient/src/components/BookingSystem.tsx(993,24): error TS2304: Cannot find name 'travelerForm'.\nclient/src/components/BookingSystem.tsx(995,28): error TS2304: Cannot find name 'travelerForm'.\nclient/src/components/BookingSystem.tsx(1003,29): error TS2304: Cannot find name 'travelerForm'.\nclient/src/components/BookingSystem.tsx(1004,36): error TS2304: Cannot find name 'travelerForm'.\nclient/src/components/BookingSystem.tsx(1006,24): error TS2304: Cannot find name 'travelerForm'.\nclient/src/components/BookingSystem.tsx(1008,28): error TS2304: Cannot find name 'travelerForm'.\nclient/src/components/BookingSystem.tsx(1017,29): error TS2304: Cannot find name 'travelerForm'.\nclient/src/components/BookingSystem.tsx(1018,36): error TS2304: Cannot find name 'travelerForm'.\nclient/src/components/BookingSystem.tsx(1020,24): error TS2304: Cannot find name 'travelerForm'.\nclient/src/components/BookingSystem.tsx(1022,28): error TS2304: Cannot find name 'travelerForm'.\nclient/src/components/BookingSystem.tsx(1037,29): error TS2304: Cannot find name 'travelerForm'.\nclient/src/components/BookingSystem.tsx(1038,36): error TS2304: Cannot find name 'travelerForm'.\nclient/src/components/BookingSystem.tsx(1040,24): error TS2304: Cannot find name 'travelerForm'.\nclient/src/components/BookingSystem.tsx(1042,28): error TS2304: Cannot find name 'travelerForm'.\nclient/src/components/BookingSystem.tsx(1050,29): error TS2304: Cannot find name 'travelerForm'.\nclient/src/components/BookingSystem.tsx(1051,36): error TS2304: Cannot find name 'travelerForm'.\nclient/src/components/BookingSystem.tsx(1053,24): error TS2304: Cannot find name 'travelerForm'.\nclient/src/components/BookingSystem.tsx(1055,28): error TS2304: Cannot find name 'travelerForm'.\nclient/src/components/BookingSystem.tsx(1064,29): error TS2304: Cannot find name 'travelerForm'.\nclient/src/components/BookingSystem.tsx(1065,36): error TS2304: Cannot find name 'travelerForm'.\nclient/src/components/BookingSystem.tsx(1067,24): error TS2304: Cannot find name 'travelerForm'.\nclient/src/components/BookingSystem.tsx(1069,28): error TS2304: Cannot find name 'travelerForm'.\nclient/src/components/BookingSystem.tsx(1084,29): error TS2304: Cannot find name 'travelerForm'.\nclient/src/components/BookingSystem.tsx(1098,29): error TS2304: Cannot find name 'travelerForm'.\nclient/src/components/BookingSystem.tsx(1106,29): error TS2304: Cannot find name 'travelerForm'.\nclient/src/components/BookingSystem.tsx(1114,29): error TS2304: Cannot find name 'travelerForm'.\nclient/src/components/BookingSystem.tsx(1150,36): error TS2304: Cannot find name 'setShowTravelerForm'.\nclient/src/components/BookingWorkflow.tsx(5,1): error TS6133: 'format' is declared but its value is never read.\nclient/src/components/BookingWorkflow.tsx(6,22): error TS6133: 'CalendarIcon' is declared but its value is never read.\nclient/src/components/BookingWorkflow.tsx(6,43): error TS6133: 'Building' is declared but its value is never read.\nclient/src/components/BookingWorkflow.tsx(6,53): error TS6133: 'Clock' is declared but its value is never read.\nclient/src/components/BookingWorkflow.tsx(6,60): error TS6133: 'MapPin' is declared but its value is never read.\nclient/src/components/BookingWorkflow.tsx(6,68): error TS6133: 'Users' is declared but its value is never read.\nclient/src/components/BookingWorkflow.tsx(6,81): error TS6133: 'Calendar' is declared but its value is never read.\nclient/src/components/BookingWorkflow.tsx(12,1): error TS6192: All imports in import declaration are unused.\nclient/src/components/BookingWorkflow.tsx(13,1): error TS6133: 'ReactCalendar' is declared but its value is never read.\nclient/src/components/BookingWorkflow.tsx(261,75): error TS7006: Parameter 't' implicitly has an 'any' type.\nclient/src/components/BookingWorkflow.tsx(469,19): error TS6133: 'flightData' is declared but its value is never read.\nclient/src/components/BookingWorkflow.tsx(817,9): error TS6133: 'formatFlightDate' is declared but its value is never read.\nclient/src/components/BookingWorkflow.tsx(1405,72): error TS2339: Property 'departureAirport' does not exist on type 'FlightResult'.\nclient/src/components/BookingWorkflow.tsx(1405,127): error TS2339: Property 'arrivalAirport' does not exist on type 'FlightResult'.\nclient/src/components/BookingWorkflow.tsx(1443,47): error TS7006: Parameter 'traveler' implicitly has an 'any' type.\nclient/src/components/BookingWorkflow.tsx(1443,57): error TS7006: Parameter 'index' implicitly has an 'any' type.\nclient/src/components/BrandedFooter.tsx(1,1): error TS6133: 'React' is declared but its value is never read.\nclient/src/components/BrandedHeader.tsx(1,1): error TS6133: 'React' is declared but its value is never read.\nclient/src/components/BrandedHeader.tsx(9,3): error TS6133: 'Settings' is declared but its value is never read.\nclient/src/components/BrandedHeader.tsx(18,17): error TS2339: Property 'logout' does not exist on type 'AuthContextType'.\nclient/src/components/BrandedHeader.tsx(114,27): error TS2339: Property 'display_name' does not exist on type 'User'.\nclient/src/components/BrandedHeader.tsx(114,48): error TS2339: Property 'username' does not exist on type 'User'.\nclient/src/components/BudgetOptionsPanel.tsx(38,52): error TS6133: 'onAddActivity' is declared but its value is never read.\nclient/src/components/CalendarIntegration.tsx(1,8): error TS6133: 'React' is declared but its value is never read.\nclient/src/components/CalendarIntegration.tsx(15,3): error TS6133: 'ExternalLink' is declared but its value is never read.\nclient/src/components/CalendarIntegration.tsx(19,3): error TS6133: 'AlertCircle' is declared but its value is never read.\nclient/src/components/CalendarIntegration.tsx(249,15): error TS18046: 'connections' is of type 'unknown'.\nclient/src/components/CalendarIntegration.tsx(258,16): error TS18046: 'connections' is of type 'unknown'.\nclient/src/components/CarbonExpenseTracker.tsx(1,20): error TS6133: 'useEffect' is declared but its value is never read.\nclient/src/components/CarbonExpenseTracker.tsx(15,3): error TS6133: 'TrendingUp' is declared but its value is never read.\nclient/src/components/CarbonExpenseTracker.tsx(16,3): error TS6133: 'TrendingDown' is declared but its value is never read.\nclient/src/components/CarbonExpenseTracker.tsx(17,3): error TS6133: 'Camera' is declared but its value is never read.\nclient/src/components/CarbonExpenseTracker.tsx(19,3): error TS6133: 'Upload' is declared but its value is never read.\nclient/src/components/CarbonExpenseTracker.tsx(21,3): error TS6133: 'AlertCircle' is declared but its value is never read.\nclient/src/components/CarbonExpenseTracker.tsx(24,3): error TS6133: 'PieChart' is declared but its value is never read.\nclient/src/components/CarbonExpenseTracker.tsx(27,120): error TS6133: 'LineChart' is declared but its value is never read.\nclient/src/components/CarbonExpenseTracker.tsx(27,131): error TS6133: 'Line' is declared but its value is never read.\nclient/src/components/CarbonExpenseTracker.tsx(35,56): error TS6133: 'activities' is declared but its value is never read.\nclient/src/components/CarbonExpenseTracker.tsx(57,43): error TS6133: 'offsetLoading' is declared but its value is never read.\nclient/src/components/CarbonExpenseTracker.tsx(79,9): error TS6133: 'COLORS' is declared but its value is never read.\nclient/src/components/CarbonExpenseTracker.tsx(111,32): error TS2339: Property 'totalEmissions' does not exist on type '{}'.\nclient/src/components/CarbonExpenseTracker.tsx(126,34): error TS2339: Property 'totalCost' does not exist on type '{}'.\nclient/src/components/CarbonExpenseTracker.tsx(128,68): error TS2339: Property 'currency' does not exist on type '{}'.\nclient/src/components/CarbonExpenseTracker.tsx(141,32): error TS2339: Property 'comparison' does not exist on type '{}'.\nclient/src/components/CarbonExpenseTracker.tsx(142,41): error TS2339: Property 'comparison' does not exist on type '{}'.\nclient/src/components/CarbonExpenseTracker.tsx(157,55): error TS2339: Property 'totalCost' does not exist on type '{}'.\nclient/src/components/CarbonExpenseTracker.tsx(188,32): error TS7006: Parameter 'expense' implicitly has an 'any' type.\nclient/src/components/CarbonExpenseTracker.tsx(196,46): error TS2339: Property 'totalEmissions' does not exist on type '{}'.\nclient/src/components/CarbonExpenseTracker.tsx(197,36): error TS7006: Parameter 'offsetData' implicitly has an 'any' type.\nclient/src/components/CarbonExpenseTracker.tsx(237,35): error TS6133: 'entry' is declared but its value is never read.\nclient/src/components/CarbonExpenseTracker.tsx(238,55): error TS2304: Cannot find name 'COLORS'.\nclient/src/components/CarbonExpenseTracker.tsx(238,70): error TS2304: Cannot find name 'COLORS'.\nclient/src/components/CarbonExpenseTracker.tsx(315,3): error TS6133: 'budget' is declared but its value is never read.\nclient/src/components/CollaborationPresence.tsx(28,5): error TS6133: 'updateSection' is declared but its value is never read.\nclient/src/components/CollaborationPresence.tsx(32,26): error TS6133: 'setRecentActivity' is declared but its value is never read.\nclient/src/components/CorporateTripOptimizer.tsx(1,8): error TS6133: 'React' is declared but its value is never read.\nclient/src/components/CorporateTripOptimizer.tsx(115,32): error TS6133: 'tripId' is declared but its value is never read.\nclient/src/components/CustomSectionBuilder.tsx(2,29): error TS6133: 'CardDescription' is declared but its value is never read.\nclient/src/components/CustomSectionBuilder.tsx(11,55): error TS2307: Cannot find module '@hello-pangea/dnd' or its corresponding type declarations.\nclient/src/components/CustomSectionBuilder.tsx(145,15): error TS7006: Parameter 'provided' implicitly has an 'any' type.\nclient/src/components/CustomSectionBuilder.tsx(159,25): error TS7006: Parameter 'provided' implicitly has an 'any' type.\nclient/src/components/CustomSectionBuilder.tsx(159,35): error TS7006: Parameter 'snapshot' implicitly has an 'any' type.\nclient/src/components/DemoModeSelector.tsx(1,1): error TS6133: 'useState' is declared but its value is never read.\nclient/src/components/EnhancedAIAssistantModal.tsx(5,1): error TS6133: 'Input' is declared but its value is never read.\nclient/src/components/EnhancedAIAssistantModal.tsx(57,10): error TS6133: 'foodSuggestions' is declared but its value is never read.\nclient/src/components/EnhancedAIAssistantModal.tsx(159,9): error TS6133: 'handleGetFoodSuggestions' is declared but its value is never read.\nclient/src/components/Header.tsx(1,1): error TS6133: 'useState' is declared but its value is never read.\nclient/src/components/Header.tsx(13,1): error TS6133: 'apiRequest' is declared but its value is never read.\nclient/src/components/Header.tsx(35,9): error TS6133: 'toast' is declared but its value is never read.\nclient/src/components/ItineraryOptimizationModal.tsx(101,91): error TS2551: Property 'endDate' does not exist on type 'ClientTrip'. Did you mean 'end_date'?\nclient/src/components/ItineraryOptimizationModal.tsx(101,126): error TS2551: Property 'startDate' does not exist on type 'ClientTrip'. Did you mean 'start_date'?\nclient/src/components/ItineraryOptimizationModal.tsx(181,45): error TS2551: Property 'locationName' does not exist on type 'ClientActivity'. Did you mean 'location_name'?\nclient/src/components/ItinerarySidebar.tsx(10,1): error TS6133: 'TripTeamManagement' is declared but its value is never read.\nclient/src/components/ItinerarySidebar.tsx(44,3): error TS6133: 'mobileView' is declared but its value is never read.\nclient/src/components/ItinerarySidebar.tsx(45,3): error TS6133: 'setMobileView' is declared but its value is never read.\nclient/src/components/ItinerarySidebar.tsx(220,48): error TS2551: Property 'startDate' does not exist on type 'ClientTrip'. Did you mean 'start_date'?\nclient/src/components/ItinerarySidebar.tsx(220,74): error TS2551: Property 'endDate' does not exist on type 'ClientTrip'. Did you mean 'end_date'?\nclient/src/components/ItinerarySidebar.tsx(443,31): error TS6133: 'optimizedActivities' is declared but its value is never read.\nclient/src/components/MainNavigation.tsx(1,8): error TS6133: 'React' is declared but its value is never read.\nclient/src/components/MainNavigation.tsx(33,3): error TS6133: 'Shield' is declared but its value is never read.\nclient/src/components/MainNavigation.tsx(34,3): error TS6133: 'Bell' is declared but its value is never read.\nclient/src/components/MainNavigation.tsx(35,3): error TS6133: 'User' is declared but its value is never read.\nclient/src/components/MainNavigation.tsx(43,3): error TS6133: 'X' is declared but its value is never read.\nclient/src/components/MainNavigation.tsx(47,17): error TS6133: 'userId' is declared but its value is never read.\nclient/src/components/MainNavigation.tsx(47,44): error TS6133: 'loading' is declared but its value is never read.\nclient/src/components/NewTripModal.tsx(415,57): error TS2339: Property 'env' does not exist on type 'ImportMeta'.\nclient/src/components/NotificationCenter.tsx(1,8): error TS6133: 'React' is declared but its value is never read.\nclient/src/components/NotificationCenter.tsx(25,3): error TS6133: 'CheckCircle' is declared but its value is never read.\nclient/src/components/NotificationCenter.tsx(103,23): error TS18046: 'notifications' is of type 'unknown'.\nclient/src/components/NotificationCenter.tsx(171,19): error TS18046: 'notifications' is of type 'unknown'.\nclient/src/components/NotificationCenter.tsx(179,20): error TS18046: 'notifications' is of type 'unknown'.\nclient/src/components/PdfExport.tsx(3,20): error TS6133: 'Download' is declared but its value is never read.\nclient/src/components/PlacesSearch.tsx(6,1): error TS6192: All imports in import declaration are unused.\nclient/src/components/PlacesSearch.tsx(53,110): error TS2339: Property 'env' does not exist on type 'ImportMeta'.\nclient/src/components/PredictiveInsights.tsx(1,20): error TS6133: 'useEffect' is declared but its value is never read.\nclient/src/components/PredictiveInsights.tsx(3,1): error TS6133: 'apiRequest' is declared but its value is never read.\nclient/src/components/PredictiveInsights.tsx(6,1): error TS6133: 'Button' is declared but its value is never read.\nclient/src/components/PredictiveInsights.tsx(10,86): error TS6133: 'BarChart' is declared but its value is never read.\nclient/src/components/PredictiveInsights.tsx(10,96): error TS6133: 'Bar' is declared but its value is never read.\nclient/src/components/PredictiveInsights.tsx(115,64): error TS6133: 'seasonalTrends' is declared but its value is never read.\nclient/src/components/PredictiveInsights.tsx(195,32): error TS6133: 'activities' is declared but its value is never read.\nclient/src/components/PredictiveInsights.tsx(304,48): error TS6133: 'adaptedPlan' is declared but its value is never read.\nclient/src/components/ProposalGenerator.tsx(10,54): error TS6133: 'Phone' is declared but its value is never read.\nclient/src/components/ProposalGenerator.tsx(10,61): error TS6133: 'Globe' is declared but its value is never read.\nclient/src/components/ProposalGenerator.tsx(68,15): error TS6133: 'error' is declared but its value is never read.\nclient/src/components/RenameTripDialog.tsx(71,15): error TS6133: 'error' is declared but its value is never read.\nclient/src/components/RoleManagement.tsx(54,56): error TS2345: Argument of type '{ method: string; body: string; }' is not assignable to parameter of type 'string'.\nclient/src/components/RoleManagement.tsx(78,79): error TS2345: Argument of type '{ method: string; body: string; }' is not assignable to parameter of type 'string'.\nclient/src/components/RoleManagement.tsx(93,74): error TS2345: Argument of type '{ method: string; }' is not assignable to parameter of type 'string'.\nclient/src/components/RoleManagement.tsx(197,34): error TS18046: 'collaborators' is of type 'unknown'.\nclient/src/components/RoleManagement.tsx(203,19): error TS18046: 'collaborators' is of type 'unknown'.\nclient/src/components/RoleManagement.tsx(219,24): error TS18046: 'collaborators' is of type 'unknown'.\nclient/src/components/ShareRedirectHandler.tsx(8,10): error TS6133: 'location' is declared but its value is never read.\nclient/src/components/ShareRedirectHandler.tsx(15,29): error TS6133: 'isLoading' is declared but its value is never read.\nclient/src/components/ShareTripModal.tsx(46,24): error TS2551: Property 'isPublic' does not exist on type 'ClientTrip'. Did you mean 'is_public'?\nclient/src/components/ShareTripModal.tsx(47,30): error TS2551: Property 'sharingEnabled' does not exist on type 'ClientTrip'. Did you mean 'sharing_enabled'?\nclient/src/components/ShareTripModal.tsx(52,30): error TS2551: Property 'shareCode' does not exist on type 'ClientTrip'. Did you mean 'share_code'?\nclient/src/components/ShareTripModal.tsx(76,30): error TS2551: Property 'shareCode' does not exist on type 'ClientTrip'. Did you mean 'share_code'?\nclient/src/components/ShareTripModal.tsx(83,31): error TS2559: Type '{ shareCode: any; sharingEnabled: true; sharePermission: \"read-only\" | \"edit\"; }' has no properties in common with type 'Partial<ClientTrip>'.\nclient/src/components/ShareTripModal.tsx(161,30): error TS2551: Property 'shareCode' does not exist on type 'ClientTrip'. Did you mean 'share_code'?\nclient/src/components/ShareTripModal.tsx(164,9): error TS2561: Object literal may only specify known properties, but 'sharePermission' does not exist in type 'Partial<ClientTrip>'. Did you mean to write 'share_permission'?\nclient/src/components/ShareTripModal.tsx(234,49): error TS2551: Property 'shareCode' does not exist on type 'ClientTrip'. Did you mean 'share_code'?\nclient/src/components/ShareTripModal.tsx(234,88): error TS2551: Property 'shareCode' does not exist on type 'ClientTrip'. Did you mean 'share_code'?\nclient/src/components/ShareTripModal.tsx(237,9): error TS2561: Object literal may only specify known properties, but 'isPublic' does not exist in type 'Partial<ClientTrip>'. Did you mean to write 'is_public'?\nclient/src/components/SignatureField.tsx(25,3): error TS6133: 'proposalId' is declared but its value is never read.\nclient/src/components/SmartOptimizer.tsx(1,20): error TS6133: 'useEffect' is declared but its value is never read.\nclient/src/components/SmartOptimizer.tsx(19,3): error TS6133: 'MapPin' is declared but its value is never read.\nclient/src/components/SmartOptimizer.tsx(98,7): error TS2322: Type 'unknown' is not assignable to type 'ReactNode'.\nclient/src/components/SwipeableTrip.tsx(20,69): error TS6133: 'isGuestMode' is declared but its value is never read.\nclient/src/components/SwipeableTrip.tsx(47,15): error TS6133: 'error' is declared but its value is never read.\nclient/src/components/TeamManagement.tsx(168,17): error TS6133: 'data' is declared but its value is never read.\nclient/src/components/TeamManagement.tsx(177,15): error TS6133: 'error' is declared but its value is never read.\nclient/src/components/TravelMode.tsx(13,3): error TS6133: 'Bell' is declared but its value is never read.\nclient/src/components/TravelMode.tsx(19,3): error TS6133: 'Star' is declared but its value is never read.\nclient/src/components/TravelMode.tsx(30,38): error TS6133: 'tripId' is declared but its value is never read.\nclient/src/components/TravelMode.tsx(33,5): error TS6133: 'isLocationEnabled' is declared but its value is never read.\nclient/src/components/TripTeamManagement.tsx(1,8): error TS6133: 'React' is declared but its value is never read.\nclient/src/components/TripTeamManagement.tsx(250,27): error TS2339: Property 'city' does not exist on type '{}'.\nclient/src/components/TripTeamManagement.tsx(250,44): error TS2339: Property 'location' does not exist on type '{}'.\nclient/src/components/TripTeamManagement.tsx(251,30): error TS2339: Property 'country' does not exist on type '{}'.\nclient/src/components/TripTeamManagement.tsx(266,31): error TS2339: Property 'start_date' does not exist on type '{}'.\nclient/src/components/TripTeamManagement.tsx(266,54): error TS2339: Property 'startDate' does not exist on type '{}'.\nclient/src/components/TripTeamManagement.tsx(267,28): error TS2339: Property 'end_date' does not exist on type '{}'.\nclient/src/components/TripTeamManagement.tsx(267,49): error TS2339: Property 'endDate' does not exist on type '{}'.\nclient/src/components/TripTeamManagement.tsx(578,87): error TS2339: Property 'city' does not exist on type '{}'.\nclient/src/components/TripTeamManagement.tsx(578,105): error TS2339: Property 'country' does not exist on type '{}'.\nclient/src/components/TripTemplates.tsx(8,10): error TS6133: 'Calendar' is declared but its value is never read.\nclient/src/components/TripTemplates.tsx(88,15): error TS6133: 'error' is declared but its value is never read.\nclient/src/components/WeatherSuggestionsPanel.tsx(5,1): error TS6133: 'Label' is declared but its value is never read.\nclient/src/components/WeatherSuggestionsPanel.tsx(6,1): error TS6133: 'Input' is declared but its value is never read.\nclient/src/components/WeatherSuggestionsPanel.tsx(7,1): error TS6192: All imports in import declaration are unused.\nclient/src/components/WeatherSuggestionsPanel.tsx(57,10): error TS2551: Property 'startDate' does not exist on type 'ClientTrip'. Did you mean 'start_date'?\nclient/src/components/WeatherSuggestionsPanel.tsx(57,36): error TS2551: Property 'startDate' does not exist on type 'ClientTrip'. Did you mean 'start_date'?\nclient/src/components/WeatherSuggestionsPanel.tsx(59,28): error TS6133: 'setWeatherCondition' is declared but its value is never read.\nclient/src/components/WeatherSuggestionsPanel.tsx(84,16): error TS2551: Property 'startDate' does not exist on type 'ClientTrip'. Did you mean 'start_date'?\nclient/src/components/WeatherSuggestionsPanel.tsx(85,37): error TS2551: Property 'startDate' does not exist on type 'ClientTrip'. Did you mean 'start_date'?\nclient/src/components/WeatherSuggestionsPanel.tsx(86,26): error TS2551: Property 'endDate' does not exist on type 'ClientTrip'. Did you mean 'end_date'?\nclient/src/components/WeatherSuggestionsPanel.tsx(86,50): error TS2551: Property 'endDate' does not exist on type 'ClientTrip'. Did you mean 'end_date'?\nclient/src/components/WeatherSuggestionsPanel.tsx(172,14): error TS2551: Property 'startDate' does not exist on type 'ClientTrip'. Did you mean 'start_date'?\nclient/src/components/WeatherSuggestionsPanel.tsx(307,17): error TS2551: Property 'startDate' does not exist on type 'ClientTrip'. Did you mean 'start_date'?\nclient/src/components/WeatherSuggestionsPanel.tsx(307,35): error TS2551: Property 'endDate' does not exist on type 'ClientTrip'. Did you mean 'end_date'?\nclient/src/components/WeatherSuggestionsPanel.tsx(309,40): error TS2551: Property 'startDate' does not exist on type 'ClientTrip'. Did you mean 'start_date'?\nclient/src/components/WeatherSuggestionsPanel.tsx(310,38): error TS2551: Property 'endDate' does not exist on type 'ClientTrip'. Did you mean 'end_date'?\nclient/src/components/WhiteLabelAccessControl.tsx(3,1): error TS6133: 'apiRequest' is declared but its value is never read.\nclient/src/components/WhiteLabelSettings.tsx(1,27): error TS6133: 'useEffect' is declared but its value is never read.\nclient/src/components/WhiteLabelSettings.tsx(24,3): error TS6133: 'Smartphone' is declared but its value is never read.\nclient/src/components/WhiteLabelSettings.tsx(27,1): error TS6133: 'useWhiteLabel' is declared but its value is never read.\nclient/src/components/WhiteLabelSettings.tsx(83,9): error TS6133: 'watchedValues' is declared but its value is never read.\nclient/src/contexts/AuthContext.tsx(1,8): error TS6133: 'React' is declared but its value is never read.\nclient/src/contexts/AuthContext.tsx(125,60): error TS6133: 'event' is declared but its value is never read.\nclient/src/contexts/AuthContext.tsx(339,15): error TS6133: 'data' is declared but its value is never read.\nclient/src/hooks/useActivities.ts(9,9): error TS6133: 'getGuestTrip' is declared but its value is never read.\nclient/src/hooks/useActivities.ts(140,46): error TS2551: Property 'travelMode' does not exist on type 'ClientActivity'. Did you mean 'travel_mode'?\nclient/src/hooks/useActivities.ts(140,81): error TS2551: Property 'travelMode' does not exist on type 'ClientActivity'. Did you mean 'travel_mode'?\nclient/src/hooks/useAutoComplete.tsx(66,19): error TS6133: 'dateStr' is declared but its value is never read.\nclient/src/hooks/useAutoComplete.tsx(85,15): error TS6133: 'reason' is declared but its value is never read.\nclient/src/hooks/useMapbox.ts(8,34): error TS2339: Property 'env' does not exist on type 'ImportMeta'.\nclient/src/hooks/useMapbox.ts(64,33): error TS2339: Property 'message' does not exist on type '{}'.\nclient/src/hooks/useMapbox.ts(65,31): error TS2339: Property 'stack' does not exist on type '{}'.\nclient/src/hooks/useMapbox.ts(118,146): error TS2339: Property 'color' does not exist on type 'MapMarker'.\nclient/src/hooks/useMapbox.ts(160,27): error TS2339: Property 'geometry' does not exist on type 'MapRoute'.\nclient/src/hooks/useMapbox.ts(174,31): error TS2339: Property 'color' does not exist on type 'MapRoute'.\nclient/src/hooks/useMapbox.ts(200,67): error TS6133: 'isCity' is declared but its value is never read.\nclient/src/hooks/useMobileFeatures.tsx(60,28): error TS2339: Property 'coords' does not exist on type 'GeolocationPosition'.\nclient/src/hooks/useMobileFeatures.tsx(61,29): error TS2339: Property 'coords' does not exist on type 'GeolocationPosition'.\nclient/src/hooks/useMobileFeatures.tsx(62,28): error TS2339: Property 'coords' does not exist on type 'GeolocationPosition'.\nclient/src/hooks/useMobileFeatures.tsx(90,46): error TS2345: Argument of type '(position: GeolocationPosition) => void' is not assignable to parameter of type 'PositionCallback'.\n  Types of parameters 'position' and 'position' are incompatible.\n    Type 'GeolocationPosition' is missing the following properties from type 'GeolocationPosition': latitude, longitude, accuracy\nclient/src/hooks/useMobileFeatures.tsx(94,64): error TS2345: Argument of type '(position: GeolocationPosition) => void' is not assignable to parameter of type 'PositionCallback'.\n  Types of parameters 'position' and 'position' are incompatible.\n    Type 'GeolocationPosition' is missing the following properties from type 'GeolocationPosition': latitude, longitude, accuracy\nclient/src/lib/supabase.ts(4,33): error TS2339: Property 'env' does not exist on type 'ImportMeta'.\nclient/src/lib/supabase.ts(5,37): error TS2339: Property 'env' does not exist on type 'ImportMeta'.\nclient/src/lib/types.ts(5,10): error TS1205: Re-exporting a type when 'isolatedModules' is enabled requires using 'export type'.\nclient/src/lib/types.ts(5,16): error TS1205: Re-exporting a type when 'isolatedModules' is enabled requires using 'export type'.\nclient/src/lib/types.ts(8,18): error TS2430: Interface 'ClientTrip' incorrectly extends interface '{ id: number; title: string; organization_id: number | null; created_at: Date | null; updated_at: Date | null; completed: boolean | null; start_date: Date; end_date: Date; ... 18 more ...; budget: number | null; }'.\n  Types of property 'city' are incompatible.\n    Type 'string | undefined' is not assignable to type 'string | null'.\n      Type 'undefined' is not assignable to type 'string | null'.\nclient/src/main.tsx(1,1): error TS6133: 'React' is declared but its value is never read.\nclient/src/pages/AdminDashboard.tsx(8,1): error TS6133: 'Input' is declared but its value is never read.\nclient/src/pages/AdminDashboard.tsx(53,10): error TS6133: 'selectedOrg' is declared but its value is never read.\nclient/src/pages/AdminDashboard.tsx(53,23): error TS6133: 'setSelectedOrg' is declared but its value is never read.\nclient/src/pages/AdminDashboard.tsx(54,10): error TS6133: 'reviewDialog' is declared but its value is never read.\nclient/src/pages/AgencyDashboard.tsx(10,3): error TS6133: 'Users' is declared but its value is never read.\nclient/src/pages/AgencyDashboard.tsx(16,3): error TS6133: 'Clock' is declared but its value is never read.\nclient/src/pages/AgencyDashboard.tsx(23,1): error TS6133: 'MainNavigation' is declared but its value is never read.\nclient/src/pages/AgencyDashboard.tsx(38,19): error TS6133: 'user' is declared but its value is never read.\nclient/src/pages/Approvals.tsx(58,58): error TS2345: Argument of type '{ method: string; body: { decision: string; reason: string | undefined; }; }' is not assignable to parameter of type 'string'.\nclient/src/pages/Approvals.tsx(141,49): error TS2339: Property 'length' does not exist on type '{}'.\nclient/src/pages/Approvals.tsx(147,30): error TS2339: Property 'length' does not exist on type '{}'.\nclient/src/pages/Approvals.tsx(160,29): error TS2339: Property 'map' does not exist on type '{}'.\nclient/src/pages/Approvals.tsx(273,31): error TS2339: Property 'length' does not exist on type '{}'.\nclient/src/pages/Approvals.tsx(275,34): error TS2339: Property 'map' does not exist on type '{}'.\nclient/src/pages/Bookings.tsx(12,17): error TS6133: 'userId' is declared but its value is never read.\nclient/src/pages/Bookings.tsx(104,51): error TS18046: 'trips' is of type 'unknown'.\nclient/src/pages/CalendarSettings.tsx(1,1): error TS6133: 'React' is declared but its value is never read.\nclient/src/pages/CorporateDashboard.tsx(2,10): error TS6133: 'Link' is declared but its value is never read.\nclient/src/pages/CorporateDashboard.tsx(18,3): error TS6133: 'BarChart3' is declared but its value is never read.\nclient/src/pages/CorporateDashboard.tsx(19,3): error TS6133: 'Settings' is declared but its value is never read.\nclient/src/pages/CorporateDashboard.tsx(20,3): error TS6133: 'Sparkles' is declared but its value is never read.\nclient/src/pages/CorporateDashboard.tsx(22,1): error TS6133: 'MainNavigation' is declared but its value is never read.\nclient/src/pages/CorporateDashboard.tsx(47,9): error TS6133: 'analytics' is declared but its value is never read.\nclient/src/pages/EnterpriseDashboard.tsx(1,1): error TS6133: 'useState' is declared but its value is never read.\nclient/src/pages/EnterpriseDashboard.tsx(10,3): error TS6133: 'Calendar' is declared but its value is never read.\nclient/src/pages/EnterpriseDashboard.tsx(14,3): error TS6133: 'Settings' is declared but its value is never read.\nclient/src/pages/HelpCenter.tsx(10,1): error TS6192: All imports in import declaration are unused.\nclient/src/pages/HelpCenter.tsx(11,1): error TS6133: 'apiRequest' is declared but its value is never read.\nclient/src/pages/Home.tsx(9,1): error TS6133: 'format' is declared but its value is never read.\nclient/src/pages/Home.tsx(12,1): error TS6133: 'RenameTripDialog' is declared but its value is never read.\nclient/src/pages/Home.tsx(16,1): error TS6133: 'RoleBasedRedirect' is declared but its value is never read.\nclient/src/pages/Home.tsx(17,66): error TS6133: 'Users' is declared but its value is never read.\nclient/src/pages/Home.tsx(23,10): error TS6133: 'isRenameModalOpen' is declared but its value is never read.\nclient/src/pages/Home.tsx(24,10): error TS6133: 'tripToRename' is declared but its value is never read.\nclient/src/pages/Home.tsx(60,9): error TS6133: 'setGuestTrips' is declared but its value is never read.\nclient/src/pages/Home.tsx(128,9): error TS6133: 'handleCloseRenameDialog' is declared but its value is never read.\nclient/src/pages/InvoiceCenter.tsx(14,54): error TS6133: 'Calendar' is declared but its value is never read.\nclient/src/pages/InvoiceCenter.tsx(136,30): error TS2339: Property 'length' does not exist on type '{}'.\nclient/src/pages/InvoiceCenter.tsx(137,29): error TS2339: Property 'reduce' does not exist on type '{}'.\nclient/src/pages/InvoiceCenter.tsx(138,29): error TS2339: Property 'filter' does not exist on type '{}'.\nclient/src/pages/InvoiceCenter.tsx(139,32): error TS2339: Property 'filter' does not exist on type '{}'.\nclient/src/pages/InvoiceCenter.tsx(166,94): error TS2322: Type 'unknown' is not assignable to type 'any[]'.\nclient/src/pages/InvoiceCenter.tsx(215,31): error TS2339: Property 'some' does not exist on type '{}'.\nclient/src/pages/InvoiceCenter.tsx(215,84): error TS2339: Property 'some' does not exist on type '{}'.\nclient/src/pages/InvoiceCenter.tsx(224,18): error TS2339: Property 'filter' does not exist on type '{}'.\nclient/src/pages/InvoiceCenter.tsx(224,73): error TS2339: Property 'some' does not exist on type '{}'.\nclient/src/pages/InvoiceCenter.tsx(255,24): error TS2339: Property 'map' does not exist on type '{}'.\nclient/src/pages/InvoiceCenter.tsx(305,37): error TS2339: Property 'length' does not exist on type '{}'.\nclient/src/pages/InvoiceCenter.tsx(422,42): error TS6133: 'item' is declared but its value is never read.\nclient/src/pages/ProfileSettings.tsx(1,8): error TS6133: 'React' is declared but its value is never read.\nclient/src/pages/ProposalAnalytics.tsx(5,1): error TS6133: 'Button' is declared but its value is never read.\nclient/src/pages/ProposalAnalytics.tsx(9,101): error TS6133: 'PieChart' is declared but its value is never read.\nclient/src/pages/ProposalAnalytics.tsx(9,111): error TS6133: 'Pie' is declared but its value is never read.\nclient/src/pages/ProposalAnalytics.tsx(9,116): error TS6133: 'Cell' is declared but its value is never read.\nclient/src/pages/ProposalAnalytics.tsx(10,15): error TS6133: 'Download' is declared but its value is never read.\nclient/src/pages/ProposalAnalytics.tsx(10,59): error TS6133: 'Users' is declared but its value is never read.\nclient/src/pages/ProposalAnalytics.tsx(10,78): error TS6133: 'Calendar' is declared but its value is never read.\nclient/src/pages/ProposalAnalytics.tsx(40,28): error TS2339: Property 'overview' does not exist on type '{}'.\nclient/src/pages/ProposalAnalytics.tsx(49,32): error TS2339: Property 'viewsOverTime' does not exist on type '{}'.\nclient/src/pages/ProposalAnalytics.tsx(59,34): error TS2339: Property 'sectionViews' does not exist on type '{}'.\nclient/src/pages/ProposalAnalytics.tsx(67,39): error TS2339: Property 'conversionFunnel' does not exist on type '{}'.\nclient/src/pages/ProposalAnalytics.tsx(75,9): error TS6133: 'COLORS' is declared but its value is never read.\nclient/src/pages/ProposalAnalytics.tsx(102,27): error TS2339: Property 'map' does not exist on type '{}'.\nclient/src/pages/ProposalAnalytics.tsx(203,37): error TS7006: Parameter 'section' implicitly has an 'any' type.\nclient/src/pages/ProposalAnalytics.tsx(203,46): error TS6133: 'index' is declared but its value is never read.\nclient/src/pages/ProposalAnalytics.tsx(203,46): error TS7006: Parameter 'index' implicitly has an 'any' type.\nclient/src/pages/ProposalAnalytics.tsx(210,77): error TS7006: Parameter 's' implicitly has an 'any' type.\nclient/src/pages/ProposalAnalytics.tsx(287,42): error TS7006: Parameter 'stage' implicitly has an 'any' type.\nclient/src/pages/ProposalAnalytics.tsx(287,49): error TS7006: Parameter 'index' implicitly has an 'any' type.\nclient/src/pages/ProposalAnalytics.tsx(349,29): error TS2339: Property 'slice' does not exist on type '{}'.\nclient/src/pages/ProposalTemplates.tsx(7,1): error TS6133: 'Textarea' is declared but its value is never read.\nclient/src/pages/ProposalTemplates.tsx(16,36): error TS2305: Module '\"lucide-react\"' has no exported member 'Template'.\nclient/src/pages/ProposalTemplates.tsx(16,46): error TS6133: 'Settings' is declared but its value is never read.\nclient/src/pages/ProposalTemplates.tsx(197,21): error TS2339: Property 'map' does not exist on type '{}'.\nclient/src/pages/ProposalTemplates.tsx(291,10): error TS6133: 'customSections' is declared but its value is never read.\nclient/src/pages/ProposalTemplates.tsx(291,26): error TS6133: 'setCustomSections' is declared but its value is never read.\nclient/src/pages/PublicProposal.tsx(8,1): error TS6192: All imports in import declaration are unused.\nclient/src/pages/PublicProposal.tsx(9,41): error TS6133: 'Clock' is declared but its value is never read.\nclient/src/pages/PublicProposal.tsx(18,30): error TS6133: 'setIsPasswordRequired' is declared but its value is never read.\nclient/src/pages/PublicProposal.tsx(19,10): error TS6133: 'isExpired' is declared but its value is never read.\nclient/src/pages/PublicProposal.tsx(19,21): error TS6133: 'setIsExpired' is declared but its value is never read.\nclient/src/pages/PublicProposal.tsx(85,14): error TS2339: Property 'status' does not exist on type 'Error'.\nclient/src/pages/PublicProposal.tsx(118,14): error TS2339: Property 'status' does not exist on type 'Error'.\nclient/src/pages/PublicProposal.tsx(166,34): error TS2339: Property 'proposalData' does not exist on type '{}'.\nclient/src/pages/PublicProposal.tsx(188,31): error TS2339: Property 'clientName' does not exist on type '{}'.\nclient/src/pages/PublicProposal.tsx(191,45): error TS2339: Property 'agentName' does not exist on type '{}'.\nclient/src/pages/PublicProposal.tsx(193,42): error TS2339: Property 'createdAt' does not exist on type '{}'.\nclient/src/pages/PublicProposal.tsx(194,27): error TS2339: Property 'linkExpiration' does not exist on type '{}'.\nclient/src/pages/PublicProposal.tsx(198,50): error TS2339: Property 'linkExpiration' does not exist on type '{}'.\nclient/src/pages/PublicProposal.tsx(232,75): error TS2339: Property 'trip' does not exist on type '{}'.\nclient/src/pages/PublicProposal.tsx(232,98): error TS2339: Property 'trip' does not exist on type '{}'.\nclient/src/pages/PublicProposal.tsx(237,38): error TS2339: Property 'trip' does not exist on type '{}'.\nclient/src/pages/PublicProposal.tsx(237,98): error TS2339: Property 'trip' does not exist on type '{}'.\nclient/src/pages/PublicProposal.tsx(252,16): error TS2304: Cannot find name 'DollarSign'.\nclient/src/pages/PublicProposal.tsx(284,25): error TS2339: Property 'activities' does not exist on type '{}'.\nclient/src/pages/PublicProposal.tsx(333,67): error TS2339: Property 'proposalData' does not exist on type '{}'.\nclient/src/pages/PublicProposal.tsx(342,19): error TS2339: Property 'signatureData' does not exist on type '{}'.\nclient/src/pages/PublicProposal.tsx(348,39): error TS2339: Property 'signatureData' does not exist on type '{}'.\nclient/src/pages/PublicProposal.tsx(348,87): error TS2339: Property 'signatureData' does not exist on type '{}'.\nclient/src/pages/PublicProposal.tsx(383,24): error TS2339: Property 'companyName' does not exist on type '{}'.\nclient/src/pages/PublicProposal.tsx(383,49): error TS2339: Property 'contactInfo' does not exist on type '{}'.\nclient/src/pages/PublicProposal.tsx(383,81): error TS2339: Property 'contactInfo' does not exist on type '{}'.\nclient/src/pages/PublicProposal.tsx(384,21): error TS2339: Property 'contactInfo' does not exist on type '{}'.\nclient/src/pages/PublicProposal.tsx(385,43): error TS2339: Property 'contactInfo' does not exist on type '{}'.\nclient/src/pages/SequentialBooking.tsx(3,1): error TS6133: 'useForm' is declared but its value is never read.\nclient/src/pages/SequentialBooking.tsx(4,1): error TS6133: 'zodResolver' is declared but its value is never read.\nclient/src/pages/SequentialBooking.tsx(5,1): error TS6133: 'z' is declared but its value is never read.\nclient/src/pages/SequentialBooking.tsx(10,1): error TS6133: 'Input' is declared but its value is never read.\nclient/src/pages/SequentialBooking.tsx(11,1): error TS6133: 'Label' is declared but its value is never read.\nclient/src/pages/SequentialBooking.tsx(12,1): error TS6133: 'Textarea' is declared but its value is never read.\nclient/src/pages/SequentialBooking.tsx(13,1): error TS6192: All imports in import declaration are unused.\nclient/src/pages/SequentialBooking.tsx(95,57): error TS7006: Parameter 't' implicitly has an 'any' type.\nclient/src/pages/SequentialBooking.tsx(567,41): error TS6133: 'index' is declared but its value is never read.\nclient/src/pages/SequentialBooking.tsx(599,40): error TS2345: Argument of type 'number' is not assignable to parameter of type 'string'.\nclient/src/pages/Settings.tsx(8,17): error TS6133: 'userId' is declared but its value is never read.\nclient/src/pages/SharedTrip.tsx(3,10): error TS6133: 'useEffect' is declared but its value is never read.\nclient/src/pages/SharedTrip.tsx(7,39): error TS6133: 'Users' is declared but its value is never read.\nclient/src/pages/SharedTrip.tsx(9,1): error TS6133: 'TripPlanner' is declared but its value is never read.\nclient/src/pages/TripPlanner.tsx(15,1): error TS6133: 'apiRequest' is declared but its value is never read.\nclient/src/pages/TripPlanner.tsx(56,76): error TS6133: 'day' is declared but its value is never read.\nclient/src/pages/TripPlanner.tsx(73,22): error TS2551: Property 'startDate' does not exist on type 'ClientTrip'. Did you mean 'start_date'?\nclient/src/pages/TripPlanner.tsx(74,34): error TS2551: Property 'startDate' does not exist on type 'ClientTrip'. Did you mean 'start_date'?\nclient/src/pages/TripPlanner.tsx(78,23): error TS2551: Property 'startDate' does not exist on type 'ClientTrip'. Did you mean 'start_date'?\nclient/src/pages/TripPlanner.tsx(79,23): error TS2551: Property 'endDate' does not exist on type 'ClientTrip'. Did you mean 'end_date'?\nclient/src/pages/TripPlanner.tsx(261,9): error TS6133: 'toggleMobileView' is declared but its value is never read.\nserver/acmeChallenge.ts(2,1): error TS6133: 'db' is declared but its value is never read.\nserver/acmeChallenge.ts(3,1): error TS6133: 'customDomains' is declared but its value is never read.\nserver/acmeChallenge.ts(4,1): error TS6133: 'eq' is declared but its value is never read.\nserver/analytics.ts(2,29): error TS6133: 'todos' is declared but its value is never read.\nserver/analytics.ts(2,36): error TS6133: 'notes' is declared but its value is never read.\nserver/analytics.ts(116,64): error TS6133: 'organizationId' is declared but its value is never read.\nserver/analytics.ts(123,11): error TS6133: 'totalUsersResult' is declared but its value is never read.\nserver/analytics.ts(132,52): error TS2551: Property 'endDate' does not exist on type 'PgTableWithColumns<{ name: \"trips\"; schema: undefined; columns: { id: PgColumn<{ name: \"id\"; tableName: \"trips\"; dataType: \"number\"; columnType: \"PgSerial\"; data: number; driverParam: number; notNull: true; hasDefault: true; ... 6 more ...; generated: undefined; }, {}, {}>; ... 25 more ...; updated_at: PgColumn<...>...'. Did you mean 'end_date'?\nserver/analytics.ts(132,71): error TS2551: Property 'startDate' does not exist on type 'PgTableWithColumns<{ name: \"trips\"; schema: undefined; columns: { id: PgColumn<{ name: \"id\"; tableName: \"trips\"; dataType: \"number\"; columnType: \"PgSerial\"; data: number; driverParam: number; notNull: true; hasDefault: true; ... 6 more ...; generated: undefined; }, {}, {}>; ... 25 more ...; updated_at: PgColumn<...>...'. Did you mean 'start_date'?\nserver/analytics.ts(182,40): error TS2551: Property 'endDate' does not exist on type 'PgTableWithColumns<{ name: \"trips\"; schema: undefined; columns: { id: PgColumn<{ name: \"id\"; tableName: \"trips\"; dataType: \"number\"; columnType: \"PgSerial\"; data: number; driverParam: number; notNull: true; hasDefault: true; ... 6 more ...; generated: undefined; }, {}, {}>; ... 25 more ...; updated_at: PgColumn<...>...'. Did you mean 'end_date'?\nserver/analytics.ts(182,59): error TS2551: Property 'startDate' does not exist on type 'PgTableWithColumns<{ name: \"trips\"; schema: undefined; columns: { id: PgColumn<{ name: \"id\"; tableName: \"trips\"; dataType: \"number\"; columnType: \"PgSerial\"; data: number; driverParam: number; notNull: true; hasDefault: true; ... 6 more ...; generated: undefined; }, {}, {}>; ... 25 more ...; updated_at: PgColumn<...>...'. Did you mean 'start_date'?\nserver/analytics.ts(183,40): error TS2551: Property 'endDate' does not exist on type 'PgTableWithColumns<{ name: \"trips\"; schema: undefined; columns: { id: PgColumn<{ name: \"id\"; tableName: \"trips\"; dataType: \"number\"; columnType: \"PgSerial\"; data: number; driverParam: number; notNull: true; hasDefault: true; ... 6 more ...; generated: undefined; }, {}, {}>; ... 25 more ...; updated_at: PgColumn<...>...'. Did you mean 'end_date'?\nserver/analytics.ts(183,59): error TS2551: Property 'startDate' does not exist on type 'PgTableWithColumns<{ name: \"trips\"; schema: undefined; columns: { id: PgColumn<{ name: \"id\"; tableName: \"trips\"; dataType: \"number\"; columnType: \"PgSerial\"; data: number; driverParam: number; notNull: true; hasDefault: true; ... 6 more ...; generated: undefined; }, {}, {}>; ... 25 more ...; updated_at: PgColumn<...>...'. Did you mean 'start_date'?\nserver/analytics.ts(184,40): error TS2551: Property 'endDate' does not exist on type 'PgTableWithColumns<{ name: \"trips\"; schema: undefined; columns: { id: PgColumn<{ name: \"id\"; tableName: \"trips\"; dataType: \"number\"; columnType: \"PgSerial\"; data: number; driverParam: number; notNull: true; hasDefault: true; ... 6 more ...; generated: undefined; }, {}, {}>; ... 25 more ...; updated_at: PgColumn<...>...'. Did you mean 'end_date'?\nserver/analytics.ts(184,59): error TS2551: Property 'startDate' does not exist on type 'PgTableWithColumns<{ name: \"trips\"; schema: undefined; columns: { id: PgColumn<{ name: \"id\"; tableName: \"trips\"; dataType: \"number\"; columnType: \"PgSerial\"; data: number; driverParam: number; notNull: true; hasDefault: true; ... 6 more ...; generated: undefined; }, {}, {}>; ... 25 more ...; updated_at: PgColumn<...>...'. Did you mean 'start_date'?\nserver/analytics.ts(190,45): error TS2551: Property 'startDate' does not exist on type 'PgTableWithColumns<{ name: \"trips\"; schema: undefined; columns: { id: PgColumn<{ name: \"id\"; tableName: \"trips\"; dataType: \"number\"; columnType: \"PgSerial\"; data: number; driverParam: number; notNull: true; hasDefault: true; ... 6 more ...; generated: undefined; }, {}, {}>; ... 25 more ...; updated_at: PgColumn<...>...'. Did you mean 'start_date'?\nserver/analytics.ts(190,80): error TS2551: Property 'endDate' does not exist on type 'PgTableWithColumns<{ name: \"trips\"; schema: undefined; columns: { id: PgColumn<{ name: \"id\"; tableName: \"trips\"; dataType: \"number\"; columnType: \"PgSerial\"; data: number; driverParam: number; notNull: true; hasDefault: true; ... 6 more ...; generated: undefined; }, {}, {}>; ... 25 more ...; updated_at: PgColumn<...>...'. Did you mean 'end_date'?\nserver/analytics.ts(192,38): error TS2551: Property 'endDate' does not exist on type 'PgTableWithColumns<{ name: \"trips\"; schema: undefined; columns: { id: PgColumn<{ name: \"id\"; tableName: \"trips\"; dataType: \"number\"; columnType: \"PgSerial\"; data: number; driverParam: number; notNull: true; hasDefault: true; ... 6 more ...; generated: undefined; }, {}, {}>; ... 25 more ...; updated_at: PgColumn<...>...'. Did you mean 'end_date'?\nserver/analytics.ts(192,57): error TS2551: Property 'startDate' does not exist on type 'PgTableWithColumns<{ name: \"trips\"; schema: undefined; columns: { id: PgColumn<{ name: \"id\"; tableName: \"trips\"; dataType: \"number\"; columnType: \"PgSerial\"; data: number; driverParam: number; notNull: true; hasDefault: true; ... 6 more ...; generated: undefined; }, {}, {}>; ... 25 more ...; updated_at: PgColumn<...>...'. Did you mean 'start_date'?\nserver/analytics.ts(193,38): error TS2551: Property 'endDate' does not exist on type 'PgTableWithColumns<{ name: \"trips\"; schema: undefined; columns: { id: PgColumn<{ name: \"id\"; tableName: \"trips\"; dataType: \"number\"; columnType: \"PgSerial\"; data: number; driverParam: number; notNull: true; hasDefault: true; ... 6 more ...; generated: undefined; }, {}, {}>; ... 25 more ...; updated_at: PgColumn<...>...'. Did you mean 'end_date'?\nserver/analytics.ts(193,57): error TS2551: Property 'startDate' does not exist on type 'PgTableWithColumns<{ name: \"trips\"; schema: undefined; columns: { id: PgColumn<{ name: \"id\"; tableName: \"trips\"; dataType: \"number\"; columnType: \"PgSerial\"; data: number; driverParam: number; notNull: true; hasDefault: true; ... 6 more ...; generated: undefined; }, {}, {}>; ... 25 more ...; updated_at: PgColumn<...>...'. Did you mean 'start_date'?\nserver/analytics.ts(194,38): error TS2551: Property 'endDate' does not exist on type 'PgTableWithColumns<{ name: \"trips\"; schema: undefined; columns: { id: PgColumn<{ name: \"id\"; tableName: \"trips\"; dataType: \"number\"; columnType: \"PgSerial\"; data: number; driverParam: number; notNull: true; hasDefault: true; ... 6 more ...; generated: undefined; }, {}, {}>; ... 25 more ...; updated_at: PgColumn<...>...'. Did you mean 'end_date'?\nserver/analytics.ts(194,57): error TS2551: Property 'startDate' does not exist on type 'PgTableWithColumns<{ name: \"trips\"; schema: undefined; columns: { id: PgColumn<{ name: \"id\"; tableName: \"trips\"; dataType: \"number\"; columnType: \"PgSerial\"; data: number; driverParam: number; notNull: true; hasDefault: true; ... 6 more ...; generated: undefined; }, {}, {}>; ... 25 more ...; updated_at: PgColumn<...>...'. Did you mean 'start_date'?\nserver/analytics.ts(263,20): error TS7053: Element implicitly has an 'any' type because expression of type '0' can't be used to index type '{ count: number; }'.\n  Property '0' does not exist on type '{ count: number; }'.\nserver/analytics.ts(266,20): error TS7053: Element implicitly has an 'any' type because expression of type '0' can't be used to index type '{ count: number; }'.\n  Property '0' does not exist on type '{ count: number; }'.\nserver/analytics.ts(274,59): error TS2551: Property 'createdAt' does not exist on type 'PgTableWithColumns<{ name: \"trips\"; schema: undefined; columns: { id: PgColumn<{ name: \"id\"; tableName: \"trips\"; dataType: \"number\"; columnType: \"PgSerial\"; data: number; driverParam: number; notNull: true; hasDefault: true; ... 6 more ...; generated: undefined; }, {}, {}>; ... 25 more ...; updated_at: PgColumn<...>...'. Did you mean 'created_at'?\nserver/analytics.ts(287,44): error TS2551: Property 'createdAt' does not exist on type 'PgTableWithColumns<{ name: \"trips\"; schema: undefined; columns: { id: PgColumn<{ name: \"id\"; tableName: \"trips\"; dataType: \"number\"; columnType: \"PgSerial\"; data: number; driverParam: number; notNull: true; hasDefault: true; ... 6 more ...; generated: undefined; }, {}, {}>; ... 25 more ...; updated_at: PgColumn<...>...'. Did you mean 'created_at'?\nserver/analytics.ts(291,45): error TS2551: Property 'createdAt' does not exist on type 'PgTableWithColumns<{ name: \"trips\"; schema: undefined; columns: { id: PgColumn<{ name: \"id\"; tableName: \"trips\"; dataType: \"number\"; columnType: \"PgSerial\"; data: number; driverParam: number; notNull: true; hasDefault: true; ... 6 more ...; generated: undefined; }, {}, {}>; ... 25 more ...; updated_at: PgColumn<...>...'. Did you mean 'created_at'?\nserver/analytics.ts(292,45): error TS2551: Property 'createdAt' does not exist on type 'PgTableWithColumns<{ name: \"trips\"; schema: undefined; columns: { id: PgColumn<{ name: \"id\"; tableName: \"trips\"; dataType: \"number\"; columnType: \"PgSerial\"; data: number; driverParam: number; notNull: true; hasDefault: true; ... 6 more ...; generated: undefined; }, {}, {}>; ... 25 more ...; updated_at: PgColumn<...>...'. Did you mean 'created_at'?\nserver/analytics.ts(293,45): error TS2551: Property 'createdAt' does not exist on type 'PgTableWithColumns<{ name: \"trips\"; schema: undefined; columns: { id: PgColumn<{ name: \"id\"; tableName: \"trips\"; dataType: \"number\"; columnType: \"PgSerial\"; data: number; driverParam: number; notNull: true; hasDefault: true; ... 6 more ...; generated: undefined; }, {}, {}>; ... 25 more ...; updated_at: PgColumn<...>...'. Did you mean 'created_at'?\nserver/analytics.ts(330,35): error TS7053: Element implicitly has an 'any' type because expression of type '0' can't be used to index type '{ count: number; }'.\n  Property '0' does not exist on type '{ count: number; }'.\nserver/analytics.ts(349,52): error TS2551: Property 'endDate' does not exist on type 'PgTableWithColumns<{ name: \"trips\"; schema: undefined; columns: { id: PgColumn<{ name: \"id\"; tableName: \"trips\"; dataType: \"number\"; columnType: \"PgSerial\"; data: number; driverParam: number; notNull: true; hasDefault: true; ... 6 more ...; generated: undefined; }, {}, {}>; ... 25 more ...; updated_at: PgColumn<...>...'. Did you mean 'end_date'?\nserver/analytics.ts(349,71): error TS2551: Property 'startDate' does not exist on type 'PgTableWithColumns<{ name: \"trips\"; schema: undefined; columns: { id: PgColumn<{ name: \"id\"; tableName: \"trips\"; dataType: \"number\"; columnType: \"PgSerial\"; data: number; driverParam: number; notNull: true; hasDefault: true; ... 6 more ...; generated: undefined; }, {}, {}>; ... 25 more ...; updated_at: PgColumn<...>...'. Did you mean 'start_date'?\nserver/analytics.ts(391,40): error TS2551: Property 'endDate' does not exist on type 'PgTableWithColumns<{ name: \"trips\"; schema: undefined; columns: { id: PgColumn<{ name: \"id\"; tableName: \"trips\"; dataType: \"number\"; columnType: \"PgSerial\"; data: number; driverParam: number; notNull: true; hasDefault: true; ... 6 more ...; generated: undefined; }, {}, {}>; ... 25 more ...; updated_at: PgColumn<...>...'. Did you mean 'end_date'?\nserver/analytics.ts(391,59): error TS2551: Property 'startDate' does not exist on type 'PgTableWithColumns<{ name: \"trips\"; schema: undefined; columns: { id: PgColumn<{ name: \"id\"; tableName: \"trips\"; dataType: \"number\"; columnType: \"PgSerial\"; data: number; driverParam: number; notNull: true; hasDefault: true; ... 6 more ...; generated: undefined; }, {}, {}>; ... 25 more ...; updated_at: PgColumn<...>...'. Did you mean 'start_date'?\nserver/analytics.ts(392,40): error TS2551: Property 'endDate' does not exist on type 'PgTableWithColumns<{ name: \"trips\"; schema: undefined; columns: { id: PgColumn<{ name: \"id\"; tableName: \"trips\"; dataType: \"number\"; columnType: \"PgSerial\"; data: number; driverParam: number; notNull: true; hasDefault: true; ... 6 more ...; generated: undefined; }, {}, {}>; ... 25 more ...; updated_at: PgColumn<...>...'. Did you mean 'end_date'?\nserver/analytics.ts(392,59): error TS2551: Property 'startDate' does not exist on type 'PgTableWithColumns<{ name: \"trips\"; schema: undefined; columns: { id: PgColumn<{ name: \"id\"; tableName: \"trips\"; dataType: \"number\"; columnType: \"PgSerial\"; data: number; driverParam: number; notNull: true; hasDefault: true; ... 6 more ...; generated: undefined; }, {}, {}>; ... 25 more ...; updated_at: PgColumn<...>...'. Did you mean 'start_date'?\nserver/analytics.ts(393,40): error TS2551: Property 'endDate' does not exist on type 'PgTableWithColumns<{ name: \"trips\"; schema: undefined; columns: { id: PgColumn<{ name: \"id\"; tableName: \"trips\"; dataType: \"number\"; columnType: \"PgSerial\"; data: number; driverParam: number; notNull: true; hasDefault: true; ... 6 more ...; generated: undefined; }, {}, {}>; ... 25 more ...; updated_at: PgColumn<...>...'. Did you mean 'end_date'?\nserver/analytics.ts(393,59): error TS2551: Property 'startDate' does not exist on type 'PgTableWithColumns<{ name: \"trips\"; schema: undefined; columns: { id: PgColumn<{ name: \"id\"; tableName: \"trips\"; dataType: \"number\"; columnType: \"PgSerial\"; data: number; driverParam: number; notNull: true; hasDefault: true; ... 6 more ...; generated: undefined; }, {}, {}>; ... 25 more ...; updated_at: PgColumn<...>...'. Did you mean 'start_date'?\nserver/analytics.ts(401,38): error TS2551: Property 'endDate' does not exist on type 'PgTableWithColumns<{ name: \"trips\"; schema: undefined; columns: { id: PgColumn<{ name: \"id\"; tableName: \"trips\"; dataType: \"number\"; columnType: \"PgSerial\"; data: number; driverParam: number; notNull: true; hasDefault: true; ... 6 more ...; generated: undefined; }, {}, {}>; ... 25 more ...; updated_at: PgColumn<...>...'. Did you mean 'end_date'?\nserver/analytics.ts(401,57): error TS2551: Property 'startDate' does not exist on type 'PgTableWithColumns<{ name: \"trips\"; schema: undefined; columns: { id: PgColumn<{ name: \"id\"; tableName: \"trips\"; dataType: \"number\"; columnType: \"PgSerial\"; data: number; driverParam: number; notNull: true; hasDefault: true; ... 6 more ...; generated: undefined; }, {}, {}>; ... 25 more ...; updated_at: PgColumn<...>...'. Did you mean 'start_date'?\nserver/analytics.ts(402,38): error TS2551: Property 'endDate' does not exist on type 'PgTableWithColumns<{ name: \"trips\"; schema: undefined; columns: { id: PgColumn<{ name: \"id\"; tableName: \"trips\"; dataType: \"number\"; columnType: \"PgSerial\"; data: number; driverParam: number; notNull: true; hasDefault: true; ... 6 more ...; generated: undefined; }, {}, {}>; ... 25 more ...; updated_at: PgColumn<...>...'. Did you mean 'end_date'?\nserver/analytics.ts(402,57): error TS2551: Property 'startDate' does not exist on type 'PgTableWithColumns<{ name: \"trips\"; schema: undefined; columns: { id: PgColumn<{ name: \"id\"; tableName: \"trips\"; dataType: \"number\"; columnType: \"PgSerial\"; data: number; driverParam: number; notNull: true; hasDefault: true; ... 6 more ...; generated: undefined; }, {}, {}>; ... 25 more ...; updated_at: PgColumn<...>...'. Did you mean 'start_date'?\nserver/analytics.ts(403,38): error TS2551: Property 'endDate' does not exist on type 'PgTableWithColumns<{ name: \"trips\"; schema: undefined; columns: { id: PgColumn<{ name: \"id\"; tableName: \"trips\"; dataType: \"number\"; columnType: \"PgSerial\"; data: number; driverParam: number; notNull: true; hasDefault: true; ... 6 more ...; generated: undefined; }, {}, {}>; ... 25 more ...; updated_at: PgColumn<...>...'. Did you mean 'end_date'?\nserver/analytics.ts(403,57): error TS2551: Property 'startDate' does not exist on type 'PgTableWithColumns<{ name: \"trips\"; schema: undefined; columns: { id: PgColumn<{ name: \"id\"; tableName: \"trips\"; dataType: \"number\"; columnType: \"PgSerial\"; data: number; driverParam: number; notNull: true; hasDefault: true; ... 6 more ...; generated: undefined; }, {}, {}>; ... 25 more ...; updated_at: PgColumn<...>...'. Did you mean 'start_date'?\nserver/analytics.ts(499,38): error TS2551: Property 'createdAt' does not exist on type 'PgTableWithColumns<{ name: \"trips\"; schema: undefined; columns: { id: PgColumn<{ name: \"id\"; tableName: \"trips\"; dataType: \"number\"; columnType: \"PgSerial\"; data: number; driverParam: number; notNull: true; hasDefault: true; ... 6 more ...; generated: undefined; }, {}, {}>; ... 25 more ...; updated_at: PgColumn<...>...'. Did you mean 'created_at'?\nserver/analytics.ts(515,44): error TS2551: Property 'createdAt' does not exist on type 'PgTableWithColumns<{ name: \"trips\"; schema: undefined; columns: { id: PgColumn<{ name: \"id\"; tableName: \"trips\"; dataType: \"number\"; columnType: \"PgSerial\"; data: number; driverParam: number; notNull: true; hasDefault: true; ... 6 more ...; generated: undefined; }, {}, {}>; ... 25 more ...; updated_at: PgColumn<...>...'. Did you mean 'created_at'?\nserver/analytics.ts(519,24): error TS2551: Property 'createdAt' does not exist on type 'PgTableWithColumns<{ name: \"trips\"; schema: undefined; columns: { id: PgColumn<{ name: \"id\"; tableName: \"trips\"; dataType: \"number\"; columnType: \"PgSerial\"; data: number; driverParam: number; notNull: true; hasDefault: true; ... 6 more ...; generated: undefined; }, {}, {}>; ... 25 more ...; updated_at: PgColumn<...>...'. Did you mean 'created_at'?\nserver/analytics.ts(520,45): error TS2551: Property 'createdAt' does not exist on type 'PgTableWithColumns<{ name: \"trips\"; schema: undefined; columns: { id: PgColumn<{ name: \"id\"; tableName: \"trips\"; dataType: \"number\"; columnType: \"PgSerial\"; data: number; driverParam: number; notNull: true; hasDefault: true; ... 6 more ...; generated: undefined; }, {}, {}>; ... 25 more ...; updated_at: PgColumn<...>...'. Did you mean 'created_at'?\nserver/analytics.ts(521,45): error TS2551: Property 'createdAt' does not exist on type 'PgTableWithColumns<{ name: \"trips\"; schema: undefined; columns: { id: PgColumn<{ name: \"id\"; tableName: \"trips\"; dataType: \"number\"; columnType: \"PgSerial\"; data: number; driverParam: number; notNull: true; hasDefault: true; ... 6 more ...; generated: undefined; }, {}, {}>; ... 25 more ...; updated_at: PgColumn<...>...'. Did you mean 'created_at'?\nserver/analytics.ts(663,52): error TS2551: Property 'endDate' does not exist on type 'PgTableWithColumns<{ name: \"trips\"; schema: undefined; columns: { id: PgColumn<{ name: \"id\"; tableName: \"trips\"; dataType: \"number\"; columnType: \"PgSerial\"; data: number; driverParam: number; notNull: true; hasDefault: true; ... 6 more ...; generated: undefined; }, {}, {}>; ... 25 more ...; updated_at: PgColumn<...>...'. Did you mean 'end_date'?\nserver/analytics.ts(663,71): error TS2551: Property 'startDate' does not exist on type 'PgTableWithColumns<{ name: \"trips\"; schema: undefined; columns: { id: PgColumn<{ name: \"id\"; tableName: \"trips\"; dataType: \"number\"; columnType: \"PgSerial\"; data: number; driverParam: number; notNull: true; hasDefault: true; ... 6 more ...; generated: undefined; }, {}, {}>; ... 25 more ...; updated_at: PgColumn<...>...'. Did you mean 'start_date'?\nserver/analytics.ts(694,24): error TS7053: Element implicitly has an 'any' type because expression of type '0' can't be used to index type '{ count: number; }'.\n  Property '0' does not exist on type '{ count: number; }'.\nserver/analytics.ts(706,40): error TS2551: Property 'endDate' does not exist on type 'PgTableWithColumns<{ name: \"trips\"; schema: undefined; columns: { id: PgColumn<{ name: \"id\"; tableName: \"trips\"; dataType: \"number\"; columnType: \"PgSerial\"; data: number; driverParam: number; notNull: true; hasDefault: true; ... 6 more ...; generated: undefined; }, {}, {}>; ... 25 more ...; updated_at: PgColumn<...>...'. Did you mean 'end_date'?\nserver/analytics.ts(706,59): error TS2551: Property 'startDate' does not exist on type 'PgTableWithColumns<{ name: \"trips\"; schema: undefined; columns: { id: PgColumn<{ name: \"id\"; tableName: \"trips\"; dataType: \"number\"; columnType: \"PgSerial\"; data: number; driverParam: number; notNull: true; hasDefault: true; ... 6 more ...; generated: undefined; }, {}, {}>; ... 25 more ...; updated_at: PgColumn<...>...'. Did you mean 'start_date'?\nserver/analytics.ts(707,40): error TS2551: Property 'endDate' does not exist on type 'PgTableWithColumns<{ name: \"trips\"; schema: undefined; columns: { id: PgColumn<{ name: \"id\"; tableName: \"trips\"; dataType: \"number\"; columnType: \"PgSerial\"; data: number; driverParam: number; notNull: true; hasDefault: true; ... 6 more ...; generated: undefined; }, {}, {}>; ... 25 more ...; updated_at: PgColumn<...>...'. Did you mean 'end_date'?\nserver/analytics.ts(707,59): error TS2551: Property 'startDate' does not exist on type 'PgTableWithColumns<{ name: \"trips\"; schema: undefined; columns: { id: PgColumn<{ name: \"id\"; tableName: \"trips\"; dataType: \"number\"; columnType: \"PgSerial\"; data: number; driverParam: number; notNull: true; hasDefault: true; ... 6 more ...; generated: undefined; }, {}, {}>; ... 25 more ...; updated_at: PgColumn<...>...'. Did you mean 'start_date'?\nserver/analytics.ts(708,40): error TS2551: Property 'endDate' does not exist on type 'PgTableWithColumns<{ name: \"trips\"; schema: undefined; columns: { id: PgColumn<{ name: \"id\"; tableName: \"trips\"; dataType: \"number\"; columnType: \"PgSerial\"; data: number; driverParam: number; notNull: true; hasDefault: true; ... 6 more ...; generated: undefined; }, {}, {}>; ... 25 more ...; updated_at: PgColumn<...>...'. Did you mean 'end_date'?\nserver/analytics.ts(708,59): error TS2551: Property 'startDate' does not exist on type 'PgTableWithColumns<{ name: \"trips\"; schema: undefined; columns: { id: PgColumn<{ name: \"id\"; tableName: \"trips\"; dataType: \"number\"; columnType: \"PgSerial\"; data: number; driverParam: number; notNull: true; hasDefault: true; ... 6 more ...; generated: undefined; }, {}, {}>; ... 25 more ...; updated_at: PgColumn<...>...'. Did you mean 'start_date'?\nserver/analytics.ts(716,38): error TS2551: Property 'endDate' does not exist on type 'PgTableWithColumns<{ name: \"trips\"; schema: undefined; columns: { id: PgColumn<{ name: \"id\"; tableName: \"trips\"; dataType: \"number\"; columnType: \"PgSerial\"; data: number; driverParam: number; notNull: true; hasDefault: true; ... 6 more ...; generated: undefined; }, {}, {}>; ... 25 more ...; updated_at: PgColumn<...>...'. Did you mean 'end_date'?\nserver/analytics.ts(716,57): error TS2551: Property 'startDate' does not exist on type 'PgTableWithColumns<{ name: \"trips\"; schema: undefined; columns: { id: PgColumn<{ name: \"id\"; tableName: \"trips\"; dataType: \"number\"; columnType: \"PgSerial\"; data: number; driverParam: number; notNull: true; hasDefault: true; ... 6 more ...; generated: undefined; }, {}, {}>; ... 25 more ...; updated_at: PgColumn<...>...'. Did you mean 'start_date'?\nserver/analytics.ts(717,38): error TS2551: Property 'endDate' does not exist on type 'PgTableWithColumns<{ name: \"trips\"; schema: undefined; columns: { id: PgColumn<{ name: \"id\"; tableName: \"trips\"; dataType: \"number\"; columnType: \"PgSerial\"; data: number; driverParam: number; notNull: true; hasDefault: true; ... 6 more ...; generated: undefined; }, {}, {}>; ... 25 more ...; updated_at: PgColumn<...>...'. Did you mean 'end_date'?\nserver/analytics.ts(717,57): error TS2551: Property 'startDate' does not exist on type 'PgTableWithColumns<{ name: \"trips\"; schema: undefined; columns: { id: PgColumn<{ name: \"id\"; tableName: \"trips\"; dataType: \"number\"; columnType: \"PgSerial\"; data: number; driverParam: number; notNull: true; hasDefault: true; ... 6 more ...; generated: undefined; }, {}, {}>; ... 25 more ...; updated_at: PgColumn<...>...'. Did you mean 'start_date'?\nserver/analytics.ts(718,38): error TS2551: Property 'endDate' does not exist on type 'PgTableWithColumns<{ name: \"trips\"; schema: undefined; columns: { id: PgColumn<{ name: \"id\"; tableName: \"trips\"; dataType: \"number\"; columnType: \"PgSerial\"; data: number; driverParam: number; notNull: true; hasDefault: true; ... 6 more ...; generated: undefined; }, {}, {}>; ... 25 more ...; updated_at: PgColumn<...>...'. Did you mean 'end_date'?\nserver/analytics.ts(718,57): error TS2551: Property 'startDate' does not exist on type 'PgTableWithColumns<{ name: \"trips\"; schema: undefined; columns: { id: PgColumn<{ name: \"id\"; tableName: \"trips\"; dataType: \"number\"; columnType: \"PgSerial\"; data: number; driverParam: number; notNull: true; hasDefault: true; ... 6 more ...; generated: undefined; }, {}, {}>; ... 25 more ...; updated_at: PgColumn<...>...'. Did you mean 'start_date'?\nserver/analytics.ts(811,20): error TS2551: Property 'user_id' does not exist on type '{ userId: number; username: string; tripCount: number; totalBudget: unknown; }'. Did you mean 'userId'?\nserver/analytics.ts(823,58): error TS2551: Property 'createdAt' does not exist on type 'PgTableWithColumns<{ name: \"trips\"; schema: undefined; columns: { id: PgColumn<{ name: \"id\"; tableName: \"trips\"; dataType: \"number\"; columnType: \"PgSerial\"; data: number; driverParam: number; notNull: true; hasDefault: true; ... 6 more ...; generated: undefined; }, {}, {}>; ... 25 more ...; updated_at: PgColumn<...>...'. Did you mean 'created_at'?\nserver/analytics.ts(833,49): error TS2339: Property 'createdAt' does not exist on type 'PgTableWithColumns<{ name: \"activities\"; schema: undefined; columns: { id: PgColumn<{ name: \"id\"; tableName: \"activities\"; dataType: \"number\"; columnType: \"PgSerial\"; data: number; driverParam: number; notNull: true; hasDefault: true; ... 6 more ...; generated: undefined; }, {}, {}>; ... 13 more ...; completed: PgCo...'.\nserver/analytics.ts(837,58): error TS2551: Property 'createdAt' does not exist on type 'PgTableWithColumns<{ name: \"trips\"; schema: undefined; columns: { id: PgColumn<{ name: \"id\"; tableName: \"trips\"; dataType: \"number\"; columnType: \"PgSerial\"; data: number; driverParam: number; notNull: true; hasDefault: true; ... 6 more ...; generated: undefined; }, {}, {}>; ... 25 more ...; updated_at: PgColumn<...>...'. Did you mean 'created_at'?\nserver/analytics.ts(844,44): error TS2551: Property 'createdAt' does not exist on type 'PgTableWithColumns<{ name: \"trips\"; schema: undefined; columns: { id: PgColumn<{ name: \"id\"; tableName: \"trips\"; dataType: \"number\"; columnType: \"PgSerial\"; data: number; driverParam: number; notNull: true; hasDefault: true; ... 6 more ...; generated: undefined; }, {}, {}>; ... 25 more ...; updated_at: PgColumn<...>...'. Did you mean 'created_at'?\nserver/analytics.ts(849,44): error TS2551: Property 'createdAt' does not exist on type 'PgTableWithColumns<{ name: \"trips\"; schema: undefined; columns: { id: PgColumn<{ name: \"id\"; tableName: \"trips\"; dataType: \"number\"; columnType: \"PgSerial\"; data: number; driverParam: number; notNull: true; hasDefault: true; ... 6 more ...; generated: undefined; }, {}, {}>; ... 25 more ...; updated_at: PgColumn<...>...'. Did you mean 'created_at'?\nserver/analytics.ts(850,45): error TS2551: Property 'createdAt' does not exist on type 'PgTableWithColumns<{ name: \"trips\"; schema: undefined; columns: { id: PgColumn<{ name: \"id\"; tableName: \"trips\"; dataType: \"number\"; columnType: \"PgSerial\"; data: number; driverParam: number; notNull: true; hasDefault: true; ... 6 more ...; generated: undefined; }, {}, {}>; ... 25 more ...; updated_at: PgColumn<...>...'. Did you mean 'created_at'?\nserver/analytics.ts(851,49): error TS2551: Property 'createdAt' does not exist on type 'PgTableWithColumns<{ name: \"trips\"; schema: undefined; columns: { id: PgColumn<{ name: \"id\"; tableName: \"trips\"; dataType: \"number\"; columnType: \"PgSerial\"; data: number; driverParam: number; notNull: true; hasDefault: true; ... 6 more ...; generated: undefined; }, {}, {}>; ... 25 more ...; updated_at: PgColumn<...>...'. Did you mean 'created_at'?\nserver/analytics.ts(854,22): error TS2769: No overload matches this call.\n  Overload 1 of 4, '(value: string | number | Date): Date', gave the following error.\n    Argument of type 'unknown' is not assignable to parameter of type 'string | number | Date'.\n  Overload 2 of 4, '(value: string | number): Date', gave the following error.\n    Argument of type 'unknown' is not assignable to parameter of type 'string | number'.\nserver/analytics.ts(861,24): error TS7053: Element implicitly has an 'any' type because expression of type '0' can't be used to index type '{ count: number; }'.\n  Property '0' does not exist on type '{ count: number; }'.\nserver/analytics.ts(862,35): error TS7053: Element implicitly has an 'any' type because expression of type '0' can't be used to index type '{ count: unknown; }'.\n  Property '0' does not exist on type '{ count: unknown; }'.\nserver/analytics.ts(865,20): error TS7053: Element implicitly has an 'any' type because expression of type '0' can't be used to index type '{ count: number; }'.\n  Property '0' does not exist on type '{ count: number; }'.\nserver/analytics.ts(867,20): error TS7053: Element implicitly has an 'any' type because expression of type '0' can't be used to index type '{ count: number; }'.\n  Property '0' does not exist on type '{ count: number; }'.\nserver/analytics.ts(874,26): error TS7053: Element implicitly has an 'any' type because expression of type '0' can't be used to index type '{ count: number; }'.\n  Property '0' does not exist on type '{ count: number; }'.\nserver/analytics.ts(875,41): error TS7053: Element implicitly has an 'any' type because expression of type '0' can't be used to index type '{ totalBudget: unknown; }'.\n  Property '0' does not exist on type '{ totalBudget: unknown; }'.\nserver/analytics.ts(876,47): error TS7053: Element implicitly has an 'any' type because expression of type '0' can't be used to index type '{ avgLength: string | null; }'.\n  Property '0' does not exist on type '{ avgLength: string | null; }'.\nserver/analytics.ts(877,54): error TS7053: Element implicitly has an 'any' type because expression of type '0' can't be used to index type '{ avgActivities: string | null; }'.\n  Property '0' does not exist on type '{ avgActivities: string | null; }'.\nserver/analytics.ts(878,47): error TS7053: Element implicitly has an 'any' type because expression of type '0' can't be used to index type '{ avgBudget: string | null; }'.\n  Property '0' does not exist on type '{ avgBudget: string | null; }'.\nserver/analytics.ts(881,7): error TS2322: Type '{ duration: unknown; count: number; percentage: number; }[]' is not assignable to type '{ duration: string; count: number; percentage: number; }[]'.\n  Type '{ duration: unknown; count: number; percentage: number; }' is not assignable to type '{ duration: string; count: number; percentage: number; }'.\n    Types of property 'duration' are incompatible.\n      Type 'unknown' is not assignable to type 'string'.\nserver/analytics.ts(883,41): error TS7053: Element implicitly has an 'any' type because expression of type '0' can't be used to index type '{ totalBudget: unknown; }'.\n  Property '0' does not exist on type '{ totalBudget: unknown; }'.\nserver/analytics.ts(884,43): error TS7053: Element implicitly has an 'any' type because expression of type '0' can't be used to index type '{ avgBudget: string | null; }'.\n  Property '0' does not exist on type '{ avgBudget: string | null; }'.\nserver/analytics.ts(885,9): error TS2322: Type '{ range: unknown; count: number; percentage: number; }[]' is not assignable to type '{ range: string; count: number; percentage: number; }[]'.\n  Type '{ range: unknown; count: number; percentage: number; }' is not assignable to type '{ range: string; count: number; percentage: number; }'.\n    Types of property 'range' are incompatible.\n      Type 'unknown' is not assignable to type 'string'.\nserver/analytics.ts(889,40): error TS7053: Element implicitly has an 'any' type because expression of type '0' can't be used to index type '{ count: unknown; }'.\n  Property '0' does not exist on type '{ count: unknown; }'.\nserver/analytics.ts(896,28): error TS7053: Element implicitly has an 'any' type because expression of type '0' can't be used to index type '{ count: number; }'.\n  Property '0' does not exist on type '{ count: number; }'.\nserver/analytics.ts(897,28): error TS7053: Element implicitly has an 'any' type because expression of type '0' can't be used to index type '{ count: number; }'.\n  Property '0' does not exist on type '{ count: number; }'.\nserver/analytics.ts(898,35): error TS7053: Element implicitly has an 'any' type because expression of type '0' can't be used to index type '{ count: number; }'.\n  Property '0' does not exist on type '{ count: number; }'.\nserver/analytics.ts(899,50): error TS7053: Element implicitly has an 'any' type because expression of type '0' can't be used to index type '{ totalBudget: unknown; }'.\n  Property '0' does not exist on type '{ totalBudget: unknown; }'.\nserver/approvalEngine.ts(2,50): error TS6133: 'organizations' is declared but its value is never read.\nserver/approvalEngine.ts(30,56): error TS2551: Property 'organization_id' does not exist on type 'ApprovalWorkflowConfig'. Did you mean 'organizationId'?\nserver/approvalEngine.ts(65,26): error TS2551: Property 'organization_id' does not exist on type 'PgTableWithColumns<{ name: \"approval_rules\"; schema: undefined; columns: { id: PgColumn<{ name: \"id\"; tableName: \"approval_rules\"; dataType: \"number\"; columnType: \"PgSerial\"; data: number; driverParam: number; notNull: true; ... 7 more ...; generated: undefined; }, {}, {}>; ... 11 more ...; updatedAt: PgColumn<...>;...'. Did you mean 'organizationId'?\nserver/approvalEngine.ts(139,53): error TS2551: Property 'organization_id' does not exist on type 'ApprovalWorkflowConfig'. Did you mean 'organizationId'?\nserver/approvalEngine.ts(146,32): error TS2551: Property 'organization_id' does not exist on type 'ApprovalWorkflowConfig'. Did you mean 'organizationId'?\nserver/approvalEngine.ts(223,49): error TS2345: Argument of type 'string | null' is not assignable to parameter of type 'string'.\n  Type 'null' is not assignable to type 'string'.\nserver/approvalEngine.ts(240,29): error TS2551: Property 'organization_id' does not exist on type 'PgTableWithColumns<{ name: \"approval_requests\"; schema: undefined; columns: { id: PgColumn<{ name: \"id\"; tableName: \"approval_requests\"; dataType: \"number\"; columnType: \"PgSerial\"; data: number; driverParam: number; notNull: true; ... 7 more ...; generated: undefined; }, {}, {}>; ... 20 more ...; updatedAt: PgColumn...'. Did you mean 'organizationId'?\nserver/auditLogger.ts(24,9): error TS2769: No overload matches this call.\n  Overload 1 of 2, '(value: { admin_user_id: number | SQL<unknown> | Placeholder<string, any>; action_type: string | SQL<unknown> | Placeholder<string, any>; id?: number | SQL<unknown> | Placeholder<...> | undefined; timestamp?: SQL<...> | ... 3 more ... | undefined; target_organization_id?: number | ... 3 more ... | undefined; action_data?: unknown; ip_address?: string | ... 3 more ... | undefined; }): PgInsertBase<...>', gave the following error.\n    Object literal may only specify known properties, and 'userId' does not exist in type '{ admin_user_id: number | SQL<unknown> | Placeholder<string, any>; action_type: string | SQL<unknown> | Placeholder<string, any>; id?: number | SQL<unknown> | Placeholder<...> | undefined; timestamp?: SQL<...> | ... 3 more ... | undefined; target_organization_id?: number | ... 3 more ... | undefined; action_data?: u...'.\n  Overload 2 of 2, '(values: { admin_user_id: number | SQL<unknown> | Placeholder<string, any>; action_type: string | SQL<unknown> | Placeholder<string, any>; id?: number | SQL<unknown> | Placeholder<...> | undefined; timestamp?: SQL<...> | ... 3 more ... | undefined; target_organization_id?: number | ... 3 more ... | undefined; action_data?: unknown; ip_address?: string | ... 3 more ... | undefined; }[]): PgInsertBase<...>', gave the following error.\n    Object literal may only specify known properties, and 'userId' does not exist in type '{ admin_user_id: number | SQL<unknown> | Placeholder<string, any>; action_type: string | SQL<unknown> | Placeholder<string, any>; id?: number | SQL<unknown> | Placeholder<...> | undefined; timestamp?: SQL<...> | ... 3 more ... | undefined; target_organization_id?: number | ... 3 more ... | undefined; action_data?: u...'.\nserver/auditLogger.ts(24,23): error TS2551: Property 'user_id' does not exist on type 'AuditEvent'. Did you mean 'userId'?\nserver/auditLogger.ts(25,31): error TS2551: Property 'organization_id' does not exist on type 'AuditEvent'. Did you mean 'organizationId'?\nserver/auditLogger.ts(140,14): error TS2304: Cannot find name 'eq'.\nserver/auditLogger.ts(140,31): error TS2339: Property 'organization_id' does not exist on type 'PgTableWithColumns<{ name: \"admin_audit_log\"; schema: undefined; columns: { id: PgColumn<{ name: \"id\"; tableName: \"admin_audit_log\"; dataType: \"number\"; columnType: \"PgSerial\"; data: number; driverParam: number; notNull: true; ... 7 more ...; generated: undefined; }, {}, {}>; ... 5 more ...; timestamp: PgColumn<...>...'.\nserver/auditLogger.ts(143,21): error TS2339: Property 'where' does not exist on type 'Omit<PgSelectBase<\"admin_audit_log\", { id: PgColumn<{ name: \"id\"; tableName: \"admin_audit_log\"; dataType: \"number\"; columnType: \"PgSerial\"; data: number; driverParam: number; notNull: true; hasDefault: true; isPrimaryKey: true; ... 5 more ...; generated: undefined; }, {}, {}>; ... 5 more ...; timestamp: PgColumn<......'.\nserver/auditLogger.ts(143,27): error TS2304: Cannot find name 'eq'.\nserver/auditLogger.ts(143,44): error TS2339: Property 'user_id' does not exist on type 'PgTableWithColumns<{ name: \"admin_audit_log\"; schema: undefined; columns: { id: PgColumn<{ name: \"id\"; tableName: \"admin_audit_log\"; dataType: \"number\"; columnType: \"PgSerial\"; data: number; driverParam: number; notNull: true; ... 7 more ...; generated: undefined; }, {}, {}>; ... 5 more ...; timestamp: PgColumn<...>...'.\nserver/auditLogger.ts(147,21): error TS2339: Property 'where' does not exist on type 'Omit<PgSelectBase<\"admin_audit_log\", { id: PgColumn<{ name: \"id\"; tableName: \"admin_audit_log\"; dataType: \"number\"; columnType: \"PgSerial\"; data: number; driverParam: number; notNull: true; hasDefault: true; isPrimaryKey: true; ... 5 more ...; generated: undefined; }, {}, {}>; ... 5 more ...; timestamp: PgColumn<......'.\nserver/auditLogger.ts(147,27): error TS2304: Cannot find name 'eq'.\nserver/auditLogger.ts(147,44): error TS2339: Property 'entityType' does not exist on type 'PgTableWithColumns<{ name: \"admin_audit_log\"; schema: undefined; columns: { id: PgColumn<{ name: \"id\"; tableName: \"admin_audit_log\"; dataType: \"number\"; columnType: \"PgSerial\"; data: number; driverParam: number; notNull: true; ... 7 more ...; generated: undefined; }, {}, {}>; ... 5 more ...; timestamp: PgColumn<...>...'.\nserver/auditLogger.ts(151,21): error TS2339: Property 'where' does not exist on type 'Omit<PgSelectBase<\"admin_audit_log\", { id: PgColumn<{ name: \"id\"; tableName: \"admin_audit_log\"; dataType: \"number\"; columnType: \"PgSerial\"; data: number; driverParam: number; notNull: true; hasDefault: true; isPrimaryKey: true; ... 5 more ...; generated: undefined; }, {}, {}>; ... 5 more ...; timestamp: PgColumn<......'.\nserver/auditLogger.ts(151,27): error TS2304: Cannot find name 'eq'.\nserver/auditLogger.ts(151,44): error TS2339: Property 'action' does not exist on type 'PgTableWithColumns<{ name: \"admin_audit_log\"; schema: undefined; columns: { id: PgColumn<{ name: \"id\"; tableName: \"admin_audit_log\"; dataType: \"number\"; columnType: \"PgSerial\"; data: number; driverParam: number; notNull: true; ... 7 more ...; generated: undefined; }, {}, {}>; ... 5 more ...; timestamp: PgColumn<...>...'.\nserver/auditLogger.ts(155,21): error TS2339: Property 'where' does not exist on type 'Omit<PgSelectBase<\"admin_audit_log\", { id: PgColumn<{ name: \"id\"; tableName: \"admin_audit_log\"; dataType: \"number\"; columnType: \"PgSerial\"; data: number; driverParam: number; notNull: true; hasDefault: true; isPrimaryKey: true; ... 5 more ...; generated: undefined; }, {}, {}>; ... 5 more ...; timestamp: PgColumn<......'.\nserver/auditLogger.ts(155,27): error TS2304: Cannot find name 'eq'.\nserver/auditLogger.ts(155,44): error TS2339: Property 'riskLevel' does not exist on type 'PgTableWithColumns<{ name: \"admin_audit_log\"; schema: undefined; columns: { id: PgColumn<{ name: \"id\"; tableName: \"admin_audit_log\"; dataType: \"number\"; columnType: \"PgSerial\"; data: number; driverParam: number; notNull: true; ... 7 more ...; generated: undefined; }, {}, {}>; ... 5 more ...; timestamp: PgColumn<...>...'.\nserver/auditLogger.ts(159,21): error TS2339: Property 'where' does not exist on type 'Omit<PgSelectBase<\"admin_audit_log\", { id: PgColumn<{ name: \"id\"; tableName: \"admin_audit_log\"; dataType: \"number\"; columnType: \"PgSerial\"; data: number; driverParam: number; notNull: true; hasDefault: true; isPrimaryKey: true; ... 5 more ...; generated: undefined; }, {}, {}>; ... 5 more ...; timestamp: PgColumn<......'.\nserver/auditLogger.ts(159,27): error TS2304: Cannot find name 'gte'.\nserver/auditLogger.ts(163,21): error TS2339: Property 'where' does not exist on type 'Omit<PgSelectBase<\"admin_audit_log\", { id: PgColumn<{ name: \"id\"; tableName: \"admin_audit_log\"; dataType: \"number\"; columnType: \"PgSerial\"; data: number; driverParam: number; notNull: true; hasDefault: true; isPrimaryKey: true; ... 5 more ...; generated: undefined; }, {}, {}>; ... 5 more ...; timestamp: PgColumn<......'.\nserver/auditLogger.ts(163,27): error TS2304: Cannot find name 'lte'.\nserver/auditLogger.ts(167,16): error TS2304: Cannot find name 'desc'.\nserver/auditLogger.ts(186,79): error TS2339: Property 'riskLevel' does not exist on type '{ id: number; admin_user_id: number; action_type: string; target_organization_id: number | null; action_data: unknown; ip_address: string | null; timestamp: Date | null; }'.\nserver/auditLogger.ts(189,53): error TS2339: Property 'entityType' does not exist on type '{ id: number; admin_user_id: number; action_type: string; target_organization_id: number | null; action_data: unknown; ip_address: string | null; timestamp: Date | null; }'.\nserver/auditLogger.ts(190,53): error TS2339: Property 'entityType' does not exist on type '{ id: number; admin_user_id: number; action_type: string; target_organization_id: number | null; action_data: unknown; ip_address: string | null; timestamp: Date | null; }'.\nserver/auditLogger.ts(191,55): error TS2339: Property 'entityType' does not exist on type '{ id: number; admin_user_id: number; action_type: string; target_organization_id: number | null; action_data: unknown; ip_address: string | null; timestamp: Date | null; }'.\nserver/auditLogger.ts(192,57): error TS2339: Property 'entityType' does not exist on type '{ id: number; admin_user_id: number; action_type: string; target_organization_id: number | null; action_data: unknown; ip_address: string | null; timestamp: Date | null; }'.\nserver/auditLogger.ts(273,14): error TS2304: Cannot find name 'and'.\nserver/auditLogger.ts(274,9): error TS2304: Cannot find name 'eq'.\nserver/auditLogger.ts(274,26): error TS2339: Property 'organization_id' does not exist on type 'PgTableWithColumns<{ name: \"admin_audit_log\"; schema: undefined; columns: { id: PgColumn<{ name: \"id\"; tableName: \"admin_audit_log\"; dataType: \"number\"; columnType: \"PgSerial\"; data: number; driverParam: number; notNull: true; ... 7 more ...; generated: undefined; }, {}, {}>; ... 5 more ...; timestamp: PgColumn<...>...'.\nserver/auditLogger.ts(275,9): error TS2304: Cannot find name 'lte'.\nserver/billing.ts(8,5): error TS2322: Type '\"2023-10-16\"' is not assignable to type '\"2025-05-28.basil\"'.\nserver/billing.ts(69,56): error TS2339: Property 'payment_intent' does not exist on type 'string | Invoice'.\n  Property 'payment_intent' does not exist on type 'string'.\nserver/billing.ts(124,47): error TS2339: Property 'current_period_end' does not exist on type 'Subscription'.\nserver/bookingEngine.ts(1,1): error TS6133: 'z' is declared but its value is never read.\nserver/bookingEngine.ts(206,14): error TS6133: 'params' is declared but its value is never read.\nserver/bookingEngine.ts(210,16): error TS6133: 'bookingId' is declared but its value is never read.\nserver/bookingEngine.ts(214,19): error TS6133: 'bookingId' is declared but its value is never read.\nserver/bookingEngine.ts(230,29): error TS6133: 'amount' is declared but its value is never read.\nserver/bookingEngine.ts(230,45): error TS6133: 'currency' is declared but its value is never read.\nserver/bookingEngine.ts(230,63): error TS6133: 'metadata' is declared but its value is never read.\nserver/bookingEngine.ts(239,24): error TS6133: 'paymentIntentId' is declared but its value is never read.\nserver/bookingEngine.ts(251,11): error TS6133: 'paymentProcessor' is declared but its value is never read.\nserver/branding.ts(87,17): error TS6133: 'key' is declared but its value is never read.\nserver/businessTripGenerator.ts(2,1): error TS6133: 'calculateTripCost' is declared but its value is never read.\nserver/businessTripGenerator.ts(3,1): error TS6133: 'detectTripConflicts' is declared but its value is never read.\nserver/calendar.ts(1,1): error TS6192: All imports in import declaration are unused.\nserver/calendar.ts(28,21): error TS2551: Property 'locationName' does not exist on type '{ id: number; time: string; title: string; order: number; date: Date; trip_id: number; organization_id: number | null; location_name: string; latitude: string | null; longitude: string | null; ... 4 more ...; completed: boolean | null; }'. Did you mean 'location_name'?\nserver/calendar.ts(58,266): error TS2551: Property 'locationName' does not exist on type '{ id: number; time: string; title: string; order: number; date: Date; trip_id: number; organization_id: number | null; location_name: string; latitude: string | null; longitude: string | null; ... 4 more ...; completed: boolean | null; }'. Did you mean 'location_name'?\nserver/calendar.ts(58,381): error TS2551: Property 'locationName' does not exist on type '{ id: number; time: string; title: string; order: number; date: Date; trip_id: number; organization_id: number | null; location_name: string; latitude: string | null; longitude: string | null; ... 4 more ...; completed: boolean | null; }'. Did you mean 'location_name'?\nserver/calendar.ts(73,253): error TS2551: Property 'locationName' does not exist on type '{ id: number; time: string; title: string; order: number; date: Date; trip_id: number; organization_id: number | null; location_name: string; latitude: string | null; longitude: string | null; ... 4 more ...; completed: boolean | null; }'. Did you mean 'location_name'?\nserver/calendar.ts(73,368): error TS2551: Property 'locationName' does not exist on type '{ id: number; time: string; title: string; order: number; date: Date; trip_id: number; organization_id: number | null; location_name: string; latitude: string | null; longitude: string | null; ... 4 more ...; completed: boolean | null; }'. Did you mean 'location_name'?\nserver/calendarSync.ts(59,17): error TS2551: Property 'user_id' does not exist on type 'CalendarCSRFToken'. Did you mean 'userId'?\nserver/calendarSync.ts(59,49): error TS2551: Property 'organization_id' does not exist on type 'CalendarCSRFToken'. Did you mean 'organizationId'?\nserver/calendarSync.ts(117,26): error TS2551: Property 'locationName' does not exist on type '{ id: number; time: string; title: string; order: number; date: Date; trip_id: number; organization_id: number | null; location_name: string; latitude: string | null; longitude: string | null; ... 4 more ...; completed: boolean | null; }'. Did you mean 'location_name'?\nserver/calendarSync.ts(173,67): error TS2551: Property 'locationName' does not exist on type '{ id: number; time: string; title: string; order: number; date: Date; trip_id: number; organization_id: number | null; location_name: string; latitude: string | null; longitude: string | null; ... 4 more ...; completed: boolean | null; }'. Did you mean 'location_name'?\nserver/calendarSync.ts(176,31): error TS2551: Property 'locationName' does not exist on type '{ id: number; time: string; title: string; order: number; date: Date; trip_id: number; organization_id: number | null; location_name: string; latitude: string | null; longitude: string | null; ... 4 more ...; completed: boolean | null; }'. Did you mean 'location_name'?\nserver/carbonTracker.ts(5,11): error TS2395: Individual declarations in merged declaration 'CarbonFootprint' must be all exported or all local.\nserver/carbonTracker.ts(258,18): error TS2395: Individual declarations in merged declaration 'CarbonFootprint' must be all exported or all local.\nserver/carbonTracker.ts(299,30): error TS2353: Object literal may only specify known properties, and 'ground' does not exist in type '{ flights: number; hotels: number; localTransport: number; activities: number; meals: number; }'.\nserver/carbonTracker.ts(317,12): error TS2339: Property 'esgCompliance' does not exist on type 'CarbonFootprint'.\nserver/carbonTracker.ts(324,22): error TS2339: Property 'accommodation' does not exist on type '{ flights: number; hotels: number; localTransport: number; activities: number; meals: number; }'.\nserver/carbonTracker.ts(325,12): error TS2339: Property 'esgCompliance' does not exist on type 'CarbonFootprint'.\nserver/carbonTracker.ts(334,22): error TS2339: Property 'ground' does not exist on type '{ flights: number; hotels: number; localTransport: number; activities: number; meals: number; }'.\nserver/carbonTracker.ts(335,12): error TS2339: Property 'esgCompliance' does not exist on type 'CarbonFootprint'.\nserver/carbonTracker.ts(345,12): error TS2339: Property 'esgCompliance' does not exist on type 'CarbonFootprint'.\nserver/carbonTracker.ts(348,10): error TS2339: Property 'totalCO2kg' does not exist on type 'CarbonFootprint'.\nserver/carbonTracker.ts(354,10): error TS2339: Property 'metrics' does not exist on type 'CarbonFootprint'.\nserver/carbonTracker.ts(354,37): error TS2339: Property 'totalCO2kg' does not exist on type 'CarbonFootprint'.\nserver/carbonTracker.ts(355,10): error TS2339: Property 'metrics' does not exist on type 'CarbonFootprint'.\nserver/carbonTracker.ts(355,38): error TS2339: Property 'totalCO2kg' does not exist on type 'CarbonFootprint'.\nserver/carbonTracker.ts(358,10): error TS2339: Property 'esgCompliance' does not exist on type 'CarbonFootprint'.\nserver/carbonTracker.ts(362,20): error TS2339: Property 'totalCO2kg' does not exist on type 'CarbonFootprint'.\nserver/carbonTracker.ts(368,20): error TS2339: Property 'totalCO2kg' does not exist on type 'CarbonFootprint'.\nserver/carbonTracker.ts(374,20): error TS2339: Property 'totalCO2kg' does not exist on type 'CarbonFootprint'.\nserver/carbonTracker.ts(380,3): error TS2322: Type 'string[]' is not assignable to type 'CarbonReduction[]'.\n  Type 'string' is not assignable to type 'CarbonReduction'.\nserver/carbonTracker.ts(383,10): error TS2339: Property 'trends' does not exist on type 'CarbonFootprint'.\nserver/carbonTracker.ts(395,9): error TS6133: 'aircraftType' is declared but its value is never read.\nserver/carbonTracker.ts(470,10): error TS2393: Duplicate function implementation.\nserver/carbonTracker.ts(470,65): error TS6133: 'trip' is declared but its value is never read.\nserver/carbonTracker.ts(473,41): error TS2339: Property 'totalCO2kg' does not exist on type 'CarbonFootprint'.\nserver/carbonTracker.ts(479,24): error TS2339: Property 'ground' does not exist on type '{ flights: number; hotels: number; localTransport: number; activities: number; meals: number; }'.\nserver/carbonTracker.ts(479,40): error TS2339: Property 'totalCO2kg' does not exist on type 'CarbonFootprint'.\nserver/carbonTracker.ts(484,24): error TS2339: Property 'accommodation' does not exist on type '{ flights: number; hotels: number; localTransport: number; activities: number; meals: number; }'.\nserver/carbonTracker.ts(484,47): error TS2339: Property 'totalCO2kg' does not exist on type 'CarbonFootprint'.\nserver/carbonTracker.ts(489,14): error TS2339: Property 'totalCO2kg' does not exist on type 'CarbonFootprint'.\nserver/carbonTracker.ts(498,3): error TS6133: 'currentCarbon' is declared but its value is never read.\nserver/carbonTracker.ts(499,3): error TS6133: 'organizationId' is declared but its value is never read.\nserver/carbonTracker.ts(500,3): error TS6133: 'userId' is declared but its value is never read.\nserver/carbonTracker.ts(501,28): error TS2339: Property 'trends' does not exist on type 'CarbonFootprint'.\nserver/carbonTracker.ts(542,3): error TS6133: 'organizationId' is declared but its value is never read.\nserver/carbonTracker.ts(628,10): error TS2393: Duplicate function implementation.\nserver/carbonTracker.ts(704,33): error TS2571: Object is of type 'unknown'.\nserver/carbonTracker.ts(704,79): error TS18046: 'sum' is of type 'unknown'.\nserver/carbonTracker.ts(704,85): error TS18046: 'val' is of type 'unknown'.\nserver/carbonTracker.ts(708,22): error TS18046: 'actual' is of type 'unknown'.\nserver/carbonTracker.ts(713,26): error TS2345: Argument of type 'unknown' is not assignable to parameter of type 'number'.\nserver/controllers/trips.ts(5,1): error TS6192: All imports in import declaration are unused.\nserver/db-connection.ts(36,11): error TS6133: 'result' is declared but its value is never read.\nserver/domainVerification.ts(80,32): error TS2339: Property 'getPeerCertificate' does not exist on type 'Socket'.\nserver/domainVerification.ts(164,7): error TS2769: No overload matches this call.\n  Overload 1 of 2, '(input: string | URL | Request, init?: RequestInit | undefined): Promise<Response>', gave the following error.\n    Object literal may only specify known properties, and 'timeout' does not exist in type 'RequestInit'.\n  Overload 2 of 2, '(input: URL | RequestInfo, init?: RequestInit | undefined): Promise<Response>', gave the following error.\n    Object literal may only specify known properties, and 'timeout' does not exist in type 'RequestInit'.\nserver/domainVerification.ts(222,11): error TS6133: 'response' is declared but its value is never read.\nserver/domainVerification.ts(224,7): error TS2769: No overload matches this call.\n  Overload 1 of 2, '(input: string | URL | Request, init?: RequestInit | undefined): Promise<Response>', gave the following error.\n    Object literal may only specify known properties, and 'timeout' does not exist in type 'RequestInit'.\n  Overload 2 of 2, '(input: URL | RequestInfo, init?: RequestInit | undefined): Promise<Response>', gave the following error.\n    Object literal may only specify known properties, and 'timeout' does not exist in type 'RequestInit'.\nserver/duffelProvider.ts(1,11): error TS6196: 'DuffelFlightSearchParams' is declared but never used.\nserver/duffelProvider.ts(10,11): error TS6196: 'DuffelHotelSearchParams' is declared but never used.\nserver/duffelProvider.ts(248,20): error TS6133: 'params' is declared but its value is never read.\nserver/emailService.ts(2,1): error TS6133: 'getBrandingConfig' is declared but its value is never read.\nserver/emailService.ts(15,11): error TS6196: 'BrandingContext' is declared but never used.\nserver/emailService.ts(52,13): error TS2304: Cannot find name 'generateNotificationHTML'.\nserver/health.ts(8,35): error TS6133: 'req' is declared but its value is never read.\nserver/index.ts(9,1): error TS6192: All imports in import declaration are unused.\nserver/index.ts(12,1): error TS6133: 'monitorDatabasePerformance' is declared but its value is never read.\nserver/index.ts(13,25): error TS6133: 'tieredRateLimit' is declared but its value is never read.\nserver/index.ts(13,42): error TS6133: 'monitorEndpoints' is declared but its value is never read.\nserver/index.ts(14,62): error TS6133: 'endpointRateLimit' is declared but its value is never read.\nserver/index.ts(15,64): error TS6133: 'validateOrganizationAccess' is declared but its value is never read.\nserver/index.ts(16,1): error TS6133: 'globalErrorHandler' is declared but its value is never read.\nserver/index.ts(19,1): error TS6133: 'users' is declared but its value is never read.\nserver/index.ts(20,1): error TS6133: 'eq' is declared but its value is never read.\nserver/index.ts(21,28): error TS6133: 'getUserById' is declared but its value is never read.\nserver/index.ts(36,10): error TS6133: 'req' is declared but its value is never read.\nserver/index.ts(95,15): error TS6133: 'res' is declared but its value is never read.\nserver/kiwiProvider.ts(245,13): error TS6133: 'inbound' is declared but its value is never read.\nserver/loadBalancer.ts(3,25): error TS6133: 'organizations' is declared but its value is never read.\nserver/loadBalancer.ts(4,14): error TS6133: 'and' is declared but its value is never read.\nserver/loadBalancer.ts(63,53): error TS2551: Property 'organization_id' does not exist on type 'DomainConfig'. Did you mean 'organizationId'?\nserver/loadBalancer.ts(113,27): error TS2551: Property 'organization_id' does not exist on type '{ domain: string; organizationId: number; ssl_verified: boolean | null; status: string | null; companyName: string | null; companyLogo: string | null; primaryColor: string | null; ... 5 more ...; footerText: string | null; }'. Did you mean 'organizationId'?\nserver/loadBalancer.ts(252,53): error TS2551: Property 'organization_id' does not exist on type 'DomainConfig'. Did you mean 'organizationId'?\nserver/loadBalancer.ts(279,11): error TS2322: Type '{ domain: string; organizationId: any; ssl_verified: boolean | null; status: string | null; branding: null; }[]' is not assignable to type 'DomainConfig[]'.\n  Type '{ domain: string; organizationId: any; ssl_verified: boolean | null; status: string | null; branding: null; }' is not assignable to type 'DomainConfig'.\n    Types of property 'ssl_verified' are incompatible.\n      Type 'boolean | null' is not assignable to type 'boolean'.\n        Type 'null' is not assignable to type 'boolean'.\nserver/loadBalancer.ts(281,25): error TS2551: Property 'organization_id' does not exist on type '{ domain: string; organizationId: number; ssl_verified: boolean | null; status: string | null; }'. Did you mean 'organizationId'?\nserver/loadBalancer.ts(309,9): error TS6133: 'workerScript' is declared but its value is never read.\nserver/middleware/api-security.ts(26,7): error TS2339: Property 'apiVersion' does not exist on type 'Request<ParamsDictionary, any, any, ParsedQs, Record<string, any>>'.\nserver/middleware/api-security.ts(61,7): error TS7053: Element implicitly has an 'any' type because expression of type 'string' can't be used to index type '{}'.\n  No index signature with a parameter of type 'string' was found on type '{}'.\nserver/middleware/api-security.ts(63,7): error TS7053: Element implicitly has an 'any' type because expression of type 'string' can't be used to index type '{}'.\n  No index signature with a parameter of type 'string' was found on type '{}'.\nserver/middleware/api-security.ts(65,7): error TS7053: Element implicitly has an 'any' type because expression of type 'string' can't be used to index type '{}'.\n  No index signature with a parameter of type 'string' was found on type '{}'.\nserver/middleware/api-security.ts(125,31): error TS2551: Property 'organization_id' does not exist on type '{ name: string; organizationId: number; permissions: string[]; rateLimit: number; expiresAt?: Date | undefined; lastUsed: Date; usageCount: number; }'. Did you mean 'organizationId'?\nserver/middleware/api-security.ts(151,7): error TS2339: Property 'apiKeyAuth' does not exist on type 'Request<ParamsDictionary, any, any, ParsedQs, Record<string, any>>'.\nserver/middleware/api-security.ts(152,32): error TS2551: Property 'organization_id' does not exist on type '{ valid: boolean; organizationId?: number | undefined; permissions?: string[] | undefined; rateLimit?: number | undefined; }'. Did you mean 'organizationId'?\nserver/middleware/authentication.ts(131,75): error TS2339: Property 'sessionId' does not exist on type 'Session & Partial<SessionData>'.\nserver/middleware/authentication.ts(159,7): error TS2339: Property 'authSession' does not exist on type 'Request<ParamsDictionary, any, any, ParsedQs, Record<string, any>>'.\nserver/middleware/authentication.ts(160,3): error TS2741: Property 'email' is missing in type '{ id: number; organization_id: any; role: string; }' but required in type '{ [key: string]: any; id: number; email: string; organization_id?: number | null | undefined; role?: string | undefined; displayName?: string | undefined; }'.\nserver/middleware/authentication.ts(162,30): error TS2551: Property 'organization_id' does not exist on type 'AuthSession'. Did you mean 'organizationId'?\nserver/middleware/authentication.ts(173,12): error TS2339: Property 'authSession' does not exist on type 'Request<ParamsDictionary, any, any, ParsedQs, Record<string, any>>'.\nserver/middleware/authentication.ts(187,14): error TS2339: Property 'authSession' does not exist on type 'Request<ParamsDictionary, any, any, ParsedQs, Record<string, any>>'.\nserver/middleware/authentication.ts(191,36): error TS2339: Property 'authSession' does not exist on type 'Request<ParamsDictionary, any, any, ParsedQs, Record<string, any>>'.\nserver/middleware/authentication.ts(195,22): error TS2339: Property 'authSession' does not exist on type 'Request<ParamsDictionary, any, any, ParsedQs, Record<string, any>>'.\nserver/middleware/authentication.ts(207,12): error TS2339: Property 'authSession' does not exist on type 'Request<ParamsDictionary, any, any, ParsedQs, Record<string, any>>'.\nserver/middleware/authentication.ts(327,7): error TS2339: Property 'authIdentifier' does not exist on type 'Request<ParamsDictionary, any, any, ParsedQs, Record<string, any>>'.\nserver/middleware/comprehensive-rate-limiting.ts(171,65): error TS6133: 'config' is declared but its value is never read.\nserver/middleware/database.ts(2,19): error TS6133: 'sql' is declared but its value is never read.\nserver/middleware/database.ts(8,57): error TS6133: 'res' is declared but its value is never read.\nserver/middleware/database.ts(21,26): error TS18048: 'req.user' is possibly 'undefined'.\nserver/middleware/database.ts(23,7): error TS2353: Object literal may only specify known properties, and 'requireSameOrganization' does not exist in type '{ id: number | null; canAccessOrganization: (orgId: number | null) => boolean; enforceOrganizationAccess: (orgId: number | null) => void; }'.\nserver/middleware/database.ts(24,33): error TS18048: 'req.user' is possibly 'undefined'.\nserver/middleware/database.ts(39,23): error TS6138: Property 'organizationId' is declared but its value is never read.\nserver/middleware/database.ts(45,15): error TS2551: Property 'organization_id' does not exist on type 'SecureQueryBuilder'. Did you mean 'organizationId'?\nserver/middleware/database.ts(49,57): error TS2551: Property 'organization_id' does not exist on type 'SecureQueryBuilder'. Did you mean 'organizationId'?\nserver/middleware/database.ts(70,15): error TS2551: Property 'organization_id' does not exist on type 'SecureQueryBuilder'. Did you mean 'organizationId'?\nserver/middleware/database.ts(73,35): error TS2551: Property 'organization_id' does not exist on type 'SecureQueryBuilder'. Did you mean 'organizationId'?\nserver/middleware/database.ts(80,58): error TS6133: 'res' is declared but its value is never read.\nserver/middleware/database.ts(87,7): error TS2339: Property 'secureQuery' does not exist on type 'Request<ParamsDictionary, any, any, ParsedQs, Record<string, any>>'.\nserver/middleware/database.ts(90,9): error TS6133: 'originalQuery' is declared but its value is never read.\nserver/middleware/database.ts(91,7): error TS2339: Property 'secureDbOps' does not exist on type 'Request<ParamsDictionary, any, any, ParsedQs, Record<string, any>>'.\nserver/middleware/database.ts(94,18): error TS2339: Property 'secureQuery' does not exist on type 'Request<ParamsDictionary, any, any, ParsedQs, Record<string, any>>'.\nserver/middleware/database.ts(103,18): error TS2339: Property 'secureQuery' does not exist on type 'Request<ParamsDictionary, any, any, ParsedQs, Record<string, any>>'.\nserver/middleware/database.ts(112,18): error TS2339: Property 'secureQuery' does not exist on type 'Request<ParamsDictionary, any, any, ParsedQs, Record<string, any>>'.\nserver/middleware/database.ts(121,18): error TS2339: Property 'secureQuery' does not exist on type 'Request<ParamsDictionary, any, any, ParsedQs, Record<string, any>>'.\nserver/middleware/errorHandler.ts(16,74): error TS6133: 'next' is declared but its value is never read.\nserver/middleware/fieldTransform.ts(8,54): error TS6133: 'res' is declared but its value is never read.\nserver/middleware/inputValidation.ts(326,14): error TS2339: Property 'file' does not exist on type 'Request<ParamsDictionary, any, any, ParsedQs, Record<string, any>>'.\nserver/middleware/inputValidation.ts(330,24): error TS2339: Property 'file' does not exist on type 'Request<ParamsDictionary, any, any, ParsedQs, Record<string, any>>'.\nserver/middleware/organizationRoleMiddleware.ts(4,38): error TS6133: 'permission' is declared but its value is never read.\nserver/middleware/organizationScoping.ts(9,7): error TS2717: Subsequent property declarations must have the same type.  Property 'organizationId' must be of type 'number | null | undefined', but here has type 'number | undefined'.\nserver/middleware/organizationScoping.ts(36,12): error TS2339: Property 'isAuthenticated' does not exist on type 'Request<ParamsDictionary, any, any, ParsedQs, Record<string, any>>'.\nserver/middleware/organizationScoping.ts(36,36): error TS2339: Property 'isAuthenticated' does not exist on type 'Request<ParamsDictionary, any, any, ParsedQs, Record<string, any>>'.\nserver/middleware/organizationScoping.ts(158,47): error TS2551: Property 'organization_id' does not exist on type '{ organizationId: number; status: string | null; domain: string; }'. Did you mean 'organizationId'?\nserver/middleware/organizationScoping.ts(163,38): error TS2551: Property 'organization_id' does not exist on type '{ organizationId: number; status: string | null; domain: string; }'. Did you mean 'organizationId'?\nserver/middleware/organizationScoping.ts(205,7): error TS2339: Property 'analyticsScope' does not exist on type 'Request<ParamsDictionary, any, any, ParsedQs, Record<string, any>>'.\nserver/middleware/organizationScoping.ts(221,26): error TS2304: Cannot find name 'eq'.\nserver/middleware/performance.ts(100,45): error TS6133: 'res' is declared but its value is never read.\nserver/middleware/security.ts(45,59): error TS6133: 'res' is declared but its value is never read.\nserver/middleware/security.ts(53,32): error TS2353: Object literal may only specify known properties, and 'organization_id' does not exist in type '(orgId: number | null) => boolean'.\nserver/middleware/security.ts(101,5): error TS2322: Type '(chunk?: any, encoding?: any) => void' is not assignable to type '{ (cb?: (() => void) | undefined): Response<any, Record<string, any>>; (chunk: any, cb?: (() => void) | undefined): Response<any, Record<string, any>>; (chunk: any, encoding: BufferEncoding, cb?: (() => void) | undefined): Response<...>; }'.\n  Type 'void' is not assignable to type 'Response<any, Record<string, any>>'.\nserver/middleware/security.ts(130,11): error TS2339: Property 'file' does not exist on type 'Request<ParamsDictionary, any, any, ParsedQs, Record<string, any>>'.\nserver/middleware/security.ts(131,40): error TS2339: Property 'file' does not exist on type 'Request<ParamsDictionary, any, any, ParsedQs, Record<string, any>>'.\nserver/middleware/security.ts(137,13): error TS2339: Property 'file' does not exist on type 'Request<ParamsDictionary, any, any, ParsedQs, Record<string, any>>'.\nserver/middleware/security.ts(144,9): error TS2339: Property 'file' does not exist on type 'Request<ParamsDictionary, any, any, ParsedQs, Record<string, any>>'.\nserver/middleware/security.ts(144,33): error TS2339: Property 'file' does not exist on type 'Request<ParamsDictionary, any, any, ParsedQs, Record<string, any>>'.\nserver/middleware/unified-monitoring.ts(15,7): error TS2687: All declarations of 'unifiedMetrics' must have identical modifiers.\nserver/middleware/unified-monitoring.ts(129,7): error TS2687: All declarations of 'trackQuery' must have identical modifiers.\nserver/middleware/validation.ts(135,3): error TS2322: Type '(chunk?: any, encoding?: any) => void' is not assignable to type '{ (cb?: (() => void) | undefined): Response<any, Record<string, any>>; (chunk: any, cb?: (() => void) | undefined): Response<any, Record<string, any>>; (chunk: any, encoding: BufferEncoding, cb?: (() => void) | undefined): Response<...>; }'.\n  Type 'void' is not assignable to type 'Response<any, Record<string, any>>'.\nserver/notificationManager.ts(2,10): error TS6133: 'sendPushNotification' is declared but its value is never read.\nserver/notificationService.ts(1,10): error TS2305: Module '\"./emailService\"' has no exported member 'sendEmail'.\nserver/openai.ts(587,11): error TS6133: 'hasDayPatterns' is declared but its value is never read.\nserver/openai.ts(609,11): error TS6133: 'isWeatherQuery' is declared but its value is never read.\nserver/openai.ts(618,11): error TS6133: 'isBudgetQuery' is declared but its value is never read.\nserver/openai.ts(664,11): error TS6133: 'prompt' is declared but its value is never read.\nserver/organizationContext.ts(8,7): error TS2717: Subsequent property declarations must have the same type.  Property 'user' must be of type '{ [key: string]: any; id: number; email: string; organization_id?: number | null | undefined; role?: string | undefined; displayName?: string | undefined; } | undefined', but here has type '{ [key: string]: any; id: number; organizationId?: number | null | undefined; role?: string | undefined; } | undefined'.\nserver/organizationContext.ts(28,61): error TS6133: 'res' is declared but its value is never read.\nserver/pdfExport.ts(898,56): error TS6133: 'activities' is declared but its value is never read.\nserver/pdfExport.ts(902,11): error TS6133: 'generateThemedItinerary' is declared but its value is never read.\nserver/pdfExport.ts(906,41): error TS2551: Property 'startDate' does not exist on type '{ id: number; title: string; organization_id: number | null; created_at: Date | null; updated_at: Date | null; completed: boolean | null; start_date: Date; end_date: Date; ... 18 more ...; budget: number | null; }'. Did you mean 'start_date'?\nserver/pdfExport.ts(907,39): error TS2551: Property 'endDate' does not exist on type '{ id: number; title: string; organization_id: number | null; created_at: Date | null; updated_at: Date | null; completed: boolean | null; start_date: Date; end_date: Date; ... 18 more ...; budget: number | null; }'. Did you mean 'end_date'?\nserver/pdfExport.ts(920,26): error TS2304: Cannot find name 'tripActivities'.\nserver/pdfExport.ts(920,46): error TS7006: Parameter 'a' implicitly has an 'any' type.\nserver/pdfExport.ts(921,26): error TS2304: Cannot find name 'tripActivities'.\nserver/pdfExport.ts(921,46): error TS7006: Parameter 'a' implicitly has an 'any' type.\nserver/pdfExport.ts(931,15): error TS7022: 'activities' implicitly has type 'any' because it does not have a type annotation and is referenced directly or indirectly in its own initializer.\nserver/pdfExport.ts(931,28): error TS2448: Block-scoped variable 'activities' used before its declaration.\nserver/permissions.ts(247,14): error TS7022: 'SUBSCRIPTION_PERMISSIONS' implicitly has type 'any' because it does not have a type annotation and is referenced directly or indirectly in its own initializer.\nserver/permissions.ts(255,8): error TS2448: Block-scoped variable 'SUBSCRIPTION_PERMISSIONS' used before its declaration.\nserver/permissions.ts(264,8): error TS2448: Block-scoped variable 'SUBSCRIPTION_PERMISSIONS' used before its declaration.\nserver/predictiveAI.ts(357,5): error TS2322: Type '{ date: string; price: number; confidence: number; recommendation: string; }[]' is not assignable to type '{ date: string; price: number; confidence: number; recommendation: \"monitor\" | \"book_now\" | \"wait\"; }[]'.\n  Type '{ date: string; price: number; confidence: number; recommendation: string; }' is not assignable to type '{ date: string; price: number; confidence: number; recommendation: \"monitor\" | \"book_now\" | \"wait\"; }'.\n    Types of property 'recommendation' are incompatible.\n      Type 'string' is not assignable to type '\"monitor\" | \"book_now\" | \"wait\"'.\nserver/proposalGenerator.ts(36,41): error TS2551: Property 'startDate' does not exist on type '{ id: number; title: string; organization_id: number | null; created_at: Date | null; updated_at: Date | null; completed: boolean | null; start_date: Date; end_date: Date; ... 18 more ...; budget: number | null; }'. Did you mean 'start_date'?\nserver/proposalGenerator.ts(37,39): error TS2551: Property 'endDate' does not exist on type '{ id: number; title: string; organization_id: number | null; created_at: Date | null; updated_at: Date | null; completed: boolean | null; start_date: Date; end_date: Date; ... 18 more ...; budget: number | null; }'. Did you mean 'end_date'?\nserver/proposalGenerator.ts(145,80): error TS2551: Property 'startDate' does not exist on type '{ id: number; title: string; organization_id: number | null; created_at: Date | null; updated_at: Date | null; completed: boolean | null; start_date: Date; end_date: Date; ... 18 more ...; budget: number | null; }'. Did you mean 'start_date'?\nserver/proposalGenerator.ts(145,111): error TS2551: Property 'endDate' does not exist on type '{ id: number; title: string; organization_id: number | null; created_at: Date | null; updated_at: Date | null; completed: boolean | null; start_date: Date; end_date: Date; ... 18 more ...; budget: number | null; }'. Did you mean 'end_date'?\nserver/rbac.ts(92,35): error TS2345: Argument of type 'string' is not assignable to parameter of type 'never'.\nserver/rbac.ts(98,35): error TS2345: Argument of type 'string' is not assignable to parameter of type '\"view_trip\"'.\nserver/rbac.ts(232,9): error TS2322: Type 'string' is not assignable to type 'SQL<unknown> | Aliased<unknown> | PgColumn<ColumnBaseConfig<ColumnDataType, string>, {}, {}> | PgTable<TableConfig> | SelectedFieldsFlat<...>'.\nserver/rbac.ts(239,15): error TS2345: Argument of type '{ userRole: PgColumn<{ name: \"role\"; tableName: \"trip_collaborators\"; dataType: \"string\"; columnType: \"PgText\"; data: string; driverParam: string; notNull: true; hasDefault: false; isPrimaryKey: false; ... 5 more ...; generated: undefined; }, {}, {}>; ... 32 more ...; enableRLS: () => Omit<...>; }' is not assignable to parameter of type 'SelectedFields'.\n  Property '_' is incompatible with index signature.\n    Type '{ readonly brand: \"Table\"; readonly config: { name: \"trips\"; schema: undefined; columns: { id: PgColumn<{ name: \"id\"; tableName: \"trips\"; dataType: \"number\"; columnType: \"PgSerial\"; data: number; driverParam: number; ... 8 more ...; generated: undefined; }, {}, {}>; ... 25 more ...; updated_at: PgColumn<...>; }; dia...' is not assignable to type 'SQL<unknown> | Aliased<unknown> | PgColumn<ColumnBaseConfig<ColumnDataType, string>, {}, {}> | PgTable<TableConfig> | SelectedFieldsFlat<...>'.\n      Type '{ readonly brand: \"Table\"; readonly config: { name: \"trips\"; schema: undefined; columns: { id: PgColumn<{ name: \"id\"; tableName: \"trips\"; dataType: \"number\"; columnType: \"PgSerial\"; data: number; driverParam: number; ... 8 more ...; generated: undefined; }, {}, {}>; ... 25 more ...; updated_at: PgColumn<...>; }; dia...' is not assignable to type 'SelectedFieldsFlat<PgColumn<ColumnBaseConfig<ColumnDataType, string>, {}, {}>>'.\n        Property 'brand' is incompatible with index signature.\n          Type 'string' is not assignable to type 'SQL<unknown> | Aliased<unknown> | PgColumn<ColumnBaseConfig<ColumnDataType, string>, {}, {}>'.\nserver/routes-backup.ts(12,3): error TS6133: 'validateQueryParams' is declared but its value is never read.\nserver/routes-backup.ts(20,3): error TS6133: 'whiteLabelRequestSchema' is declared but its value is never read.\nserver/routes-backup.ts(22,3): error TS6133: 'customDomainSchema' is declared but its value is never read.\nserver/routes-backup.ts(23,3): error TS6133: 'domainVerificationSchema' is declared but its value is never read.\nserver/routes-backup.ts(24,3): error TS6133: 'userRoleUpdateSchema' is declared but its value is never read.\nserver/routes-backup.ts(49,1): error TS6192: All imports in import declaration are unused.\nserver/routes-backup.ts(51,41): error TS6133: 'detectScheduleConflicts' is declared but its value is never read.\nserver/routes-backup.ts(57,78): error TS6133: 'dayNumber' is declared but its value is never read.\nserver/routes-backup.ts(98,3): error TS6133: 'organizationContextMiddleware' is declared but its value is never read.\nserver/routes-backup.ts(99,3): error TS6133: 'validateTripAccess' is declared but its value is never read.\nserver/routes-backup.ts(100,3): error TS6133: 'withOrganizationFilter' is declared but its value is never read.\nserver/routes-backup.ts(101,3): error TS6133: 'requireOrganizationContext' is declared but its value is never read.\nserver/routes-backup.ts(115,3): error TS6133: 'updateOrganizationSubscription' is declared but its value is never read.\nserver/routes-backup.ts(449,33): error TS2551: Property 'startDate' does not exist on type '{ id: number; title: string; organization_id: number | null; created_at: Date | null; updated_at: Date | null; completed: boolean | null; start_date: Date; end_date: Date; ... 18 more ...; budget: number | null; }'. Did you mean 'start_date'?\nserver/routes-backup.ts(461,20): error TS2551: Property 'endDate' does not exist on type '{ id: number; title: string; organization_id: number | null; created_at: Date | null; updated_at: Date | null; completed: boolean | null; start_date: Date; end_date: Date; ... 18 more ...; budget: number | null; }'. Did you mean 'end_date'?\nserver/routes-backup.ts(461,35): error TS2551: Property 'startDate' does not exist on type '{ id: number; title: string; organization_id: number | null; created_at: Date | null; updated_at: Date | null; completed: boolean | null; start_date: Date; end_date: Date; ... 18 more ...; budget: number | null; }'. Did you mean 'start_date'?\nserver/routes-backup.ts(465,35): error TS2551: Property 'endDate' does not exist on type '{ id: number; title: string; organization_id: number | null; created_at: Date | null; updated_at: Date | null; completed: boolean | null; start_date: Date; end_date: Date; ... 18 more ...; budget: number | null; }'. Did you mean 'end_date'?\nserver/routes-backup.ts(642,37): error TS7017: Element implicitly has an 'any' type because type 'typeof globalThis' has no index signature.\nserver/routes-backup.ts(733,24): error TS2551: Property 'trip_id' does not exist on type '{ time: string; title: string; order: number; date: Date; completed: boolean; tripId: number; locationName: string; latitude?: string | null | undefined; longitude?: string | null | undefined; ... 4 more ...; organizationId?: number | undefined; }'. Did you mean 'tripId'?\nserver/routes-backup.ts(751,55): error TS2551: Property 'trip_id' does not exist on type '{ time: string; title: string; order: number; date: Date; completed: boolean; tripId: number; locationName: string; latitude?: string | null | undefined; longitude?: string | null | undefined; ... 4 more ...; organizationId?: number | undefined; }'. Did you mean 'tripId'?\nserver/routes-backup.ts(917,13): error TS6133: 'deleted' is declared but its value is never read.\nserver/routes-backup.ts(986,51): error TS2551: Property 'trip_id' does not exist on type '{ completed: boolean; tripId: number; task: string; assignedTo?: string | undefined; organizationId?: number | undefined; }'. Did you mean 'tripId'?\nserver/routes-backup.ts(1068,13): error TS6133: 'deleted' is declared but its value is never read.\nserver/routes-backup.ts(1137,51): error TS2551: Property 'trip_id' does not exist on type '{ content: string; tripId: number; organizationId?: number | undefined; }'. Did you mean 'tripId'?\nserver/routes-backup.ts(1219,13): error TS6133: 'deleted' is declared but its value is never read.\nserver/routes-backup.ts(1455,44): error TS2551: Property 'endDate' does not exist on type '{ id: number; title: string; organization_id: number | null; created_at: Date | null; updated_at: Date | null; completed: boolean | null; start_date: Date; end_date: Date; ... 18 more ...; budget: number | null; }'. Did you mean 'end_date'?\nserver/routes-backup.ts(1455,79): error TS2551: Property 'startDate' does not exist on type '{ id: number; title: string; organization_id: number | null; created_at: Date | null; updated_at: Date | null; completed: boolean | null; start_date: Date; end_date: Date; ... 18 more ...; budget: number | null; }'. Did you mean 'start_date'?\nserver/routes-backup.ts(1487,75): error TS6133: 'cabin' is declared but its value is never read.\nserver/routes-backup.ts(1487,82): error TS6133: 'directFlights' is declared but its value is never read.\nserver/routes-backup.ts(1544,15): error TS2339: Property 'getHotelOffers' does not exist on type 'typeof import(\"/mnt/c/Users/jbirc/Desktop/nestlein/nestmaprepo/server/bookingProviders\")'.\nserver/routes-backup.ts(1569,15): error TS2339: Property 'bookHotel' does not exist on type 'typeof import(\"/mnt/c/Users/jbirc/Desktop/nestlein/nestmaprepo/server/bookingProviders\")'.\nserver/routes-backup.ts(1598,43): error TS2345: Argument of type '{ type: any; itemId: any; userDetails: any; }' is not assignable to parameter of type '{ providerId: string; type: \"activity\" | \"hotel\" | \"flight\"; itemId: string; userDetails: any; }'.\n  Property 'providerId' is missing in type '{ type: any; itemId: any; userDetails: any; }' but required in type '{ providerId: string; type: \"activity\" | \"hotel\" | \"flight\"; itemId: string; userDetails: any; }'.\nserver/routes-backup.ts(1647,26): error TS2551: Property 'sharingEnabled' does not exist on type '{ id: number; title: string; organization_id: number | null; created_at: Date | null; updated_at: Date | null; completed: boolean | null; start_date: Date; end_date: Date; ... 18 more ...; budget: number | null; }'. Did you mean 'sharing_enabled'?\nserver/routes-backup.ts(1661,25): error TS2551: Property 'startDate' does not exist on type '{ id: number; title: string; organization_id: number | null; created_at: Date | null; updated_at: Date | null; completed: boolean | null; start_date: Date; end_date: Date; ... 18 more ...; budget: number | null; }'. Did you mean 'start_date'?\nserver/routes-backup.ts(1662,23): error TS2551: Property 'endDate' does not exist on type '{ id: number; title: string; organization_id: number | null; created_at: Date | null; updated_at: Date | null; completed: boolean | null; start_date: Date; end_date: Date; ... 18 more ...; budget: number | null; }'. Did you mean 'end_date'?\nserver/routes-backup.ts(1664,31): error TS2551: Property 'sharePermission' does not exist on type '{ id: number; title: string; organization_id: number | null; created_at: Date | null; updated_at: Date | null; completed: boolean | null; start_date: Date; end_date: Date; ... 18 more ...; budget: number | null; }'. Did you mean 'share_permission'?\nserver/routes-backup.ts(1777,47): error TS6133: 'req' is declared but its value is never read.\nserver/routes-backup.ts(2010,42): error TS2345: Argument of type 'string' is not assignable to parameter of type 'number'.\nserver/routes-backup.ts(2016,39): error TS2345: Argument of type 'string' is not assignable to parameter of type 'number'.\nserver/routes-backup.ts(2017,34): error TS2345: Argument of type 'string' is not assignable to parameter of type 'number'.\nserver/routes-backup.ts(2018,34): error TS2345: Argument of type 'string' is not assignable to parameter of type 'number'.\nserver/routes-backup.ts(2038,36): error TS6133: 'req' is declared but its value is never read.\nserver/routes-backup.ts(2092,9): error TS2561: Object literal may only specify known properties, but 'tripType' does not exist in type '{ title: string; completed: boolean; collaborators: any[]; trip_type: string; startDate: Date; endDate: Date; userId: number; isPublic: boolean; sharingEnabled: boolean; sharePermission: string; ... 14 more ...; organization?: string | undefined; }'. Did you mean to write 'trip_type'?\nserver/routes-backup.ts(2189,9): error TS2322: Type 'number | null | undefined' is not assignable to type 'number | undefined'.\n  Type 'null' is not assignable to type 'number | undefined'.\nserver/routes-backup.ts(2215,13): error TS2322: Type 'string' is not assignable to type 'Date'.\nserver/routes-backup.ts(2242,13): error TS2345: Argument of type '{ startTime: string; day: number; id: number; time: string; title: string; order: number; date: Date; trip_id: number; organization_id: number | null; location_name: string; latitude: string | null; ... 5 more ...; completed: boolean | null; }[]' is not assignable to parameter of type 'Activity[]'.\n  Property 'locationName' is missing in type '{ startTime: string; day: number; id: number; time: string; title: string; order: number; date: Date; trip_id: number; organization_id: number | null; location_name: string; latitude: string | null; ... 5 more ...; completed: boolean | null; }' but required in type 'Activity'.\nserver/routes-backup.ts(2253,37): error TS2339: Property 'startTime' does not exist on type 'Activity'.\nserver/routes-backup.ts(2253,68): error TS2339: Property 'startTime' does not exist on type 'Activity'.\nserver/routes-backup.ts(2255,43): error TS2339: Property 'startTime' does not exist on type 'Activity'.\nserver/routes-backup.ts(2256,99): error TS2339: Property 'startTime' does not exist on type 'Activity'.\nserver/routes-backup.ts(2258,119): error TS2339: Property 'startTime' does not exist on type 'Activity'.\nserver/routes-backup.ts(2360,13): error TS6133: 'tripDuration' is declared but its value is never read.\nserver/routes-backup.ts(2360,39): error TS2362: The left-hand side of an arithmetic operation must be of type 'any', 'number', 'bigint' or an enum type.\nserver/routes-backup.ts(2360,68): error TS2363: The right-hand side of an arithmetic operation must be of type 'any', 'number', 'bigint' or an enum type.\nserver/routes-backup.ts(2364,9): error TS2322: Type 'number | null | undefined' is not assignable to type 'number | undefined'.\n  Type 'null' is not assignable to type 'number | undefined'.\nserver/routes-backup.ts(2390,13): error TS2322: Type 'string' is not assignable to type 'Date'.\nserver/routes-backup.ts(2410,13): error TS2345: Argument of type '{ id: number; time: string; title: string; order: number; date: Date; trip_id: number; organization_id: number | null; location_name: string; latitude: string | null; longitude: string | null; ... 4 more ...; completed: boolean | null; }[]' is not assignable to parameter of type 'Activity[]'.\n  Type '{ id: number; time: string; title: string; order: number; date: Date; trip_id: number; organization_id: number | null; location_name: string; latitude: string | null; longitude: string | null; ... 4 more ...; completed: boolean | null; }' is missing the following properties from type 'Activity': locationName, day\nserver/routes-backup.ts(2421,37): error TS2339: Property 'startTime' does not exist on type 'Activity'.\nserver/routes-backup.ts(2421,68): error TS2339: Property 'startTime' does not exist on type 'Activity'.\nserver/routes-backup.ts(2423,43): error TS2339: Property 'startTime' does not exist on type 'Activity'.\nserver/routes-backup.ts(2424,93): error TS2339: Property 'startTime' does not exist on type 'Activity'.\nserver/routes-backup.ts(2426,119): error TS2339: Property 'startTime' does not exist on type 'Activity'.\nserver/routes-backup.ts(2748,18): error TS6133: 'analyzePromptWithAI' is declared but its value is never read.\nserver/routes-backup.ts(2811,18): error TS6133: 'searchRealFlights' is declared but its value is never read.\nserver/routes-backup.ts(2891,18): error TS6133: 'searchRealHotels' is declared but its value is never read.\nserver/routes-backup.ts(3063,18): error TS6133: 'getWeatherForecast' is declared but its value is never read.\nserver/routes-backup.ts(3063,58): error TS6133: 'dates' is declared but its value is never read.\nserver/routes-backup.ts(3099,30): error TS2362: The left-hand side of an arithmetic operation must be of type 'any', 'number', 'bigint' or an enum type.\nserver/routes-backup.ts(3099,59): error TS2363: The right-hand side of an arithmetic operation must be of type 'any', 'number', 'bigint' or an enum type.\nserver/routes-backup.ts(3120,45): error TS2362: The left-hand side of an arithmetic operation must be of type 'any', 'number', 'bigint' or an enum type.\nserver/routes-backup.ts(3120,74): error TS2363: The right-hand side of an arithmetic operation must be of type 'any', 'number', 'bigint' or an enum type.\nserver/routes-backup.ts(3238,30): error TS2362: The left-hand side of an arithmetic operation must be of type 'any', 'number', 'bigint' or an enum type.\nserver/routes-backup.ts(3238,59): error TS2363: The right-hand side of an arithmetic operation must be of type 'any', 'number', 'bigint' or an enum type.\nserver/routes-backup.ts(3292,18): error TS6133: 'searchLocalDining' is declared but its value is never read.\nserver/routes-backup.ts(3424,34): error TS2551: Property 'startDate' does not exist on type '{ id: number; title: string; organization_id: number | null; created_at: Date | null; updated_at: Date | null; completed: boolean | null; start_date: Date; end_date: Date; ... 18 more ...; budget: number | null; }'. Did you mean 'start_date'?\nserver/routes-backup.ts(3425,32): error TS2551: Property 'endDate' does not exist on type '{ id: number; title: string; organization_id: number | null; created_at: Date | null; updated_at: Date | null; completed: boolean | null; start_date: Date; end_date: Date; ... 18 more ...; budget: number | null; }'. Did you mean 'end_date'?\nserver/routes-backup.ts(3540,34): error TS2345: Argument of type 'string | undefined' is not assignable to parameter of type 'string'.\n  Type 'undefined' is not assignable to type 'string'.\nserver/routes-backup.ts(3580,34): error TS2345: Argument of type 'string | undefined' is not assignable to parameter of type 'string'.\n  Type 'undefined' is not assignable to type 'string'.\nserver/routes-backup.ts(3644,16): error TS2339: Property 'isAuthenticated' does not exist on type 'Request<ParamsDictionary, any, any, ParsedQs, Record<string, any>>'.\nserver/routes-backup.ts(3680,56): error TS2551: Property 'organization_id' does not exist on type '{ id: number; role: string; status: string | null; email: string; organizationId: number | null; createdAt: Date | null; invitedBy: number; token: string; expiresAt: Date; acceptedAt: Date | null; }'. Did you mean 'organizationId'?\nserver/routes-backup.ts(3697,9): error TS2561: Object literal may only specify known properties, but 'organizationId' does not exist in type 'CreateOrganizationSubscriptionParams'. Did you mean to write 'organization_id'?\nserver/routes-backup.ts(3842,13): error TS6133: 'clientItinerary' is declared but its value is never read.\nserver/routes-backup.ts(4081,15): error TS6133: 'data' is declared but its value is never read.\nserver/routes-backup.ts(4184,34): error TS6133: 'req' is declared but its value is never read.\nserver/routes-backup.ts(4227,34): error TS6133: 'req' is declared but its value is never read.\nserver/routes-backup.ts(4254,48): error TS6133: 'req' is declared but its value is never read.\nserver/routes-backup.ts(4290,40): error TS6133: 'req' is declared but its value is never read.\nserver/routes-backup.ts(4386,42): error TS6133: 'req' is declared but its value is never read.\nserver/routes-backup.ts(4548,11): error TS2353: Object literal may only specify known properties, and 'approved_features' does not exist in type '{ organization_id?: number | SQL<unknown> | PgColumn<ColumnBaseConfig<ColumnDataType, string>, {}, {}> | undefined; requested_by?: number | ... 2 more ... | undefined; ... 7 more ...; review_notes?: string | ... 3 more ... | undefined; }'.\nserver/routes-backup.ts(4841,9): error TS2740: Type 'Omit<PgSelectBase<\"users\", { id: PgColumn<{ name: \"id\"; tableName: \"users\"; dataType: \"number\"; columnType: \"PgSerial\"; data: number; driverParam: number; notNull: true; hasDefault: true; isPrimaryKey: true; isAutoincrement: false; ... 4 more ...; generated: undefined; }, {}, {}>; ... 13 more ...; created_at: PgColu...' is missing the following properties from type 'PgSelectBase<\"users\", { id: PgColumn<{ name: \"id\"; tableName: \"users\"; dataType: \"number\"; columnType: \"PgSerial\"; data: number; driverParam: number; notNull: true; hasDefault: true; isPrimaryKey: true; isAutoincrement: false; ... 4 more ...; generated: undefined; }, {}, {}>; ... 13 more ...; created_at: PgColumn<.....': config, joinsNotNullableMap, tableName, isPartialSelect, and 5 more.\nserver/routes-backup.ts(4847,9): error TS2740: Type 'Omit<PgSelectBase<\"users\", { id: PgColumn<{ name: \"id\"; tableName: \"users\"; dataType: \"number\"; columnType: \"PgSerial\"; data: number; driverParam: number; notNull: true; hasDefault: true; isPrimaryKey: true; isAutoincrement: false; ... 4 more ...; generated: undefined; }, {}, {}>; ... 13 more ...; created_at: PgColu...' is missing the following properties from type 'PgSelectBase<\"users\", { id: PgColumn<{ name: \"id\"; tableName: \"users\"; dataType: \"number\"; columnType: \"PgSerial\"; data: number; driverParam: number; notNull: true; hasDefault: true; isPrimaryKey: true; isAutoincrement: false; ... 4 more ...; generated: undefined; }, {}, {}>; ... 13 more ...; created_at: PgColumn<.....': config, joinsNotNullableMap, tableName, isPartialSelect, and 5 more.\nserver/routes-backup.ts(4952,41): error TS2551: Property 'startDate' does not exist on type '{ id: number; title: string; organization_id: number | null; created_at: Date | null; updated_at: Date | null; completed: boolean | null; start_date: Date; end_date: Date; ... 18 more ...; budget: number | null; }'. Did you mean 'start_date'?\nserver/routes-backup.ts(4953,39): error TS2551: Property 'endDate' does not exist on type '{ id: number; title: string; organization_id: number | null; created_at: Date | null; updated_at: Date | null; completed: boolean | null; start_date: Date; end_date: Date; ... 18 more ...; budget: number | null; }'. Did you mean 'end_date'?\nserver/routes-backup.ts(4992,42): error TS6133: 'req' is declared but its value is never read.\nserver/routes-backup.ts(5000,26): error TS2551: Property 'startDate' does not exist on type 'PgTableWithColumns<{ name: \"trips\"; schema: undefined; columns: { id: PgColumn<{ name: \"id\"; tableName: \"trips\"; dataType: \"number\"; columnType: \"PgSerial\"; data: number; driverParam: number; notNull: true; hasDefault: true; ... 6 more ...; generated: undefined; }, {}, {}>; ... 25 more ...; updated_at: PgColumn<...>...'. Did you mean 'start_date'?\nserver/routes-backup.ts(5001,24): error TS2551: Property 'endDate' does not exist on type 'PgTableWithColumns<{ name: \"trips\"; schema: undefined; columns: { id: PgColumn<{ name: \"id\"; tableName: \"trips\"; dataType: \"number\"; columnType: \"PgSerial\"; data: number; driverParam: number; notNull: true; hasDefault: true; ... 6 more ...; generated: undefined; }, {}, {}>; ... 25 more ...; updated_at: PgColumn<...>...'. Did you mean 'end_date'?\nserver/routes-backup.ts(5167,33): error TS6133: 'req' is declared but its value is never read.\nserver/routes-backup.ts(5245,13): error TS6133: 'jwt' is declared but its value is never read.\nserver/routes/activities.ts(3,32): error TS6133: 'transformActivityToFrontend' is declared but its value is never read.\nserver/routes/activities.ts(4,1): error TS6133: 'transformActivityToDatabase' is declared but its value is never read.\nserver/routes/admin.ts(4,14): error TS6133: 'and' is declared but its value is never read.\nserver/routes/admin.ts(44,7): error TS6133: 'domainVerificationSchema' is declared but its value is never read.\nserver/routes/analytics.ts(177,49): error TS2345: Argument of type 'AnalyticsData | OrganizationAnalyticsData' is not assignable to parameter of type 'AnalyticsData'.\n  Type 'OrganizationAnalyticsData' is missing the following properties from type 'AnalyticsData': activityTags, userFunnel\nserver/routes/approvals.ts(29,40): error TS2345: Argument of type 'string | undefined' is not assignable to parameter of type 'string'.\n  Type 'undefined' is not assignable to type 'string'.\nserver/routes/approvals.ts(57,29): error TS2551: Property 'organization_id' does not exist on type 'PgTableWithColumns<{ name: \"approval_requests\"; schema: undefined; columns: { id: PgColumn<{ name: \"id\"; tableName: \"approval_requests\"; dataType: \"number\"; columnType: \"PgSerial\"; data: number; driverParam: number; notNull: true; ... 7 more ...; generated: undefined; }, {}, {}>; ... 20 more ...; updatedAt: PgColumn...'. Did you mean 'organizationId'?\nserver/routes/approvals.ts(91,40): error TS2345: Argument of type 'string | undefined' is not assignable to parameter of type 'string'.\n  Type 'undefined' is not assignable to type 'string'.\nserver/routes/approvals.ts(101,29): error TS2551: Property 'organization_id' does not exist on type 'PgTableWithColumns<{ name: \"approval_requests\"; schema: undefined; columns: { id: PgColumn<{ name: \"id\"; tableName: \"approval_requests\"; dataType: \"number\"; columnType: \"PgSerial\"; data: number; driverParam: number; notNull: true; ... 7 more ...; generated: undefined; }, {}, {}>; ... 20 more ...; updatedAt: PgColumn...'. Did you mean 'organizationId'?\nserver/routes/approvals.ts(220,31): error TS2551: Property 'organization_id' does not exist on type 'PgTableWithColumns<{ name: \"approval_rules\"; schema: undefined; columns: { id: PgColumn<{ name: \"id\"; tableName: \"approval_rules\"; dataType: \"number\"; columnType: \"PgSerial\"; data: number; driverParam: number; notNull: true; ... 7 more ...; generated: undefined; }, {}, {}>; ... 11 more ...; updatedAt: PgColumn<...>;...'. Did you mean 'organizationId'?\nserver/routes/approvals.ts(279,24): error TS2551: Property 'organization_id' does not exist on type 'PgTableWithColumns<{ name: \"approval_rules\"; schema: undefined; columns: { id: PgColumn<{ name: \"id\"; tableName: \"approval_rules\"; dataType: \"number\"; columnType: \"PgSerial\"; data: number; driverParam: number; notNull: true; ... 7 more ...; generated: undefined; }, {}, {}>; ... 11 more ...; updatedAt: PgColumn<...>;...'. Did you mean 'organizationId'?\nserver/routes/approvals.ts(341,3): error TS6133: 'entityType' is declared but its value is never read.\nserver/routes/approvals.ts(342,3): error TS6133: 'proposedData' is declared but its value is never read.\nserver/routes/approvals.ts(385,15): error TS2561: Object literal may only specify known properties, but 'approved_by' does not exist in type '{ description?: string | SQL<unknown> | PgColumn<ColumnBaseConfig<ColumnDataType, string>, {}, {}> | undefined; date?: SQL<unknown> | Date | PgColumn<...> | undefined; ... 12 more ...; updatedAt?: SQL<...> | ... 2 more ... | undefined; }'. Did you mean to write 'approvedBy'?\nserver/routes/auth.ts(3,48): error TS6133: 'loginSchema' is declared but its value is never read.\nserver/routes/auth.ts(70,30): error TS2551: Property 'organization_id' does not exist on type '{ id: number; email: string; role: string; organizationId: number | null; displayName: string | null; }'. Did you mean 'organizationId'?\nserver/routes/auth.ts(114,28): error TS2551: Property 'organization_id' does not exist on type '{ id: number; email: string; role: string; organizationId: number | null; displayName: string | null; }'. Did you mean 'organizationId'?\nserver/routes/bookings.ts(4,44): error TS6133: 'insertBookingSchema' is declared but its value is never read.\nserver/routes/bookings.ts(5,1): error TS6133: 'z' is declared but its value is never read.\nserver/routes/bookings.ts(12,73): error TS6133: 'cabin' is declared but its value is never read.\nserver/routes/bookings.ts(12,80): error TS6133: 'directFlights' is declared but its value is never read.\nserver/routes/bookings.ts(41,40): error TS2551: Property 'trip_id' does not exist on type '{ tripId: string; }'. Did you mean 'tripId'?\nserver/routes/bookings.ts(62,21): error TS2551: Property 'trip_id' does not exist on type 'PgTableWithColumns<{ name: \"bookings\"; schema: undefined; columns: { id: PgColumn<{ name: \"id\"; tableName: \"bookings\"; dataType: \"number\"; columnType: \"PgSerial\"; data: number; driverParam: number; notNull: true; hasDefault: true; ... 6 more ...; generated: undefined; }, {}, {}>; ... 19 more ...; updatedAt: PgColumn...'. Did you mean 'tripId'?\nserver/routes/bookings.ts(63,21): error TS2551: Property 'organization_id' does not exist on type 'PgTableWithColumns<{ name: \"bookings\"; schema: undefined; columns: { id: PgColumn<{ name: \"id\"; tableName: \"bookings\"; dataType: \"number\"; columnType: \"PgSerial\"; data: number; driverParam: number; notNull: true; hasDefault: true; ... 6 more ...; generated: undefined; }, {}, {}>; ... 19 more ...; updatedAt: PgColumn...'. Did you mean 'organizationId'?\nserver/routes/bookings.ts(219,15): error TS2339: Property 'bookHotel' does not exist on type 'typeof import(\"/mnt/c/Users/jbirc/Desktop/nestlein/nestmaprepo/server/bookingProviders\")'.\nserver/routes/bookings.ts(292,11): error TS6133: 'reason' is declared but its value is never read.\nserver/routes/bookings.ts(300,21): error TS2551: Property 'organization_id' does not exist on type 'PgTableWithColumns<{ name: \"bookings\"; schema: undefined; columns: { id: PgColumn<{ name: \"id\"; tableName: \"bookings\"; dataType: \"number\"; columnType: \"PgSerial\"; data: number; driverParam: number; notNull: true; hasDefault: true; ... 6 more ...; generated: undefined; }, {}, {}>; ... 19 more ...; updatedAt: PgColumn...'. Did you mean 'organizationId'?\nserver/routes/bookings.ts(364,21): error TS2551: Property 'organization_id' does not exist on type 'PgTableWithColumns<{ name: \"bookings\"; schema: undefined; columns: { id: PgColumn<{ name: \"id\"; tableName: \"bookings\"; dataType: \"number\"; columnType: \"PgSerial\"; data: number; driverParam: number; notNull: true; hasDefault: true; ... 6 more ...; generated: undefined; }, {}, {}>; ... 19 more ...; updatedAt: PgColumn...'. Did you mean 'organizationId'?\nserver/routes/bookings.ts(428,16): error TS6133: 'bookFlightWithAmadeus' is declared but its value is never read.\nserver/routes/bookings.ts(428,38): error TS6133: 'params' is declared but its value is never read.\nserver/routes/calendar.ts(5,1): error TS6133: 'z' is declared but its value is never read.\nserver/routes/calendar.ts(16,40): error TS2551: Property 'trip_id' does not exist on type '{ tripId: string; }'. Did you mean 'tripId'?\nserver/routes/calendar.ts(73,33): error TS2551: Property 'user_id' does not exist on type 'PgTableWithColumns<{ name: \"calendar_integrations\"; schema: undefined; columns: { id: PgColumn<{ name: \"id\"; tableName: \"calendar_integrations\"; dataType: \"number\"; columnType: \"PgSerial\"; data: number; driverParam: number; ... 8 more ...; generated: undefined; }, {}, {}>; ... 9 more ...; updatedAt: PgColumn<...>; }...'. Did you mean 'userId'?\nserver/routes/calendar.ts(74,33): error TS2551: Property 'organization_id' does not exist on type 'PgTableWithColumns<{ name: \"calendar_integrations\"; schema: undefined; columns: { id: PgColumn<{ name: \"id\"; tableName: \"calendar_integrations\"; dataType: \"number\"; columnType: \"PgSerial\"; data: number; driverParam: number; ... 8 more ...; generated: undefined; }, {}, {}>; ... 9 more ...; updatedAt: PgColumn<...>; }...'. Did you mean 'organizationId'?\nserver/routes/calendar.ts(91,40): error TS2551: Property 'trip_id' does not exist on type '{ tripId: string; }'. Did you mean 'tripId'?\nserver/routes/calendar.ts(167,33): error TS6133: 'index' is declared but its value is never read.\nserver/routes/calendar.ts(214,26): error TS2551: Property 'locationName' does not exist on type '{ id: number; trip_id: number; organization_id: number | null; title: string; date: Date; time: string; location_name: string; latitude: string | null; longitude: string | null; notes: string | null; ... 4 more ...; completed: boolean | null; }'. Did you mean 'location_name'?\nserver/routes/collaboration.ts(2,25): error TS6133: 'isNull' is declared but its value is never read.\nserver/routes/collaboration.ts(16,40): error TS2551: Property 'trip_id' does not exist on type '{ tripId: string; }'. Did you mean 'tripId'?\nserver/routes/collaboration.ts(37,34): error TS2551: Property 'activityId' does not exist on type 'PgTableWithColumns<{ name: \"trip_comments\"; schema: undefined; columns: { id: PgColumn<{ name: \"id\"; tableName: \"trip_comments\"; dataType: \"number\"; columnType: \"PgSerial\"; data: number; driverParam: number; notNull: true; ... 7 more ...; generated: undefined; }, {}, {}>; ... 8 more ...; updated_at: PgColumn<...>; }...'. Did you mean 'activity_id'?\nserver/routes/collaboration.ts(39,32): error TS2551: Property 'parentId' does not exist on type 'PgTableWithColumns<{ name: \"trip_comments\"; schema: undefined; columns: { id: PgColumn<{ name: \"id\"; tableName: \"trip_comments\"; dataType: \"number\"; columnType: \"PgSerial\"; data: number; driverParam: number; notNull: true; ... 7 more ...; generated: undefined; }, {}, {}>; ... 8 more ...; updated_at: PgColumn<...>; }...'. Did you mean 'parent_id'?\nserver/routes/collaboration.ts(41,33): error TS2551: Property 'createdAt' does not exist on type 'PgTableWithColumns<{ name: \"trip_comments\"; schema: undefined; columns: { id: PgColumn<{ name: \"id\"; tableName: \"trip_comments\"; dataType: \"number\"; columnType: \"PgSerial\"; data: number; driverParam: number; notNull: true; ... 7 more ...; generated: undefined; }, {}, {}>; ... 8 more ...; updated_at: PgColumn<...>; }...'. Did you mean 'created_at'?\nserver/routes/collaboration.ts(42,33): error TS2551: Property 'updatedAt' does not exist on type 'PgTableWithColumns<{ name: \"trip_comments\"; schema: undefined; columns: { id: PgColumn<{ name: \"id\"; tableName: \"trip_comments\"; dataType: \"number\"; columnType: \"PgSerial\"; data: number; driverParam: number; notNull: true; ... 7 more ...; generated: undefined; }, {}, {}>; ... 8 more ...; updated_at: PgColumn<...>; }...'. Did you mean 'updated_at'?\nserver/routes/collaboration.ts(55,34): error TS2551: Property 'createdAt' does not exist on type 'PgTableWithColumns<{ name: \"trip_comments\"; schema: undefined; columns: { id: PgColumn<{ name: \"id\"; tableName: \"trip_comments\"; dataType: \"number\"; columnType: \"PgSerial\"; data: number; driverParam: number; notNull: true; ... 7 more ...; generated: undefined; }, {}, {}>; ... 8 more ...; updated_at: PgColumn<...>; }...'. Did you mean 'created_at'?\nserver/routes/collaboration.ts(71,40): error TS2551: Property 'trip_id' does not exist on type '{ tripId: string; }'. Did you mean 'tripId'?\nserver/routes/collaboration.ts(96,9): error TS2769: No overload matches this call.\n  Overload 1 of 2, '(value: { content: string | SQL<unknown> | Placeholder<string, any>; trip_id: number | SQL<unknown> | Placeholder<string, any>; organization_id: number | SQL<...> | Placeholder<...>; ... 6 more ...; resolved?: boolean | ... 2 more ... | undefined; }): PgInsertBase<...>', gave the following error.\n    Object literal may only specify known properties, but 'tripId' does not exist in type '{ content: string | SQL<unknown> | Placeholder<string, any>; trip_id: number | SQL<unknown> | Placeholder<string, any>; organization_id: number | SQL<unknown> | Placeholder<...>; ... 6 more ...; resolved?: boolean | ... 2 more ... | undefined; }'. Did you mean to write 'trip_id'?\n  Overload 2 of 2, '(values: { content: string | SQL<unknown> | Placeholder<string, any>; trip_id: number | SQL<unknown> | Placeholder<string, any>; organization_id: number | SQL<...> | Placeholder<...>; ... 6 more ...; resolved?: boolean | ... 2 more ... | undefined; }[]): PgInsertBase<...>', gave the following error.\n    Object literal may only specify known properties, and 'tripId' does not exist in type '{ content: string | SQL<unknown> | Placeholder<string, any>; trip_id: number | SQL<unknown> | Placeholder<string, any>; organization_id: number | SQL<unknown> | Placeholder<...>; ... 6 more ...; resolved?: boolean | ... 2 more ... | undefined; }[]'.\nserver/routes/collaboration.ts(114,37): error TS2551: Property 'activityId' does not exist on type '{ content: string; trip_id: number; user_id: number; activity_id?: number | null | undefined; parent_id?: number | null | undefined; resolved?: boolean | undefined; }'. Did you mean 'activity_id'?\nserver/routes/collaboration.ts(123,34): error TS2551: Property 'activityId' does not exist on type 'PgTableWithColumns<{ name: \"trip_comments\"; schema: undefined; columns: { id: PgColumn<{ name: \"id\"; tableName: \"trip_comments\"; dataType: \"number\"; columnType: \"PgSerial\"; data: number; driverParam: number; notNull: true; ... 7 more ...; generated: undefined; }, {}, {}>; ... 8 more ...; updated_at: PgColumn<...>; }...'. Did you mean 'activity_id'?\nserver/routes/collaboration.ts(125,32): error TS2551: Property 'parentId' does not exist on type 'PgTableWithColumns<{ name: \"trip_comments\"; schema: undefined; columns: { id: PgColumn<{ name: \"id\"; tableName: \"trip_comments\"; dataType: \"number\"; columnType: \"PgSerial\"; data: number; driverParam: number; notNull: true; ... 7 more ...; generated: undefined; }, {}, {}>; ... 8 more ...; updated_at: PgColumn<...>; }...'. Did you mean 'parent_id'?\nserver/routes/collaboration.ts(127,33): error TS2551: Property 'createdAt' does not exist on type 'PgTableWithColumns<{ name: \"trip_comments\"; schema: undefined; columns: { id: PgColumn<{ name: \"id\"; tableName: \"trip_comments\"; dataType: \"number\"; columnType: \"PgSerial\"; data: number; driverParam: number; notNull: true; ... 7 more ...; generated: undefined; }, {}, {}>; ... 8 more ...; updated_at: PgColumn<...>; }...'. Did you mean 'created_at'?\nserver/routes/collaboration.ts(128,33): error TS2551: Property 'updatedAt' does not exist on type 'PgTableWithColumns<{ name: \"trip_comments\"; schema: undefined; columns: { id: PgColumn<{ name: \"id\"; tableName: \"trip_comments\"; dataType: \"number\"; columnType: \"PgSerial\"; data: number; driverParam: number; notNull: true; ... 7 more ...; generated: undefined; }, {}, {}>; ... 8 more ...; updated_at: PgColumn<...>; }...'. Did you mean 'updated_at'?\nserver/routes/collaboration.ts(131,30): error TS2551: Property 'displayName' does not exist on type 'PgTableWithColumns<{ name: \"users\"; schema: undefined; columns: { id: PgColumn<{ name: \"id\"; tableName: \"users\"; dataType: \"number\"; columnType: \"PgSerial\"; data: number; driverParam: number; notNull: true; hasDefault: true; ... 6 more ...; generated: undefined; }, {}, {}>; ... 13 more ...; created_at: PgColumn<...>...'. Did you mean 'display_name'?\nserver/routes/collaboration.ts(182,9): error TS2561: Object literal may only specify known properties, but 'updatedAt' does not exist in type '{ content?: string | SQL<unknown> | PgColumn<ColumnBaseConfig<ColumnDataType, string>, {}, {}> | undefined; trip_id?: number | SQL<...> | PgColumn<...> | undefined; ... 7 more ...; resolved?: boolean | ... 2 more ... | undefined; }'. Did you mean to write 'updated_at'?\nserver/routes/collaboration.ts(201,40): error TS2551: Property 'trip_id' does not exist on type '{ tripId: string; }'. Did you mean 'tripId'?\nserver/routes/collaboration.ts(230,30): error TS2551: Property 'displayName' does not exist on type 'PgTableWithColumns<{ name: \"users\"; schema: undefined; columns: { id: PgColumn<{ name: \"id\"; tableName: \"users\"; dataType: \"number\"; columnType: \"PgSerial\"; data: number; driverParam: number; notNull: true; hasDefault: true; ... 6 more ...; generated: undefined; }, {}, {}>; ... 13 more ...; created_at: PgColumn<...>...'. Did you mean 'display_name'?\nserver/routes/collaboration.ts(235,39): error TS2551: Property 'user_id' does not exist on type 'PgTableWithColumns<{ name: \"activity_log\"; schema: undefined; columns: { id: PgColumn<{ name: \"id\"; tableName: \"activity_log\"; dataType: \"number\"; columnType: \"PgSerial\"; data: number; driverParam: number; notNull: true; ... 7 more ...; generated: undefined; }, {}, {}>; ... 8 more ...; timestamp: PgColumn<...>; }; d...'. Did you mean 'userId'?\nserver/routes/collaboration.ts(237,24): error TS2551: Property 'trip_id' does not exist on type 'PgTableWithColumns<{ name: \"activity_log\"; schema: undefined; columns: { id: PgColumn<{ name: \"id\"; tableName: \"activity_log\"; dataType: \"number\"; columnType: \"PgSerial\"; data: number; driverParam: number; notNull: true; ... 7 more ...; generated: undefined; }, {}, {}>; ... 8 more ...; timestamp: PgColumn<...>; }; d...'. Did you mean 'tripId'?\nserver/routes/collaboration.ts(238,24): error TS2551: Property 'organization_id' does not exist on type 'PgTableWithColumns<{ name: \"activity_log\"; schema: undefined; columns: { id: PgColumn<{ name: \"id\"; tableName: \"activity_log\"; dataType: \"number\"; columnType: \"PgSerial\"; data: number; driverParam: number; notNull: true; ... 7 more ...; generated: undefined; }, {}, {}>; ... 8 more ...; timestamp: PgColumn<...>; }; d...'. Did you mean 'organizationId'?\nserver/routes/expenses.ts(30,34): error TS2339: Property 'isReimbursable' does not exist on type 'PgTableWithColumns<{ name: \"expenses\"; schema: undefined; columns: { id: PgColumn<{ name: \"id\"; tableName: \"expenses\"; dataType: \"number\"; columnType: \"PgSerial\"; data: number; driverParam: number; notNull: true; hasDefault: true; ... 6 more ...; generated: undefined; }, {}, {}>; ... 13 more ...; updatedAt: PgColumn...'.\nserver/routes/expenses.ts(31,26): error TS2551: Property 'trip_id' does not exist on type 'PgTableWithColumns<{ name: \"expenses\"; schema: undefined; columns: { id: PgColumn<{ name: \"id\"; tableName: \"expenses\"; dataType: \"number\"; columnType: \"PgSerial\"; data: number; driverParam: number; notNull: true; hasDefault: true; ... 6 more ...; generated: undefined; }, {}, {}>; ... 13 more ...; updatedAt: PgColumn...'. Did you mean 'tripId'?\nserver/routes/expenses.ts(36,30): error TS2339: Property 'destination' does not exist on type 'PgTableWithColumns<{ name: \"trips\"; schema: undefined; columns: { id: PgColumn<{ name: \"id\"; tableName: \"trips\"; dataType: \"number\"; columnType: \"PgSerial\"; data: number; driverParam: number; notNull: true; hasDefault: true; ... 6 more ...; generated: undefined; }, {}, {}>; ... 25 more ...; updated_at: PgColumn<...>...'.\nserver/routes/expenses.ts(45,36): error TS2551: Property 'trip_id' does not exist on type 'PgTableWithColumns<{ name: \"expenses\"; schema: undefined; columns: { id: PgColumn<{ name: \"id\"; tableName: \"expenses\"; dataType: \"number\"; columnType: \"PgSerial\"; data: number; driverParam: number; notNull: true; hasDefault: true; ... 6 more ...; generated: undefined; }, {}, {}>; ... 13 more ...; updatedAt: PgColumn...'. Did you mean 'tripId'?\nserver/routes/expenses.ts(46,36): error TS2551: Property 'user_id' does not exist on type 'PgTableWithColumns<{ name: \"expenses\"; schema: undefined; columns: { id: PgColumn<{ name: \"id\"; tableName: \"expenses\"; dataType: \"number\"; columnType: \"PgSerial\"; data: number; driverParam: number; notNull: true; hasDefault: true; ... 6 more ...; generated: undefined; }, {}, {}>; ... 13 more ...; updatedAt: PgColumn...'. Did you mean 'userId'?\nserver/routes/expenses.ts(47,26): error TS2551: Property 'organization_id' does not exist on type 'PgTableWithColumns<{ name: \"expenses\"; schema: undefined; columns: { id: PgColumn<{ name: \"id\"; tableName: \"expenses\"; dataType: \"number\"; columnType: \"PgSerial\"; data: number; driverParam: number; notNull: true; hasDefault: true; ... 6 more ...; generated: undefined; }, {}, {}>; ... 13 more ...; updatedAt: PgColumn...'. Did you mean 'organizationId'?\nserver/routes/expenses.ts(51,21): error TS2339: Property 'where' does not exist on type 'Omit<PgSelectBase<\"expenses\", { id: PgColumn<{ name: \"id\"; tableName: \"expenses\"; dataType: \"number\"; columnType: \"PgSerial\"; data: number; driverParam: number; notNull: true; hasDefault: true; isPrimaryKey: true; ... 5 more ...; generated: undefined; }, {}, {}>; ... 11 more ...; user: { ...; }; }, ... 5 more ..., {...'.\nserver/routes/expenses.ts(52,21): error TS2551: Property 'organization_id' does not exist on type 'PgTableWithColumns<{ name: \"expenses\"; schema: undefined; columns: { id: PgColumn<{ name: \"id\"; tableName: \"expenses\"; dataType: \"number\"; columnType: \"PgSerial\"; data: number; driverParam: number; notNull: true; hasDefault: true; ... 6 more ...; generated: undefined; }, {}, {}>; ... 13 more ...; updatedAt: PgColumn...'. Did you mean 'organizationId'?\nserver/routes/expenses.ts(53,21): error TS2551: Property 'trip_id' does not exist on type 'PgTableWithColumns<{ name: \"expenses\"; schema: undefined; columns: { id: PgColumn<{ name: \"id\"; tableName: \"expenses\"; dataType: \"number\"; columnType: \"PgSerial\"; data: number; driverParam: number; notNull: true; hasDefault: true; ... 6 more ...; generated: undefined; }, {}, {}>; ... 13 more ...; updatedAt: PgColumn...'. Did you mean 'tripId'?\nserver/routes/expenses.ts(58,21): error TS2339: Property 'where' does not exist on type 'Omit<PgSelectBase<\"expenses\", { id: PgColumn<{ name: \"id\"; tableName: \"expenses\"; dataType: \"number\"; columnType: \"PgSerial\"; data: number; driverParam: number; notNull: true; hasDefault: true; isPrimaryKey: true; ... 5 more ...; generated: undefined; }, {}, {}>; ... 11 more ...; user: { ...; }; }, ... 5 more ..., {...'.\nserver/routes/expenses.ts(59,21): error TS2551: Property 'organization_id' does not exist on type 'PgTableWithColumns<{ name: \"expenses\"; schema: undefined; columns: { id: PgColumn<{ name: \"id\"; tableName: \"expenses\"; dataType: \"number\"; columnType: \"PgSerial\"; data: number; driverParam: number; notNull: true; hasDefault: true; ... 6 more ...; generated: undefined; }, {}, {}>; ... 13 more ...; updatedAt: PgColumn...'. Did you mean 'organizationId'?\nserver/routes/expenses.ts(65,21): error TS2339: Property 'where' does not exist on type 'Omit<PgSelectBase<\"expenses\", { id: PgColumn<{ name: \"id\"; tableName: \"expenses\"; dataType: \"number\"; columnType: \"PgSerial\"; data: number; driverParam: number; notNull: true; hasDefault: true; isPrimaryKey: true; ... 5 more ...; generated: undefined; }, {}, {}>; ... 11 more ...; user: { ...; }; }, ... 5 more ..., {...'.\nserver/routes/expenses.ts(66,21): error TS2551: Property 'organization_id' does not exist on type 'PgTableWithColumns<{ name: \"expenses\"; schema: undefined; columns: { id: PgColumn<{ name: \"id\"; tableName: \"expenses\"; dataType: \"number\"; columnType: \"PgSerial\"; data: number; driverParam: number; notNull: true; hasDefault: true; ... 6 more ...; generated: undefined; }, {}, {}>; ... 13 more ...; updatedAt: PgColumn...'. Did you mean 'organizationId'?\nserver/routes/expenses.ts(72,21): error TS2339: Property 'where' does not exist on type 'Omit<PgSelectBase<\"expenses\", { id: PgColumn<{ name: \"id\"; tableName: \"expenses\"; dataType: \"number\"; columnType: \"PgSerial\"; data: number; driverParam: number; notNull: true; hasDefault: true; isPrimaryKey: true; ... 5 more ...; generated: undefined; }, {}, {}>; ... 11 more ...; user: { ...; }; }, ... 5 more ..., {...'.\nserver/routes/expenses.ts(73,21): error TS2551: Property 'organization_id' does not exist on type 'PgTableWithColumns<{ name: \"expenses\"; schema: undefined; columns: { id: PgColumn<{ name: \"id\"; tableName: \"expenses\"; dataType: \"number\"; columnType: \"PgSerial\"; data: number; driverParam: number; notNull: true; hasDefault: true; ... 6 more ...; generated: undefined; }, {}, {}>; ... 13 more ...; updatedAt: PgColumn...'. Did you mean 'organizationId'?\nserver/routes/expenses.ts(79,21): error TS2339: Property 'where' does not exist on type 'Omit<PgSelectBase<\"expenses\", { id: PgColumn<{ name: \"id\"; tableName: \"expenses\"; dataType: \"number\"; columnType: \"PgSerial\"; data: number; driverParam: number; notNull: true; hasDefault: true; isPrimaryKey: true; ... 5 more ...; generated: undefined; }, {}, {}>; ... 11 more ...; user: { ...; }; }, ... 5 more ..., {...'.\nserver/routes/expenses.ts(80,21): error TS2551: Property 'organization_id' does not exist on type 'PgTableWithColumns<{ name: \"expenses\"; schema: undefined; columns: { id: PgColumn<{ name: \"id\"; tableName: \"expenses\"; dataType: \"number\"; columnType: \"PgSerial\"; data: number; driverParam: number; notNull: true; hasDefault: true; ... 6 more ...; generated: undefined; }, {}, {}>; ... 13 more ...; updatedAt: PgColumn...'. Did you mean 'organizationId'?\nserver/routes/expenses.ts(108,34): error TS2551: Property 'organization_id' does not exist on type 'PgTableWithColumns<{ name: \"expenses\"; schema: undefined; columns: { id: PgColumn<{ name: \"id\"; tableName: \"expenses\"; dataType: \"number\"; columnType: \"PgSerial\"; data: number; driverParam: number; notNull: true; hasDefault: true; ... 6 more ...; generated: undefined; }, {}, {}>; ... 13 more ...; updatedAt: PgColumn...'. Did you mean 'organizationId'?\nserver/routes/expenses.ts(116,7): error TS2322: Type 'SQL<unknown> | undefined' is not assignable to type 'SQL<unknown>'.\n  Type 'undefined' is not assignable to type 'SQL<unknown>'.\nserver/routes/expenses.ts(117,21): error TS2551: Property 'organization_id' does not exist on type 'PgTableWithColumns<{ name: \"expenses\"; schema: undefined; columns: { id: PgColumn<{ name: \"id\"; tableName: \"expenses\"; dataType: \"number\"; columnType: \"PgSerial\"; data: number; driverParam: number; notNull: true; hasDefault: true; ... 6 more ...; generated: undefined; }, {}, {}>; ... 13 more ...; updatedAt: PgColumn...'. Did you mean 'organizationId'?\nserver/routes/expenses.ts(154,26): error TS2551: Property 'organization_id' does not exist on type 'PgTableWithColumns<{ name: \"expenses\"; schema: undefined; columns: { id: PgColumn<{ name: \"id\"; tableName: \"expenses\"; dataType: \"number\"; columnType: \"PgSerial\"; data: number; driverParam: number; notNull: true; hasDefault: true; ... 6 more ...; generated: undefined; }, {}, {}>; ... 13 more ...; updatedAt: PgColumn...'. Did you mean 'organizationId'?\nserver/routes/expenses.ts(215,20): error TS2339: Property 'approvalRequests' does not exist on type 'NeonDatabase<typeof import(\"/mnt/c/Users/jbirc/Desktop/nestlein/nestmaprepo/shared/schema\")> & { $client: Pool; }'.\nserver/routes/expenses.ts(217,22): error TS2339: Property 'approvalRequests' does not exist on type 'NeonDatabase<typeof import(\"/mnt/c/Users/jbirc/Desktop/nestlein/nestmaprepo/shared/schema\")> & { $client: Pool; }'.\nserver/routes/expenses.ts(256,21): error TS2551: Property 'organization_id' does not exist on type 'PgTableWithColumns<{ name: \"expenses\"; schema: undefined; columns: { id: PgColumn<{ name: \"id\"; tableName: \"expenses\"; dataType: \"number\"; columnType: \"PgSerial\"; data: number; driverParam: number; notNull: true; hasDefault: true; ... 6 more ...; generated: undefined; }, {}, {}>; ... 13 more ...; updatedAt: PgColumn...'. Did you mean 'organizationId'?\nserver/routes/expenses.ts(264,25): error TS2551: Property 'user_id' does not exist on type '{ id: number; tripId: number; userId: number; organizationId: number; category: string; description: string; amount: number; currency: string; date: Date; receiptUrl: string | null; status: string; approvedBy: number | null; approvedAt: Date | null; createdAt: Date; updatedAt: Date; }'. Did you mean 'userId'?\nserver/routes/expenses.ts(264,78): error TS2345: Argument of type 'string | undefined' is not assignable to parameter of type 'string'.\n  Type 'undefined' is not assignable to type 'string'.\nserver/routes/expenses.ts(273,60): error TS2345: Argument of type 'string | undefined' is not assignable to parameter of type 'string'.\n  Type 'undefined' is not assignable to type 'string'.\nserver/routes/expenses.ts(321,40): error TS2345: Argument of type 'string | undefined' is not assignable to parameter of type 'string'.\n  Type 'undefined' is not assignable to type 'string'.\nserver/routes/expenses.ts(335,21): error TS2551: Property 'organization_id' does not exist on type 'PgTableWithColumns<{ name: \"expenses\"; schema: undefined; columns: { id: PgColumn<{ name: \"id\"; tableName: \"expenses\"; dataType: \"number\"; columnType: \"PgSerial\"; data: number; driverParam: number; notNull: true; hasDefault: true; ... 6 more ...; generated: undefined; }, {}, {}>; ... 13 more ...; updatedAt: PgColumn...'. Did you mean 'organizationId'?\nserver/routes/expenses.ts(351,9): error TS2353: Object literal may only specify known properties, and 'rejectionReason' does not exist in type '{ description?: string | SQL<unknown> | PgColumn<ColumnBaseConfig<ColumnDataType, string>, {}, {}> | undefined; date?: SQL<unknown> | Date | PgColumn<...> | undefined; ... 12 more ...; updatedAt?: SQL<...> | ... 2 more ... | undefined; }'.\nserver/routes/expenses.ts(381,21): error TS2551: Property 'organization_id' does not exist on type 'PgTableWithColumns<{ name: \"expenses\"; schema: undefined; columns: { id: PgColumn<{ name: \"id\"; tableName: \"expenses\"; dataType: \"number\"; columnType: \"PgSerial\"; data: number; driverParam: number; notNull: true; hasDefault: true; ... 6 more ...; generated: undefined; }, {}, {}>; ... 13 more ...; updatedAt: PgColumn...'. Did you mean 'organizationId'?\nserver/routes/expenses.ts(393,9): error TS2353: Object literal may only specify known properties, and 'receiptData' does not exist in type '{ description?: string | SQL<unknown> | PgColumn<ColumnBaseConfig<ColumnDataType, string>, {}, {}> | undefined; date?: SQL<unknown> | Date | PgColumn<...> | undefined; ... 12 more ...; updatedAt?: SQL<...> | ... 2 more ... | undefined; }'.\nserver/routes/expenses.ts(422,30): error TS2339: Property 'destination' does not exist on type 'PgTableWithColumns<{ name: \"trips\"; schema: undefined; columns: { id: PgColumn<{ name: \"id\"; tableName: \"trips\"; dataType: \"number\"; columnType: \"PgSerial\"; data: number; driverParam: number; notNull: true; hasDefault: true; ... 6 more ...; generated: undefined; }, {}, {}>; ... 25 more ...; updated_at: PgColumn<...>...'.\nserver/routes/expenses.ts(433,36): error TS2551: Property 'trip_id' does not exist on type 'PgTableWithColumns<{ name: \"expenses\"; schema: undefined; columns: { id: PgColumn<{ name: \"id\"; tableName: \"expenses\"; dataType: \"number\"; columnType: \"PgSerial\"; data: number; driverParam: number; notNull: true; hasDefault: true; ... 6 more ...; generated: undefined; }, {}, {}>; ... 13 more ...; updatedAt: PgColumn...'. Did you mean 'tripId'?\nserver/routes/expenses.ts(434,36): error TS2551: Property 'user_id' does not exist on type 'PgTableWithColumns<{ name: \"expenses\"; schema: undefined; columns: { id: PgColumn<{ name: \"id\"; tableName: \"expenses\"; dataType: \"number\"; columnType: \"PgSerial\"; data: number; driverParam: number; notNull: true; hasDefault: true; ... 6 more ...; generated: undefined; }, {}, {}>; ... 13 more ...; updatedAt: PgColumn...'. Did you mean 'userId'?\nserver/routes/expenses.ts(435,26): error TS2551: Property 'organization_id' does not exist on type 'PgTableWithColumns<{ name: \"expenses\"; schema: undefined; columns: { id: PgColumn<{ name: \"id\"; tableName: \"expenses\"; dataType: \"number\"; columnType: \"PgSerial\"; data: number; driverParam: number; notNull: true; hasDefault: true; ... 6 more ...; generated: undefined; }, {}, {}>; ... 13 more ...; updatedAt: PgColumn...'. Did you mean 'organizationId'?\nserver/routes/expenses.ts(439,21): error TS2339: Property 'where' does not exist on type 'Omit<PgSelectBase<\"expenses\", { expense: PgTableWithColumns<{ name: \"expenses\"; schema: undefined; columns: { id: PgColumn<{ name: \"id\"; tableName: \"expenses\"; dataType: \"number\"; columnType: \"PgSerial\"; data: number; driverParam: number; ... 8 more ...; generated: undefined; }, {}, {}>; ... 13 more ...; updatedAt: ...'.\nserver/routes/expenses.ts(440,21): error TS2551: Property 'organization_id' does not exist on type 'PgTableWithColumns<{ name: \"expenses\"; schema: undefined; columns: { id: PgColumn<{ name: \"id\"; tableName: \"expenses\"; dataType: \"number\"; columnType: \"PgSerial\"; data: number; driverParam: number; notNull: true; hasDefault: true; ... 6 more ...; generated: undefined; }, {}, {}>; ... 13 more ...; updatedAt: PgColumn...'. Did you mean 'organizationId'?\nserver/routes/expenses.ts(446,21): error TS2339: Property 'where' does not exist on type 'Omit<PgSelectBase<\"expenses\", { expense: PgTableWithColumns<{ name: \"expenses\"; schema: undefined; columns: { id: PgColumn<{ name: \"id\"; tableName: \"expenses\"; dataType: \"number\"; columnType: \"PgSerial\"; data: number; driverParam: number; ... 8 more ...; generated: undefined; }, {}, {}>; ... 13 more ...; updatedAt: ...'.\nserver/routes/expenses.ts(447,21): error TS2551: Property 'organization_id' does not exist on type 'PgTableWithColumns<{ name: \"expenses\"; schema: undefined; columns: { id: PgColumn<{ name: \"id\"; tableName: \"expenses\"; dataType: \"number\"; columnType: \"PgSerial\"; data: number; driverParam: number; notNull: true; hasDefault: true; ... 6 more ...; generated: undefined; }, {}, {}>; ... 13 more ...; updatedAt: PgColumn...'. Did you mean 'organizationId'?\nserver/routes/expenses.ts(453,21): error TS2339: Property 'where' does not exist on type 'Omit<PgSelectBase<\"expenses\", { expense: PgTableWithColumns<{ name: \"expenses\"; schema: undefined; columns: { id: PgColumn<{ name: \"id\"; tableName: \"expenses\"; dataType: \"number\"; columnType: \"PgSerial\"; data: number; driverParam: number; ... 8 more ...; generated: undefined; }, {}, {}>; ... 13 more ...; updatedAt: ...'.\nserver/routes/expenses.ts(454,21): error TS2551: Property 'organization_id' does not exist on type 'PgTableWithColumns<{ name: \"expenses\"; schema: undefined; columns: { id: PgColumn<{ name: \"id\"; tableName: \"expenses\"; dataType: \"number\"; columnType: \"PgSerial\"; data: number; driverParam: number; notNull: true; hasDefault: true; ... 6 more ...; generated: undefined; }, {}, {}>; ... 13 more ...; updatedAt: PgColumn...'. Did you mean 'organizationId'?\nserver/routes/expenses.ts(455,21): error TS2551: Property 'trip_id' does not exist on type 'PgTableWithColumns<{ name: \"expenses\"; schema: undefined; columns: { id: PgColumn<{ name: \"id\"; tableName: \"expenses\"; dataType: \"number\"; columnType: \"PgSerial\"; data: number; driverParam: number; notNull: true; hasDefault: true; ... 6 more ...; generated: undefined; }, {}, {}>; ... 13 more ...; updatedAt: PgColumn...'. Did you mean 'tripId'?\nserver/routes/expenses.ts(460,21): error TS2339: Property 'where' does not exist on type 'Omit<PgSelectBase<\"expenses\", { expense: PgTableWithColumns<{ name: \"expenses\"; schema: undefined; columns: { id: PgColumn<{ name: \"id\"; tableName: \"expenses\"; dataType: \"number\"; columnType: \"PgSerial\"; data: number; driverParam: number; ... 8 more ...; generated: undefined; }, {}, {}>; ... 13 more ...; updatedAt: ...'.\nserver/routes/expenses.ts(461,21): error TS2551: Property 'organization_id' does not exist on type 'PgTableWithColumns<{ name: \"expenses\"; schema: undefined; columns: { id: PgColumn<{ name: \"id\"; tableName: \"expenses\"; dataType: \"number\"; columnType: \"PgSerial\"; data: number; driverParam: number; notNull: true; hasDefault: true; ... 6 more ...; generated: undefined; }, {}, {}>; ... 13 more ...; updatedAt: PgColumn...'. Did you mean 'organizationId'?\nserver/routes/expenses.ts(462,21): error TS2551: Property 'user_id' does not exist on type 'PgTableWithColumns<{ name: \"expenses\"; schema: undefined; columns: { id: PgColumn<{ name: \"id\"; tableName: \"expenses\"; dataType: \"number\"; columnType: \"PgSerial\"; data: number; driverParam: number; notNull: true; hasDefault: true; ... 6 more ...; generated: undefined; }, {}, {}>; ... 13 more ...; updatedAt: PgColumn...'. Did you mean 'userId'?\nserver/routes/index.ts(15,1): error TS6133: 'getUserById' is declared but its value is never read.\nserver/routes/index.ts(35,40): error TS6133: 'req' is declared but its value is never read.\nserver/routes/index.ts(39,11): error TS6133: 'organizationId' is declared but its value is never read.\nserver/routes/index.ts(139,33): error TS6133: 'req' is declared but its value is never read.\nserver/routes/index.ts(217,45): error TS6133: 'req' is declared but its value is never read.\nserver/routes/index.ts(394,24): error TS6133: 'req' is declared but its value is never read.\nserver/routes/organizationMembers.ts(10,32): error TS2305: Module '\"../middleware/organizationRoleMiddleware\"' has no exported member 'loadOrganizationRole'.\nserver/routes/organizationMembers.ts(82,28): error TS2339: Property 'userOrgRole' does not exist on type 'Request<ParamsDictionary, any, any, ParsedQs, Record<string, any>>'.\nserver/routes/organizationMembers.ts(85,81): error TS2339: Property 'userOrgRole' does not exist on type 'Request<ParamsDictionary, any, any, ParsedQs, Record<string, any>>'.\nserver/routes/organizationMembers.ts(194,30): error TS2339: Property 'userOrgRole' does not exist on type 'Request<ParamsDictionary, any, any, ParsedQs, Record<string, any>>'.\nserver/routes/organizationMembers.ts(197,97): error TS2339: Property 'userOrgRole' does not exist on type 'Request<ParamsDictionary, any, any, ParsedQs, Record<string, any>>'.\nserver/routes/organizationMembers.ts(317,10): error TS2339: Property 'userOrgRole' does not exist on type 'Request<ParamsDictionary, any, any, ParsedQs, Record<string, any>>'.\nserver/routes/organizationMembers.ts(317,43): error TS2339: Property 'userOrgRole' does not exist on type 'Request<ParamsDictionary, any, any, ParsedQs, Record<string, any>>'.\nserver/routes/organizationMembers.ts(322,26): error TS2339: Property 'userOrgRole' does not exist on type 'Request<ParamsDictionary, any, any, ParsedQs, Record<string, any>>'.\nserver/routes/performance.ts(14,48): error TS6133: 'req' is declared but its value is never read.\nserver/routes/performance.ts(51,24): error TS6133: 'req' is declared but its value is never read.\nserver/routes/performance.ts(138,55): error TS6133: 'req' is declared but its value is never read.\nserver/routes/reporting.ts(9,3): error TS6133: 'organizations' is declared but its value is never read.\nserver/routes/reporting.ts(11,3): error TS6133: 'activities' is declared but its value is never read.\nserver/routes/reporting.ts(27,40): error TS2345: Argument of type 'string | undefined' is not assignable to parameter of type 'string'.\n  Type 'undefined' is not assignable to type 'string'.\nserver/routes/reporting.ts(86,11): error TS6198: All destructured elements are unused.\nserver/routes/reporting.ts(93,30): error TS2339: Property 'destination' does not exist on type 'PgTableWithColumns<{ name: \"trips\"; schema: undefined; columns: { id: PgColumn<{ name: \"id\"; tableName: \"trips\"; dataType: \"number\"; columnType: \"PgSerial\"; data: number; driverParam: number; notNull: true; hasDefault: true; ... 6 more ...; generated: undefined; }, {}, {}>; ... 25 more ...; updated_at: PgColumn<...>...'.\nserver/routes/reporting.ts(96,25): error TS2339: Property 'status' does not exist on type 'PgTableWithColumns<{ name: \"trips\"; schema: undefined; columns: { id: PgColumn<{ name: \"id\"; tableName: \"trips\"; dataType: \"number\"; columnType: \"PgSerial\"; data: number; driverParam: number; notNull: true; hasDefault: true; ... 6 more ...; generated: undefined; }, {}, {}>; ... 25 more ...; updated_at: PgColumn<...>...'.\nserver/routes/reporting.ts(97,30): error TS2339: Property 'total_budget' does not exist on type 'PgTableWithColumns<{ name: \"trips\"; schema: undefined; columns: { id: PgColumn<{ name: \"id\"; tableName: \"trips\"; dataType: \"number\"; columnType: \"PgSerial\"; data: number; driverParam: number; notNull: true; hasDefault: true; ... 6 more ...; generated: undefined; }, {}, {}>; ... 25 more ...; updated_at: PgColumn<...>...'.\nserver/routes/reporting.ts(102,29): error TS2339: Property 'department' does not exist on type 'PgTableWithColumns<{ name: \"users\"; schema: undefined; columns: { id: PgColumn<{ name: \"id\"; tableName: \"users\"; dataType: \"number\"; columnType: \"PgSerial\"; data: number; driverParam: number; notNull: true; hasDefault: true; ... 6 more ...; generated: undefined; }, {}, {}>; ... 13 more ...; created_at: PgColumn<...>...'.\nserver/routes/reporting.ts(318,21): error TS2339: Property 'status' does not exist on type 'PgTableWithColumns<{ name: \"trips\"; schema: undefined; columns: { id: PgColumn<{ name: \"id\"; tableName: \"trips\"; dataType: \"number\"; columnType: \"PgSerial\"; data: number; driverParam: number; notNull: true; hasDefault: true; ... 6 more ...; generated: undefined; }, {}, {}>; ... 25 more ...; updated_at: PgColumn<...>...'.\nserver/routes/reporting.ts(327,20): error TS2339: Property 'status' does not exist on type 'PgTableWithColumns<{ name: \"trips\"; schema: undefined; columns: { id: PgColumn<{ name: \"id\"; tableName: \"trips\"; dataType: \"number\"; columnType: \"PgSerial\"; data: number; driverParam: number; notNull: true; hasDefault: true; ... 6 more ...; generated: undefined; }, {}, {}>; ... 25 more ...; updated_at: PgColumn<...>...'.\nserver/routes/reporting.ts(345,19): error TS2551: Property 'organization_id' does not exist on type 'PgTableWithColumns<{ name: \"expenses\"; schema: undefined; columns: { id: PgColumn<{ name: \"id\"; tableName: \"expenses\"; dataType: \"number\"; columnType: \"PgSerial\"; data: number; driverParam: number; notNull: true; hasDefault: true; ... 6 more ...; generated: undefined; }, {}, {}>; ... 13 more ...; updatedAt: PgColumn...'. Did you mean 'organizationId'?\nserver/routes/reporting.ts(358,19): error TS2551: Property 'organization_id' does not exist on type 'PgTableWithColumns<{ name: \"expenses\"; schema: undefined; columns: { id: PgColumn<{ name: \"id\"; tableName: \"expenses\"; dataType: \"number\"; columnType: \"PgSerial\"; data: number; driverParam: number; notNull: true; hasDefault: true; ... 6 more ...; generated: undefined; }, {}, {}>; ... 13 more ...; updatedAt: PgColumn...'. Did you mean 'organizationId'?\nserver/routes/reporting.ts(380,19): error TS2551: Property 'organization_id' does not exist on type 'PgTableWithColumns<{ name: \"bookings\"; schema: undefined; columns: { id: PgColumn<{ name: \"id\"; tableName: \"bookings\"; dataType: \"number\"; columnType: \"PgSerial\"; data: number; driverParam: number; notNull: true; hasDefault: true; ... 6 more ...; generated: undefined; }, {}, {}>; ... 19 more ...; updatedAt: PgColumn...'. Did you mean 'organizationId'?\nserver/routes/reporting.ts(416,27): error TS2551: Property 'organization_id' does not exist on type 'PgTableWithColumns<{ name: \"approval_requests\"; schema: undefined; columns: { id: PgColumn<{ name: \"id\"; tableName: \"approval_requests\"; dataType: \"number\"; columnType: \"PgSerial\"; data: number; driverParam: number; notNull: true; ... 7 more ...; generated: undefined; }, {}, {}>; ... 20 more ...; updatedAt: PgColumn...'. Did you mean 'organizationId'?\nserver/routes/reporting.ts(440,19): error TS2551: Property 'organization_id' does not exist on type 'PgTableWithColumns<{ name: \"expenses\"; schema: undefined; columns: { id: PgColumn<{ name: \"id\"; tableName: \"expenses\"; dataType: \"number\"; columnType: \"PgSerial\"; data: number; driverParam: number; notNull: true; hasDefault: true; ... 6 more ...; generated: undefined; }, {}, {}>; ... 13 more ...; updatedAt: PgColumn...'. Did you mean 'organizationId'?\nserver/routes/reporting.ts(449,19): error TS2551: Property 'organization_id' does not exist on type 'PgTableWithColumns<{ name: \"bookings\"; schema: undefined; columns: { id: PgColumn<{ name: \"id\"; tableName: \"bookings\"; dataType: \"number\"; columnType: \"PgSerial\"; data: number; driverParam: number; notNull: true; hasDefault: true; ... 6 more ...; generated: undefined; }, {}, {}>; ... 19 more ...; updatedAt: PgColumn...'. Did you mean 'organizationId'?\nserver/routes/reporting.ts(467,44): error TS2339: Property 'total_budget' does not exist on type 'PgTableWithColumns<{ name: \"trips\"; schema: undefined; columns: { id: PgColumn<{ name: \"id\"; tableName: \"trips\"; dataType: \"number\"; columnType: \"PgSerial\"; data: number; driverParam: number; notNull: true; hasDefault: true; ... 6 more ...; generated: undefined; }, {}, {}>; ... 25 more ...; updated_at: PgColumn<...>...'.\nserver/routes/reporting.ts(530,19): error TS2551: Property 'organization_id' does not exist on type 'PgTableWithColumns<{ name: \"expenses\"; schema: undefined; columns: { id: PgColumn<{ name: \"id\"; tableName: \"expenses\"; dataType: \"number\"; columnType: \"PgSerial\"; data: number; driverParam: number; notNull: true; hasDefault: true; ... 6 more ...; generated: undefined; }, {}, {}>; ... 13 more ...; updatedAt: PgColumn...'. Did you mean 'organizationId'?\nserver/routes/reporting.ts(539,19): error TS2551: Property 'organization_id' does not exist on type 'PgTableWithColumns<{ name: \"expenses\"; schema: undefined; columns: { id: PgColumn<{ name: \"id\"; tableName: \"expenses\"; dataType: \"number\"; columnType: \"PgSerial\"; data: number; driverParam: number; notNull: true; hasDefault: true; ... 6 more ...; generated: undefined; }, {}, {}>; ... 13 more ...; updatedAt: PgColumn...'. Did you mean 'organizationId'?\nserver/routes/reporting.ts(561,27): error TS2551: Property 'organization_id' does not exist on type 'PgTableWithColumns<{ name: \"approval_requests\"; schema: undefined; columns: { id: PgColumn<{ name: \"id\"; tableName: \"approval_requests\"; dataType: \"number\"; columnType: \"PgSerial\"; data: number; driverParam: number; notNull: true; ... 7 more ...; generated: undefined; }, {}, {}>; ... 20 more ...; updatedAt: PgColumn...'. Did you mean 'organizationId'?\nserver/routes/reporting.ts(570,27): error TS2551: Property 'organization_id' does not exist on type 'PgTableWithColumns<{ name: \"approval_requests\"; schema: undefined; columns: { id: PgColumn<{ name: \"id\"; tableName: \"approval_requests\"; dataType: \"number\"; columnType: \"PgSerial\"; data: number; driverParam: number; notNull: true; ... 7 more ...; generated: undefined; }, {}, {}>; ... 20 more ...; updatedAt: PgColumn...'. Did you mean 'organizationId'?\nserver/routes/reporting.ts(597,19): error TS2551: Property 'organization_id' does not exist on type 'PgTableWithColumns<{ name: \"expenses\"; schema: undefined; columns: { id: PgColumn<{ name: \"id\"; tableName: \"expenses\"; dataType: \"number\"; columnType: \"PgSerial\"; data: number; driverParam: number; notNull: true; hasDefault: true; ... 6 more ...; generated: undefined; }, {}, {}>; ... 13 more ...; updatedAt: PgColumn...'. Did you mean 'organizationId'?\nserver/routes/reporting.ts(616,42): error TS6133: 'organizationId' is declared but its value is never read.\nserver/routes/reporting.ts(616,66): error TS6133: 'startDate' is declared but its value is never read.\nserver/routes/reporting.ts(616,83): error TS6133: 'endDate' is declared but its value is never read.\nserver/routes/reporting.ts(647,56): error TS6133: 'startDate' is declared but its value is never read.\nserver/routes/reporting.ts(647,76): error TS6133: 'endDate' is declared but its value is never read.\nserver/routes/reporting.ts(656,59): error TS6133: 'startDate' is declared but its value is never read.\nserver/routes/reporting.ts(656,79): error TS6133: 'endDate' is declared but its value is never read.\nserver/routes/reporting.ts(661,34): error TS2551: Property 'trip_id' does not exist on type 'PgTableWithColumns<{ name: \"expenses\"; schema: undefined; columns: { id: PgColumn<{ name: \"id\"; tableName: \"expenses\"; dataType: \"number\"; columnType: \"PgSerial\"; data: number; driverParam: number; notNull: true; hasDefault: true; ... 6 more ...; generated: undefined; }, {}, {}>; ... 13 more ...; updatedAt: PgColumn...'. Did you mean 'tripId'?\nserver/routes/reporting.ts(662,34): error TS2551: Property 'user_id' does not exist on type 'PgTableWithColumns<{ name: \"expenses\"; schema: undefined; columns: { id: PgColumn<{ name: \"id\"; tableName: \"expenses\"; dataType: \"number\"; columnType: \"PgSerial\"; data: number; driverParam: number; notNull: true; hasDefault: true; ... 6 more ...; generated: undefined; }, {}, {}>; ... 13 more ...; updatedAt: PgColumn...'. Did you mean 'userId'?\nserver/routes/reporting.ts(663,24): error TS2551: Property 'organization_id' does not exist on type 'PgTableWithColumns<{ name: \"expenses\"; schema: undefined; columns: { id: PgColumn<{ name: \"id\"; tableName: \"expenses\"; dataType: \"number\"; columnType: \"PgSerial\"; data: number; driverParam: number; notNull: true; hasDefault: true; ... 6 more ...; generated: undefined; }, {}, {}>; ... 13 more ...; updatedAt: PgColumn...'. Did you mean 'organizationId'?\nserver/routes/reporting.ts(666,59): error TS6133: 'startDate' is declared but its value is never read.\nserver/routes/reporting.ts(666,79): error TS6133: 'endDate' is declared but its value is never read.\nserver/routes/reporting.ts(671,34): error TS2551: Property 'trip_id' does not exist on type 'PgTableWithColumns<{ name: \"bookings\"; schema: undefined; columns: { id: PgColumn<{ name: \"id\"; tableName: \"bookings\"; dataType: \"number\"; columnType: \"PgSerial\"; data: number; driverParam: number; notNull: true; hasDefault: true; ... 6 more ...; generated: undefined; }, {}, {}>; ... 19 more ...; updatedAt: PgColumn...'. Did you mean 'tripId'?\nserver/routes/reporting.ts(672,34): error TS2551: Property 'user_id' does not exist on type 'PgTableWithColumns<{ name: \"bookings\"; schema: undefined; columns: { id: PgColumn<{ name: \"id\"; tableName: \"bookings\"; dataType: \"number\"; columnType: \"PgSerial\"; data: number; driverParam: number; notNull: true; hasDefault: true; ... 6 more ...; generated: undefined; }, {}, {}>; ... 19 more ...; updatedAt: PgColumn...'. Did you mean 'userId'?\nserver/routes/reporting.ts(673,24): error TS2551: Property 'organization_id' does not exist on type 'PgTableWithColumns<{ name: \"bookings\"; schema: undefined; columns: { id: PgColumn<{ name: \"id\"; tableName: \"bookings\"; dataType: \"number\"; columnType: \"PgSerial\"; data: number; driverParam: number; notNull: true; hasDefault: true; ... 6 more ...; generated: undefined; }, {}, {}>; ... 19 more ...; updatedAt: PgColumn...'. Did you mean 'organizationId'?\nserver/routes/reporting.ts(676,61): error TS6133: 'startDate' is declared but its value is never read.\nserver/routes/reporting.ts(676,81): error TS6133: 'endDate' is declared but its value is never read.\nserver/routes/reporting.ts(682,32): error TS2551: Property 'organization_id' does not exist on type 'PgTableWithColumns<{ name: \"approval_requests\"; schema: undefined; columns: { id: PgColumn<{ name: \"id\"; tableName: \"approval_requests\"; dataType: \"number\"; columnType: \"PgSerial\"; data: number; driverParam: number; notNull: true; ... 7 more ...; generated: undefined; }, {}, {}>; ... 20 more ...; updatedAt: PgColumn...'. Did you mean 'organizationId'?\nserver/routes/reporting.ts(698,34): error TS6133: 'organizationId' is declared but its value is never read.\nserver/routes/trips.ts(10,1): error TS6133: 'db' is declared but its value is never read.\nserver/routes/trips.ts(11,1): error TS6192: All imports in import declaration are unused.\nserver/routes/trips.ts(12,1): error TS6192: All imports in import declaration are unused.\nserver/routes/v1/index.ts(12,11): error TS6133: 'req' is declared but its value is never read.\nserver/routes/v1/index.ts(36,30): error TS6133: 'req' is declared but its value is never read.\nserver/routes/v1/index.ts(50,23): error TS6133: 'req' is declared but its value is never read.\nserver/services/performanceOptimizer.ts(55,13): error TS6133: 'req' is declared but its value is never read.\nserver/services/performanceOptimizer.ts(55,27): error TS6133: 'res' is declared but its value is never read.\nserver/smartOptimizer.ts(2,1): error TS6133: 'detectTripConflicts' is declared but its value is never read.\nserver/smartOptimizer.ts(109,15): error TS6133: 'day' is declared but its value is never read.\nserver/smartOptimizer.ts(322,32): error TS6133: 'original' is declared but its value is never read.\nserver/smartOptimizer.ts(322,54): error TS6133: 'optimized' is declared but its value is never read.\nserver/smartOptimizer.ts(331,34): error TS6133: 'activities' is declared but its value is never read.\nserver/smartOptimizer.ts(390,45): error TS6133: 'activity' is declared but its value is never read.\nserver/sslManager.ts(89,17): error TS6133: 'extractTextFromResponse' is declared but its value is never read.\nserver/sslManager.ts(261,11): error TS6133: 'keyObject' is declared but its value is never read.\nserver/sslManager.ts(282,33): error TS6133: 'certificate' is declared but its value is never read.\nserver/sslManager.ts(293,60): error TS6133: 'privateKey' is declared but its value is never read.\nserver/ssoProvider.ts(3,17): error TS6133: 'organizations' is declared but its value is never read.\nserver/ssoProvider.ts(58,51): error TS6133: 'relayState' is declared but its value is never read.\nserver/ssoProvider.ts(155,11): error TS2353: Object literal may only specify known properties, and 'sso_provider' does not exist in type '{ email?: string | SQL<unknown> | PgColumn<ColumnBaseConfig<ColumnDataType, string>, {}, {}> | undefined; username?: string | SQL<unknown> | PgColumn<...> | undefined; ... 12 more ...; use_case?: string | ... 3 more ... | undefined; }'.\nserver/ssoProvider.ts(177,10): error TS2769: No overload matches this call.\n  Overload 1 of 2, '(value: { email: string | SQL<unknown> | Placeholder<string, any>; username: string | SQL<unknown> | Placeholder<string, any>; auth_id: string | SQL<unknown> | Placeholder<...>; ... 11 more ...; use_case?: string | ... 3 more ... | undefined; }): PgInsertBase<...>', gave the following error.\n    Object literal may only specify known properties, and 'sso_provider' does not exist in type '{ email: string | SQL<unknown> | Placeholder<string, any>; username: string | SQL<unknown> | Placeholder<string, any>; auth_id: string | SQL<unknown> | Placeholder<...>; ... 11 more ...; use_case?: string | ... 3 more ... | undefined; }'.\n  Overload 2 of 2, '(values: { email: string | SQL<unknown> | Placeholder<string, any>; username: string | SQL<unknown> | Placeholder<string, any>; auth_id: string | SQL<unknown> | Placeholder<...>; ... 11 more ...; use_case?: string | ... 3 more ... | undefined; }[]): PgInsertBase<...>', gave the following error.\n    Object literal may only specify known properties, and 'email' does not exist in type '{ email: string | SQL<unknown> | Placeholder<string, any>; username: string | SQL<unknown> | Placeholder<string, any>; auth_id: string | SQL<unknown> | Placeholder<...>; ... 11 more ...; use_case?: string | ... 3 more ... | undefined; }[]'.\nserver/ssoProvider.ts(242,29): error TS6133: 'samlResponse' is declared but its value is never read.\nserver/ssoProvider.ts(256,45): error TS6133: 'entityId' is declared but its value is never read.\nserver/ssoProvider.ts(267,35): error TS6133: 'code' is declared but its value is never read.\nserver/ssoProvider.ts(267,49): error TS6133: 'state' is declared but its value is never read.\nserver/ssoProvider.ts(272,34): error TS6133: 'accessToken' is declared but its value is never read.\nserver/ssoProvider.ts(294,49): error TS2551: Property 'organization_id' does not exist on type 'SSOConfig'. Did you mean 'organizationId'?\nserver/ssoProvider.ts(315,30): error TS2551: Property 'organization_id' does not exist on type 'SSOConfig'. Did you mean 'organizationId'?\nserver/ssoProvider.ts(339,48): error TS2551: Property 'organization_id' does not exist on type '{ organizationId: string; }'. Did you mean 'organizationId'?\nserver/ssoProvider.ts(353,48): error TS2551: Property 'organization_id' does not exist on type '{ organizationId: string; }'. Did you mean 'organizationId'?\nserver/ssoProvider.ts(367,11): error TS6133: 'organizationId' is declared but its value is never read.\nserver/ssoProvider.ts(367,48): error TS2551: Property 'organization_id' does not exist on type '{ organizationId: string; }'. Did you mean 'organizationId'?\nserver/ssoProvider.ts(377,77): error TS2551: Property 'organization_id' does not exist on type '{ user: SSOUser; organizationId: number; }'. Did you mean 'organizationId'?\nserver/ssoProvider.ts(380,17): error TS2339: Property 'user_id' does not exist on type 'Session & Partial<SessionData>'.\nserver/ssoProvider.ts(381,17): error TS2339: Property 'organization_id' does not exist on type 'Session & Partial<SessionData>'.\nserver/ssoProvider.ts(403,77): error TS2551: Property 'organization_id' does not exist on type '{ user: SSOUser; organizationId: number; }'. Did you mean 'organizationId'?\nserver/ssoProvider.ts(406,17): error TS2339: Property 'user_id' does not exist on type 'Session & Partial<SessionData>'.\nserver/ssoProvider.ts(407,17): error TS2339: Property 'organization_id' does not exist on type 'Session & Partial<SessionData>'.\nserver/storage.ts(10,3): error TS6133: 'transformTripToFrontend' is declared but its value is never read.\nserver/storage.ts(10,28): error TS6133: 'transformActivityToFrontend' is declared but its value is never read.\nserver/storage.ts(13,19): error TS6133: 'desc' is declared but its value is never read.\nserver/storage.ts(78,14): error TS2420: Class 'MemStorage' incorrectly implements interface 'IStorage'.\n  Type 'MemStorage' is missing the following properties from type 'IStorage': getTripTravelers, addTripTraveler, updateTripTraveler, removeTripTraveler\nserver/storage.ts(464,14): error TS2420: Class 'DatabaseStorage' incorrectly implements interface 'IStorage'.\n  Type 'DatabaseStorage' is missing the following properties from type 'IStorage': getTripTravelers, addTripTraveler, updateTripTraveler, removeTripTraveler\nserver/storage.ts(892,17): error TS6133: 'initializeTestData' is declared but its value is never read.\nserver/storage.ts(917,11): error TS6133: 'userPromise' is declared but its value is never read.\nserver/storage.ts(1001,12): error TS18047: 'result.rowCount' is possibly 'null'.\nserver/utils/errorHandler.ts(103,66): error TS6133: 'next' is declared but its value is never read.\nserver/utils/pdfHelper.ts(217,56): error TS2551: Property 'startDate' does not exist on type '{ id: number; title: string; organization_id: number | null; created_at: Date | null; updated_at: Date | null; completed: boolean | null; start_date: Date; end_date: Date; ... 18 more ...; budget: number | null; }'. Did you mean 'start_date'?\nserver/utils/pdfHelper.ts(217,77): error TS2551: Property 'endDate' does not exist on type '{ id: number; title: string; organization_id: number | null; created_at: Date | null; updated_at: Date | null; completed: boolean | null; start_date: Date; end_date: Date; ... 18 more ...; budget: number | null; }'. Did you mean 'end_date'?\nserver/utils/pdfHelper.ts(218,52): error TS2551: Property 'tripType' does not exist on type '{ id: number; title: string; organization_id: number | null; created_at: Date | null; updated_at: Date | null; completed: boolean | null; start_date: Date; end_date: Date; ... 18 more ...; budget: number | null; }'. Did you mean 'trip_type'?\nserver/utils/pdfHelper.ts(236,36): error TS2551: Property 'locationName' does not exist on type '{ id: number; time: string; title: string; order: number; date: Date; trip_id: number; organization_id: number | null; location_name: string; latitude: string | null; longitude: string | null; ... 4 more ...; completed: boolean | null; }'. Did you mean 'location_name'?\nserver/utils/pdfHelper.ts(236,97): error TS2551: Property 'locationName' does not exist on type '{ id: number; time: string; title: string; order: number; date: Date; trip_id: number; organization_id: number | null; location_name: string; latitude: string | null; longitude: string | null; ... 4 more ...; completed: boolean | null; }'. Did you mean 'location_name'?\nserver/vite.ts(43,5): error TS2322: Type '{ middlewareMode: boolean; hmr: { server: Server<typeof IncomingMessage, typeof ServerResponse>; }; allowedHosts: boolean; }' is not assignable to type 'ServerOptions'.\n  Types of property 'allowedHosts' are incompatible.\n    Type 'boolean' is not assignable to type 'true | string[] | undefined'.\nserver/weather.ts(109,60): error TS6133: 'dates' is declared but its value is never read.\nserver/websocket.ts(4,17): error TS2307: Cannot find module 'jsonwebtoken' or its corresponding type declarations.\nserver/websocket.ts(47,10): error TS2551: Property 'user_id' does not exist on type 'AuthenticatedWebSocket'. Did you mean 'userId'?\nserver/websocket.ts(48,10): error TS2551: Property 'organization_id' does not exist on type 'AuthenticatedWebSocket'. Did you mean 'organizationId'?\nserver/websocket.ts(50,51): error TS2551: Property 'user_id' does not exist on type 'AuthenticatedWebSocket'. Did you mean 'userId'?\nserver/websocket.ts(50,74): error TS2551: Property 'organization_id' does not exist on type 'AuthenticatedWebSocket'. Did you mean 'organizationId'?\nserver/websocket.ts(52,57): error TS2345: Argument of type 'RawData' is not assignable to parameter of type 'Buffer'.\n  Type 'ArrayBuffer' is missing the following properties from type 'Buffer': subarray, write, toJSON, equals, and 94 more.\nserver/websocket.ts(59,20): error TS2551: Property 'user_id' does not exist on type 'AuthenticatedWebSocket'. Did you mean 'userId'?\nserver/websocket.ts(60,28): error TS2551: Property 'organization_id' does not exist on type 'AuthenticatedWebSocket'. Did you mean 'organizationId'?\nserver/websocket.ts(75,43): error TS2551: Property 'trip_id' does not exist on type 'WebSocketMessage'. Did you mean 'tripId'?\nserver/websocket.ts(78,44): error TS2551: Property 'trip_id' does not exist on type 'WebSocketMessage'. Did you mean 'tripId'?\nserver/websocket.ts(81,40): error TS2551: Property 'trip_id' does not exist on type 'WebSocketMessage'. Did you mean 'tripId'?\nserver/websocket.ts(83,24): error TS2551: Property 'user_id' does not exist on type 'AuthenticatedWebSocket'. Did you mean 'userId'?\nserver/websocket.ts(88,40): error TS2551: Property 'trip_id' does not exist on type 'WebSocketMessage'. Did you mean 'tripId'?\nserver/websocket.ts(90,24): error TS2551: Property 'user_id' does not exist on type 'AuthenticatedWebSocket'. Did you mean 'userId'?\nserver/websocket.ts(95,40): error TS2551: Property 'trip_id' does not exist on type 'WebSocketMessage'. Did you mean 'tripId'?\nserver/websocket.ts(97,24): error TS2551: Property 'user_id' does not exist on type 'AuthenticatedWebSocket'. Did you mean 'userId'?\nserver/websocket.ts(102,47): error TS2551: Property 'trip_id' does not exist on type 'WebSocketMessage'. Did you mean 'tripId'?\nserver/websocket.ts(116,8): error TS2551: Property 'trip_id' does not exist on type 'AuthenticatedWebSocket'. Did you mean 'tripId'?\nserver/websocket.ts(119,30): error TS2551: Property 'user_id' does not exist on type 'AuthenticatedWebSocket'. Did you mean 'userId'?\nserver/websocket.ts(120,18): error TS2551: Property 'user_id' does not exist on type 'AuthenticatedWebSocket'. Did you mean 'userId'?\nserver/websocket.ts(127,18): error TS2551: Property 'user_id' does not exist on type 'AuthenticatedWebSocket'. Did you mean 'userId'?\nserver/websocket.ts(128,26): error TS2551: Property 'organization_id' does not exist on type 'AuthenticatedWebSocket'. Did you mean 'organizationId'?\nserver/websocket.ts(131,28): error TS2551: Property 'user_id' does not exist on type 'AuthenticatedWebSocket'. Did you mean 'userId'?\nserver/websocket.ts(146,18): error TS2551: Property 'user_id' does not exist on type 'AuthenticatedWebSocket'. Did you mean 'userId'?\nserver/websocket.ts(149,8): error TS2551: Property 'trip_id' does not exist on type 'AuthenticatedWebSocket'. Did you mean 'tripId'?\nserver/websocket.ts(150,28): error TS2551: Property 'user_id' does not exist on type 'AuthenticatedWebSocket'. Did you mean 'userId'?\nserver/websocket.ts(154,12): error TS2551: Property 'trip_id' does not exist on type 'AuthenticatedWebSocket'. Did you mean 'tripId'?\nserver/websocket.ts(155,35): error TS2551: Property 'trip_id' does not exist on type 'AuthenticatedWebSocket'. Did you mean 'tripId'?\nserver/websocket.ts(158,12): error TS2551: Property 'user_id' does not exist on type 'AuthenticatedWebSocket'. Did you mean 'userId'?\nserver/websocket.ts(159,35): error TS2551: Property 'user_id' does not exist on type 'AuthenticatedWebSocket'. Did you mean 'userId'?\nserver/websocket.ts(162,28): error TS2551: Property 'user_id' does not exist on type 'AuthenticatedWebSocket'. Did you mean 'userId'?\nserver/websocket.ts(166,30): error TS2551: Property 'user_id' does not exist on type 'AuthenticatedWebSocket'. Did you mean 'userId'?\nserver/websocket.ts(167,18): error TS2551: Property 'user_id' does not exist on type 'AuthenticatedWebSocket'. Did you mean 'userId'?\nserver/websocket.ts(174,18): error TS2551: Property 'user_id' does not exist on type 'AuthenticatedWebSocket'. Did you mean 'userId'?\nserver/websocket.ts(188,21): error TS2551: Property 'organization_id' does not exist on type 'AuthenticatedWebSocket'. Did you mean 'organizationId'?\nserver/websocket.ts(188,47): error TS2551: Property 'organization_id' does not exist on type 'AuthenticatedWebSocket'. Did you mean 'organizationId'?\nserver/websocket.ts(188,74): error TS2551: Property 'organization_id' does not exist on type 'AuthenticatedWebSocket'. Did you mean 'organizationId'?\nserver/websocket.ts(242,29): error TS2551: Property 'user_id' does not exist on type 'AuthenticatedWebSocket'. Did you mean 'userId'?\n"
  },
  "build": {
    "status": "passed"
  },
  "routes": {
    "status": "passed"
  }
}